#
# There is insufficient memory for the Java Runtime Environment to continue.
# Native memory allocation (malloc) failed to allocate 152896 bytes for Chunk::new
# Possible reasons:
#   The system is out of physical RAM or swap space
#   The process is running with CompressedOops enabled, and the Java Heap may be blocking the growth of the native heap
# Possible solutions:
#   Reduce memory load on the system
#   Increase physical memory or swap space
#   Check if swap backing store is full
#   Decrease Java heap size (-Xmx/-Xms)
#   Decrease number of Java threads
#   Decrease Java thread stack sizes (-Xss)
#   Set larger code cache with -XX:ReservedCodeCacheSize=
#   JVM is running with Unscaled Compressed Oops mode in which the Java heap is
#     placed in the first 4GB address space. The Java Heap base address is the
#     maximum limit for the native heap growth. Please use -XX:HeapBaseMinAddress
#     to set the Java Heap base and to place the Java Heap above 4GB virtual address.
# This output file may be truncated or incomplete.
#
#  Out of Memory Error (arena.cpp:184), pid=12556, tid=15568
#
# JRE version: Java(TM) SE Runtime Environment (18.0+36) (build 18+36-2087)
# Java VM: Java HotSpot(TM) 64-Bit Server VM (18+36-2087, mixed mode, sharing, tiered, compressed oops, compressed class ptrs, parallel gc, windows-amd64)
# No core dump will be written. Minidumps are not enabled by default on client versions of Windows
#

---------------  S U M M A R Y ------------

Command Line: --add-modules=ALL-SYSTEM --add-opens=java.base/java.util=ALL-UNNAMED --add-opens=java.base/java.lang=ALL-UNNAMED --add-opens=java.base/sun.nio.fs=ALL-UNNAMED -Declipse.application=org.eclipse.jdt.ls.core.id1 -Dosgi.bundles.defaultStartLevel=4 -Declipse.product=org.eclipse.jdt.ls.core.product -Djava.import.generatesMetadataFilesAtProjectRoot=false -DDetectVMInstallationsJob.disabled=true -Dfile.encoding=utf8 -XX:+UseParallelGC -XX:GCTimeRatio=4 -XX:AdaptiveSizePolicyWeight=90 -Dsun.zip.disableMemoryMapping=true -Xmx1G -Xms100m -Xlog:disable -javaagent:d:\Document\.vscode\extensions\redhat.java-1.29.0-win32-x64\lombok\lombok-1.18.32.jar -XX:+HeapDumpOnOutOfMemoryError -XX:HeapDumpPath=d:\AppData\Roaming\Code\User\workspaceStorage\8e2a7522834f231f8b84a8a235c14d5c\redhat.java -Daether.dependencyCollector.impl=bf d:\Document\.vscode\extensions\redhat.java-1.29.0-win32-x64\server\plugins\org.eclipse.equinox.launcher_1.6.800.v20240304-1850.jar -configuration d:\AppData\Roaming\Code\User\globalStorage\redhat.java\1.29.0\config_win -data d:\AppData\Roaming\Code\User\workspaceStorage\8e2a7522834f231f8b84a8a235c14d5c\redhat.java\jdt_ws --stdio

Host: Intel(R) Core(TM) i5-8400 CPU @ 2.80GHz, 6 cores, 15G,  Windows 10 , 64 bit Build 19041 (10.0.19041.3636)
Time: Thu Apr 25 03:28:19 2024 Jerusalem Daylight Time elapsed time: 0.406655 seconds (0d 0h 0m 0s)

---------------  T H R E A D  ---------------

Current thread (0x00000195c0da5070):  JavaThread "C2 CompilerThread0" daemon [_thread_in_native, id=15568, stack(0x00000021b2900000,0x00000021b2a00000)]


Current CompileTask:
C2:    406  590       4       lombok.patcher.PatchScript::classMatches (41 bytes)

Stack: [0x00000021b2900000,0x00000021b2a00000]
Native frames: (J=compiled Java code, j=interpreted, Vv=VM code, C=native code)
V  [jvm.dll+0x69804a]
V  [jvm.dll+0x7f308d]
V  [jvm.dll+0x7f499e]
V  [jvm.dll+0x7f5053]
V  [jvm.dll+0x25ca3f]
V  [jvm.dll+0xb8c2f]
V  [jvm.dll+0xb8fa5]
V  [jvm.dll+0x2c794f]
V  [jvm.dll+0x59fdb0]
V  [jvm.dll+0x237f1e]
V  [jvm.dll+0x231764]
V  [jvm.dll+0x22eeeb]
V  [jvm.dll+0x1b9cfc]
V  [jvm.dll+0x23e8ca]
V  [jvm.dll+0x23cbac]
V  [jvm.dll+0x7a5781]
V  [jvm.dll+0x79fbba]
V  [jvm.dll+0x696ef5]
C  [ucrtbase.dll+0x21bb2]
C  [KERNEL32.DLL+0x17344]
C  [ntdll.dll+0x526b1]


---------------  P R O C E S S  ---------------

Threads class SMR info:
_java_thread_list=0x00000195c6a00a40, length=13, elements={
0x00000195a82e23e0, 0x00000195c0d87530, 0x00000195c0d88b10, 0x00000195c0d9ece0,
0x00000195c0da1a60, 0x00000195c0da27d0, 0x00000195c0da4290, 0x00000195c0da5070,
0x00000195c0db1d10, 0x00000195c0df3360, 0x00000195c689f3f0, 0x00000195c6a01a60,
0x00000195c6a002b0
}

Java Threads: ( => current thread )
  0x00000195a82e23e0 JavaThread "main" [_thread_in_vm, id=22348, stack(0x00000021b2000000,0x00000021b2100000)]
  0x00000195c0d87530 JavaThread "Reference Handler" daemon [_thread_blocked, id=23224, stack(0x00000021b2300000,0x00000021b2400000)]
  0x00000195c0d88b10 JavaThread "Finalizer" daemon [_thread_blocked, id=22852, stack(0x00000021b2400000,0x00000021b2500000)]
  0x00000195c0d9ece0 JavaThread "Signal Dispatcher" daemon [_thread_blocked, id=6912, stack(0x00000021b2500000,0x00000021b2600000)]
  0x00000195c0da1a60 JavaThread "Attach Listener" daemon [_thread_blocked, id=7812, stack(0x00000021b2600000,0x00000021b2700000)]
  0x00000195c0da27d0 JavaThread "Service Thread" daemon [_thread_blocked, id=14952, stack(0x00000021b2700000,0x00000021b2800000)]
  0x00000195c0da4290 JavaThread "Monitor Deflation Thread" daemon [_thread_blocked, id=3032, stack(0x00000021b2800000,0x00000021b2900000)]
=>0x00000195c0da5070 JavaThread "C2 CompilerThread0" daemon [_thread_in_native, id=15568, stack(0x00000021b2900000,0x00000021b2a00000)]
  0x00000195c0db1d10 JavaThread "C1 CompilerThread0" daemon [_thread_blocked, id=9204, stack(0x00000021b2a00000,0x00000021b2b00000)]
  0x00000195c0df3360 JavaThread "Sweeper thread" daemon [_thread_blocked, id=23068, stack(0x00000021b2b00000,0x00000021b2c00000)]
  0x00000195c689f3f0 JavaThread "Common-Cleaner" daemon [_thread_blocked, id=22156, stack(0x00000021b2c00000,0x00000021b2d00000)]
  0x00000195c6a01a60 JavaThread "Notification Thread" daemon [_thread_blocked, id=1184, stack(0x00000021b2d00000,0x00000021b2e00000)]
  0x00000195c6a002b0 JavaThread "C2 CompilerThread1" daemon [_thread_in_native, id=15720, stack(0x00000021b2f00000,0x00000021b3000000)]

Other Threads:
  0x00000195c0d82670 VMThread "VM Thread" [stack: 0x00000021b2200000,0x00000021b2300000] [id=19820]
  0x00000195c6ac8380 WatcherThread "VM Periodic Task Thread" [stack: 0x00000021b2e00000,0x00000021b2f00000] [id=7200]
  0x00000195a8300440 WorkerThread "GC Thread#0" [stack: 0x00000021b2100000,0x00000021b2200000] [id=15804]

Threads with active compile tasks:
C2 CompilerThread0      450  590       4       lombok.patcher.PatchScript::classMatches (41 bytes)
C2 CompilerThread1      450  713       4       lombok.patcher.scripts.MethodLevelPatchScript::patch (21 bytes)

VM state: not at safepoint (normal execution)

VM Mutex/Monitor currently owned by a thread:  ([mutex/lock_event])
[0x00000195a82df470] Metaspace_lock - owner thread: 0x00000195a82e23e0

Heap address: 0x00000000c0000000, size: 1024 MB, Compressed Oops mode: 32-bit

CDS archive(s) mapped at: [0x0000000800000000-0x0000000800ba0000-0x0000000800ba0000), size 12189696, SharedBaseAddress: 0x0000000800000000, ArchiveRelocationMode: 0.
Compressed class space mapped at: 0x0000000800c00000-0x0000000840c00000, reserved size: 1073741824
Narrow klass base: 0x0000000800000000, Narrow klass shift: 0, Narrow klass range: 0x100000000

GC Precious Log:
 CardTable entry size: 512
 CPUs: 6 total, 6 available
 Memory: 16283M
 Large Page Support: Disabled
 NUMA Support: Disabled
 Compressed Oops: Enabled (32-bit)
 Alignments: Space 512K, Generation 512K, Heap 2M
 Heap Min Capacity: 100M
 Heap Initial Capacity: 100M
 Heap Max Capacity: 1G
 Pre-touch: Disabled
 Parallel Workers: 6

Heap:
 PSYoungGen      total 29696K, used 14531K [0x00000000eab00000, 0x00000000ecc00000, 0x0000000100000000)
  eden space 25600K, 56% used [0x00000000eab00000,0x00000000eb930f00,0x00000000ec400000)
  from space 4096K, 0% used [0x00000000ec800000,0x00000000ec800000,0x00000000ecc00000)
  to   space 4096K, 0% used [0x00000000ec400000,0x00000000ec400000,0x00000000ec800000)
 ParOldGen       total 68608K, used 0K [0x00000000c0000000, 0x00000000c4300000, 0x00000000eab00000)
  object space 68608K, 0% used [0x00000000c0000000,0x00000000c0000000,0x00000000c4300000)
 Metaspace       used 2658K, committed 2816K, reserved 1114112K
  class space    used 239K, committed 320K, reserved 1048576K

Card table byte_map: [0x00000195a7c80000,0x00000195a7e90000] _byte_map_base: 0x00000195a7680000

Marking Bits: (ParMarkBitMap*) 0x00007ffac653fac0
 Begin Bits: [0x00000195bec00000, 0x00000195bfc00000)
 End Bits:   [0x00000195bfc00000, 0x00000195c0c00000)

Polling page: 0x00000195a6290000

Metaspace:

Usage:
  Non-class:      2.36 MB used.
      Class:    239.30 KB used.
       Both:      2.60 MB used.

Virtual space:
  Non-class space:       64.00 MB reserved,       2.44 MB (  4%) committed,  1 nodes.
      Class space:        1.00 GB reserved,     320.00 KB ( <1%) committed,  1 nodes.
             Both:        1.06 GB reserved,       2.75 MB ( <1%) committed. 

Chunk freelists:
   Non-Class:  3.65 MB
       Class:  3.67 MB
        Both:  7.32 MB

MaxMetaspaceSize: unlimited
CompressedClassSpaceSize: 1.00 GB
Initial GC threshold: 21.00 MB
Current GC threshold: 21.00 MB
CDS: on
MetaspaceReclaimPolicy: balanced
 - commit_granule_bytes: 65536.
 - commit_granule_words: 8192.
 - virtual_space_node_default_size: 8388608.
 - enlarge_chunks_in_place: 1.
 - new_chunks_are_fully_committed: 0.
 - uncommit_free_chunks: 1.
 - use_allocation_guard: 0.


Internal statistics:

num_allocs_failed_limit: 0.
num_arena_births: 80.
num_arena_deaths: 0.
num_vsnodes_births: 2.
num_vsnodes_deaths: 0.
num_space_committed: 44.
num_space_uncommitted: 0.
num_chunks_returned_to_freelist: 0.
num_chunks_taken_from_freelist: 102.
num_chunk_merges: 0.
num_chunk_splits: 69.
num_chunks_enlarged: 45.
num_inconsistent_stats: 0.

CodeHeap 'non-profiled nmethods': size=120000Kb used=230Kb max_used=230Kb free=119769Kb
 bounds [0x00000195b76d0000, 0x00000195b7940000, 0x00000195bec00000]
CodeHeap 'profiled nmethods': size=120000Kb used=1172Kb max_used=1172Kb free=118828Kb
 bounds [0x00000195b01a0000, 0x00000195b0410000, 0x00000195b76d0000]
CodeHeap 'non-nmethods': size=5760Kb used=1139Kb max_used=1155Kb free=4620Kb
 bounds [0x00000195afc00000, 0x00000195afe70000, 0x00000195b01a0000]
 total_blobs=1127 nmethods=713 adapters=329
 compilation: enabled
              stopped_count=0, restarted_count=0
 full_count=0

Compilation events (20 events):
Event: 0.402 Thread 0x00000195c0db1d10 nmethod 601 0x00000195b027ea90 code [0x00000195b027ec40, 0x00000195b027ee08]
Event: 0.402 Thread 0x00000195c0db1d10  602       3       java.util.LinkedHashMap::linkNodeLast (33 bytes)
Event: 0.402 Thread 0x00000195c0db1d10 nmethod 602 0x00000195b027ef10 code [0x00000195b027f0c0, 0x00000195b027f2b8]
Event: 0.402 Thread 0x00000195c0db1d10  604  s    3       java.io.ByteArrayOutputStream::write (32 bytes)
Event: 0.402 Thread 0x00000195c0db1d10 nmethod 604 0x00000195b027f390 code [0x00000195b027f540, 0x00000195b027f788]
Event: 0.402 Thread 0x00000195c0db1d10  605       3       java.math.BigInteger::trustedStripLeadingZeroInts (37 bytes)
Event: 0.402 Thread 0x00000195c0db1d10 nmethod 605 0x00000195b027f890 code [0x00000195b027fa40, 0x00000195b027fca8]
Event: 0.402 Thread 0x00000195c0db1d10  606       1       java.math.BigInteger::signum (5 bytes)
Event: 0.402 Thread 0x00000195c0db1d10 nmethod 606 0x00000195b7701690 code [0x00000195b7701820, 0x00000195b77018f8]
Event: 0.402 Thread 0x00000195c0db1d10  608   !   3       sun.instrument.TransformerManager::transform (100 bytes)
Event: 0.403 Thread 0x00000195c0db1d10 nmethod 608 0x00000195b027fd90 code [0x00000195b027ff60, 0x00000195b0280408]
Event: 0.403 Thread 0x00000195c0db1d10  607       3       sun.instrument.InstrumentationImpl::transform (73 bytes)
Event: 0.403 Thread 0x00000195c0db1d10 nmethod 607 0x00000195b0280690 code [0x00000195b0280860, 0x00000195b0280c08]
Event: 0.403 Thread 0x00000195c0db1d10  609       3       lombok.eclipse.agent.EclipsePatcher$1::shouldTransform (93 bytes)
Event: 0.403 Thread 0x00000195c0db1d10 nmethod 609 0x00000195b0280d90 code [0x00000195b0281040, 0x00000195b0281ce8]
Event: 0.404 Thread 0x00000195c0db1d10  610       3       java.util.regex.Pattern::isSupplementary (21 bytes)
Event: 0.404 Thread 0x00000195c0db1d10 nmethod 610 0x00000195b0282110 code [0x00000195b02822c0, 0x00000195b0282538]
Event: 0.404 Thread 0x00000195c0db1d10  611       3       java.lang.Character::isSurrogate (18 bytes)
Event: 0.404 Thread 0x00000195c0db1d10 nmethod 611 0x00000195b0282610 code [0x00000195b02827a0, 0x00000195b0282938]
Event: 0.404 Thread 0x00000195c0db1d10  612       3       java.lang.invoke.MethodHandles$Lookup::lookupClassOrNull (17 bytes)

GC Heap History (0 events):
No events

Deoptimization events (20 events):
Event: 0.181 Thread 0x00000195a82e23e0 DEOPT PACKING pc=0x00000195b01cd4e7 sp=0x00000021b20f8470
Event: 0.182 Thread 0x00000195a82e23e0 DEOPT UNPACKING pc=0x00000195afc52843 sp=0x00000021b20f7890 mode 0
Event: 0.309 Thread 0x00000195a82e23e0 Uncommon trap: trap_request=0xffffff45 fr.pc=0x00000195b76dd348 relative=0x0000000000000628
Event: 0.309 Thread 0x00000195a82e23e0 Uncommon trap: reason=unstable_if action=reinterpret pc=0x00000195b76dd348 method=java.util.HashMap.putVal(ILjava/lang/Object;Ljava/lang/Object;ZZ)Ljava/lang/Object; @ 69 c2
Event: 0.309 Thread 0x00000195a82e23e0 DEOPT PACKING pc=0x00000195b76dd348 sp=0x00000021b20fdec0
Event: 0.309 Thread 0x00000195a82e23e0 DEOPT UNPACKING pc=0x00000195afc520a3 sp=0x00000021b20fde40 mode 2
Event: 0.316 Thread 0x00000195a82e23e0 DEOPT PACKING pc=0x00000195b01de73d sp=0x00000021b20fbcb0
Event: 0.316 Thread 0x00000195a82e23e0 DEOPT UNPACKING pc=0x00000195afc52843 sp=0x00000021b20fb170 mode 0
Event: 0.321 Thread 0x00000195a82e23e0 DEOPT PACKING pc=0x00000195b01de73d sp=0x00000021b20fe2d0
Event: 0.321 Thread 0x00000195a82e23e0 DEOPT UNPACKING pc=0x00000195afc52843 sp=0x00000021b20fd790 mode 0
Event: 0.324 Thread 0x00000195a82e23e0 DEOPT PACKING pc=0x00000195b01de73d sp=0x00000021b20fc730
Event: 0.324 Thread 0x00000195a82e23e0 DEOPT UNPACKING pc=0x00000195afc52843 sp=0x00000021b20fbbf0 mode 0
Event: 0.327 Thread 0x00000195a82e23e0 DEOPT PACKING pc=0x00000195b01de73d sp=0x00000021b20facc0
Event: 0.327 Thread 0x00000195a82e23e0 DEOPT UNPACKING pc=0x00000195afc52843 sp=0x00000021b20fa180 mode 0
Event: 0.328 Thread 0x00000195a82e23e0 DEOPT PACKING pc=0x00000195b01de73d sp=0x00000021b20fa560
Event: 0.328 Thread 0x00000195a82e23e0 DEOPT UNPACKING pc=0x00000195afc52843 sp=0x00000021b20f9a20 mode 0
Event: 0.388 Thread 0x00000195a82e23e0 Uncommon trap: trap_request=0xffffff45 fr.pc=0x00000195b76eee44 relative=0x00000000000000c4
Event: 0.388 Thread 0x00000195a82e23e0 Uncommon trap: reason=unstable_if action=reinterpret pc=0x00000195b76eee44 method=java.net.URI.match(CJJ)Z @ 45 c2
Event: 0.388 Thread 0x00000195a82e23e0 DEOPT PACKING pc=0x00000195b76eee44 sp=0x00000021b20fcd60
Event: 0.388 Thread 0x00000195a82e23e0 DEOPT UNPACKING pc=0x00000195afc520a3 sp=0x00000021b20fcce8 mode 2

Classes loaded (20 events):
Event: 0.396 Loading class sun/security/util/NamedCurve
Event: 0.396 Loading class java/security/spec/ECParameterSpec
Event: 0.396 Loading class java/security/spec/ECParameterSpec done
Event: 0.396 Loading class sun/security/util/NamedCurve done
Event: 0.399 Loading class java/security/spec/ECFieldF2m
Event: 0.399 Loading class java/security/spec/ECFieldF2m done
Event: 0.402 Loading class java/util/LinkedHashMap$LinkedValues
Event: 0.402 Loading class java/util/LinkedHashMap$LinkedValues done
Event: 0.402 Loading class sun/security/util/DisabledAlgorithmConstraints$KeySizeConstraint
Event: 0.402 Loading class sun/security/util/DisabledAlgorithmConstraints$Constraint
Event: 0.402 Loading class sun/security/util/DisabledAlgorithmConstraints$Constraint done
Event: 0.402 Loading class sun/security/util/DisabledAlgorithmConstraints$KeySizeConstraint done
Event: 0.403 Loading class sun/security/util/DisabledAlgorithmConstraints$Constraint$Operator
Event: 0.403 Loading class sun/security/util/DisabledAlgorithmConstraints$Constraint$Operator done
Event: 0.403 Loading class sun/security/util/DisabledAlgorithmConstraints$1
Event: 0.403 Loading class sun/security/util/DisabledAlgorithmConstraints$1 done
Event: 0.403 Loading class sun/security/util/DisabledAlgorithmConstraints$DisabledConstraint
Event: 0.403 Loading class sun/security/util/DisabledAlgorithmConstraints$DisabledConstraint done
Event: 0.404 Loading class sun/security/util/DisabledAlgorithmConstraints$Constraints$Holder
Event: 0.404 Loading class sun/security/util/DisabledAlgorithmConstraints$Constraints$Holder done

Classes unloaded (0 events):
No events

Classes redefined (0 events):
No events

Internal exceptions (11 events):
Event: 0.056 Thread 0x00000195a82e23e0 Exception <a 'java/lang/NoSuchMethodError'{0x00000000eacaf6e0}: 'void java.lang.invoke.DirectMethodHandle$Holder.invokeStatic(java.lang.Object, java.lang.Object, java.lang.Object)'> (0x00000000eacaf6e0) 
thrown [t:\workspace\open\src\hotspot\share\interpreter\linkResolver.cpp, line 766]
Event: 0.098 Thread 0x00000195a82e23e0 Exception <a 'java/lang/NoSuchMethodError'{0x00000000ead9e4f0}: 'java.lang.Object java.lang.invoke.Invokers$Holder.invokeExact_MT(java.lang.Object, java.lang.Object, java.lang.Object, java.lang.Object, java.lang.Object)'> (0x00000000ead9e4f0) 
thrown [t:\workspace\open\src\hotspot\share\interpreter\linkResolver.cpp, line 766]
Event: 0.150 Thread 0x00000195a82e23e0 Exception <a 'java/lang/NoSuchMethodError'{0x00000000eae579d8}: 'int java.lang.invoke.DirectMethodHandle$Holder.invokeSpecial(java.lang.Object, java.lang.Object, java.lang.Object, int)'> (0x00000000eae579d8) 
thrown [t:\workspace\open\src\hotspot\share\interpreter\linkResolver.cpp, line 766]
Event: 0.151 Thread 0x00000195a82e23e0 Exception <a 'java/lang/NoSuchMethodError'{0x00000000eae6a2a8}: 'java.lang.Object java.lang.invoke.DirectMethodHandle$Holder.invokeStatic(java.lang.Object, java.lang.Object, java.lang.Object, java.lang.Object, int)'> (0x00000000eae6a2a8) 
thrown [t:\workspace\open\src\hotspot\share\interpreter\linkResolver.cpp, line 766]
Event: 0.153 Thread 0x00000195a82e23e0 Exception <a 'java/lang/NoSuchMethodError'{0x00000000eae75d70}: 'void java.lang.invoke.DelegatingMethodHandle$Holder.reinvoke_L(java.lang.Object, java.lang.Object, java.lang.Object, int, java.lang.Object)'> (0x00000000eae75d70) 
thrown [t:\workspace\open\src\hotspot\share\interpreter\linkResolver.cpp, line 766]
Event: 0.155 Thread 0x00000195a82e23e0 Exception <a 'java/lang/NoSuchMethodError'{0x00000000eae799f0}: 'int java.lang.invoke.DirectMethodHandle$Holder.invokeSpecial(java.lang.Object, java.lang.Object, java.lang.Object)'> (0x00000000eae799f0) 
thrown [t:\workspace\open\src\hotspot\share\interpreter\linkResolver.cpp, line 766]
Event: 0.158 Thread 0x00000195a82e23e0 Exception <a 'java/lang/NoSuchMethodError'{0x00000000eae93b08}: 'java.lang.Object java.lang.invoke.DirectMethodHandle$Holder.invokeStatic(java.lang.Object, java.lang.Object, int)'> (0x00000000eae93b08) 
thrown [t:\workspace\open\src\hotspot\share\interpreter\linkResolver.cpp, line 766]
Event: 0.159 Thread 0x00000195a82e23e0 Exception <a 'java/lang/NoSuchMethodError'{0x00000000eae98528}: 'void java.lang.invoke.DirectMethodHandle$Holder.invokeStatic(java.lang.Object, java.lang.Object, int, java.lang.Object)'> (0x00000000eae98528) 
thrown [t:\workspace\open\src\hotspot\share\interpreter\linkResolver.cpp, line 766]
Event: 0.159 Thread 0x00000195a82e23e0 Exception <a 'java/lang/NoSuchMethodError'{0x00000000eae9c350}: 'void java.lang.invoke.DirectMethodHandle$Holder.invokeSpecial(java.lang.Object, java.lang.Object, java.lang.Object, int, java.lang.Object)'> (0x00000000eae9c350) 
thrown [t:\workspace\open\src\hotspot\share\interpreter\linkResolver.cpp, line 766]
Event: 0.159 Thread 0x00000195a82e23e0 Exception <a 'java/lang/NoSuchMethodError'{0x00000000eae9fa20}: 'void java.lang.invoke.DelegatingMethodHandle$Holder.delegate(java.lang.Object, java.lang.Object, int, java.lang.Object)'> (0x00000000eae9fa20) 
thrown [t:\workspace\open\src\hotspot\share\interpreter\linkResolver.cpp, line 766]
Event: 0.248 Thread 0x00000195a82e23e0 Exception <a 'java/lang/NoSuchMethodError'{0x00000000eb061d58}: 'void java.lang.invoke.DelegatingMethodHandle$Holder.reinvoke_L(java.lang.Object, java.lang.Object, java.lang.Object, int)'> (0x00000000eb061d58) 
thrown [t:\workspace\open\src\hotspot\share\interpreter\linkResolver.cpp, line 766]

VM Operations (2 events):
Event: 0.129 Executing VM operation: HandshakeAllThreads
Event: 0.129 Executing VM operation: HandshakeAllThreads done

Events (20 events):
Event: 0.018 Thread 0x00000195a82e23e0 Thread added: 0x00000195a82e23e0
Event: 0.020 Thread 0x00000195c0d87530 Thread added: 0x00000195c0d87530
Event: 0.020 Thread 0x00000195c0d88b10 Thread added: 0x00000195c0d88b10
Event: 0.030 Thread 0x00000195c0d9ece0 Thread added: 0x00000195c0d9ece0
Event: 0.030 Thread 0x00000195c0da1a60 Thread added: 0x00000195c0da1a60
Event: 0.030 Thread 0x00000195c0da27d0 Thread added: 0x00000195c0da27d0
Event: 0.031 Thread 0x00000195c0da4290 Thread added: 0x00000195c0da4290
Event: 0.031 Thread 0x00000195c0da5070 Thread added: 0x00000195c0da5070
Event: 0.031 Thread 0x00000195c0db1d10 Thread added: 0x00000195c0db1d10
Event: 0.031 Thread 0x00000195c0df3360 Thread added: 0x00000195c0df3360
Event: 0.050 Thread 0x00000195c689f3f0 Thread added: 0x00000195c689f3f0
Event: 0.071 Loaded shared library C:\Program Files\Java\jdk-18\bin\zip.dll
Event: 0.076 Loaded shared library C:\Program Files\Java\jdk-18\bin\instrument.dll
Event: 0.082 Loaded shared library C:\Program Files\Java\jdk-18\bin\net.dll
Event: 0.084 Loaded shared library C:\Program Files\Java\jdk-18\bin\nio.dll
Event: 0.087 Loaded shared library C:\Program Files\Java\jdk-18\bin\zip.dll
Event: 0.102 Loaded shared library C:\Program Files\Java\jdk-18\bin\jimage.dll
Event: 0.207 Loaded shared library C:\Program Files\Java\jdk-18\bin\verify.dll
Event: 0.320 Thread 0x00000195c6a01a60 Thread added: 0x00000195c6a01a60
Event: 0.401 Thread 0x00000195c6a002b0 Thread added: 0x00000195c6a002b0


Dynamic libraries:
0x00007ff689790000 - 0x00007ff6897a0000 	C:\Program Files\Java\jdk-18\bin\java.exe
0x00007ffb40a90000 - 0x00007ffb40c88000 	C:\WINDOWS\SYSTEM32\ntdll.dll
0x00007ffafc9c0000 - 0x00007ffafc9d9000 	C:\Program Files\AVG\Antivirus\aswhook.dll
0x00007ffb3fee0000 - 0x00007ffb3ff9d000 	C:\WINDOWS\System32\KERNEL32.DLL
0x00007ffb3e380000 - 0x00007ffb3e676000 	C:\WINDOWS\System32\KERNELBASE.dll
0x00007ffb3e230000 - 0x00007ffb3e330000 	C:\WINDOWS\System32\ucrtbase.dll
0x00007ffb39c40000 - 0x00007ffb39c58000 	C:\Program Files\Java\jdk-18\bin\jli.dll
0x00007ffb40510000 - 0x00007ffb405c0000 	C:\WINDOWS\System32\ADVAPI32.dll
0x00007ffb3ffa0000 - 0x00007ffb4003e000 	C:\WINDOWS\System32\msvcrt.dll
0x00007ffb3fe40000 - 0x00007ffb3fee0000 	C:\WINDOWS\System32\sechost.dll
0x00007ffb40870000 - 0x00007ffb40993000 	C:\WINDOWS\System32\RPCRT4.dll
0x00007ffb3fb70000 - 0x00007ffb3fd0f000 	C:\WINDOWS\System32\USER32.dll
0x00007ffb3e200000 - 0x00007ffb3e222000 	C:\WINDOWS\System32\win32u.dll
0x00007ffb3fb30000 - 0x00007ffb3fb5b000 	C:\WINDOWS\System32\GDI32.dll
0x00007ffb3e9a0000 - 0x00007ffb3eab7000 	C:\WINDOWS\System32\gdi32full.dll
0x00007ffb3e7e0000 - 0x00007ffb3e87d000 	C:\WINDOWS\System32\msvcp_win.dll
0x00007ffb346e0000 - 0x00007ffb346fa000 	C:\Program Files\Java\jdk-18\bin\VCRUNTIME140.dll
0x00007ffb3e070000 - 0x00007ffb3e097000 	C:\WINDOWS\SYSTEM32\bcrypt.dll
0x00007ffb24760000 - 0x00007ffb249fa000 	C:\WINDOWS\WinSxS\amd64_microsoft.windows.common-controls_6595b64144ccf1df_6.0.19041.3636_none_60b6a03d71f818d5\COMCTL32.dll
0x00007ffb361e0000 - 0x00007ffb361ea000 	C:\WINDOWS\SYSTEM32\VERSION.dll
0x00007ffb3fdf0000 - 0x00007ffb3fe22000 	C:\WINDOWS\System32\IMM32.DLL
0x00007ffb38af0000 - 0x00007ffb38afc000 	C:\Program Files\Java\jdk-18\bin\vcruntime140_1.dll
0x00007ffb1b360000 - 0x00007ffb1b3ed000 	C:\Program Files\Java\jdk-18\bin\msvcp140.dll
0x00007ffac59f0000 - 0x00007ffac6601000 	C:\Program Files\Java\jdk-18\bin\server\jvm.dll
0x00007ffb3fe30000 - 0x00007ffb3fe38000 	C:\WINDOWS\System32\PSAPI.DLL
0x00007ffb20ac0000 - 0x00007ffb20ac9000 	C:\WINDOWS\SYSTEM32\WSOCK32.dll
0x00007ffb3f0d0000 - 0x00007ffb3f13b000 	C:\WINDOWS\System32\WS2_32.dll
0x00007ffb2a540000 - 0x00007ffb2a567000 	C:\WINDOWS\SYSTEM32\WINMM.dll
0x00007ffb3bfb0000 - 0x00007ffb3bfc2000 	C:\WINDOWS\SYSTEM32\kernel.appcore.dll
0x00007ffb32fa0000 - 0x00007ffb32faa000 	C:\Program Files\Java\jdk-18\bin\jimage.dll
0x00007ffb30450000 - 0x00007ffb30634000 	C:\WINDOWS\SYSTEM32\DBGHELP.DLL
0x00007ffb303f0000 - 0x00007ffb30424000 	C:\WINDOWS\SYSTEM32\dbgcore.DLL
0x00007ffb3e170000 - 0x00007ffb3e1f2000 	C:\WINDOWS\System32\bcryptPrimitives.dll
0x00007ffb39af0000 - 0x00007ffb39afe000 	C:\Program Files\Java\jdk-18\bin\instrument.dll
0x00007ffb26810000 - 0x00007ffb26835000 	C:\Program Files\Java\jdk-18\bin\java.dll
0x00007ffb1b280000 - 0x00007ffb1b356000 	C:\Program Files\Java\jdk-18\bin\jsvml.dll
0x00007ffb3f270000 - 0x00007ffb3f9db000 	C:\WINDOWS\System32\SHELL32.dll
0x00007ffb3c1b0000 - 0x00007ffb3c94e000 	C:\WINDOWS\SYSTEM32\windows.storage.dll
0x00007ffb3ead0000 - 0x00007ffb3ee23000 	C:\WINDOWS\System32\combase.dll
0x00007ffb3da90000 - 0x00007ffb3dabe000 	C:\WINDOWS\SYSTEM32\Wldp.dll
0x00007ffb3fa40000 - 0x00007ffb3fb0d000 	C:\WINDOWS\System32\OLEAUT32.dll
0x00007ffb409a0000 - 0x00007ffb40a4d000 	C:\WINDOWS\System32\SHCORE.dll
0x00007ffb3eec0000 - 0x00007ffb3ef15000 	C:\WINDOWS\System32\shlwapi.dll
0x00007ffb3e0a0000 - 0x00007ffb3e0c3000 	C:\WINDOWS\SYSTEM32\profapi.dll
0x00007ffb24f00000 - 0x00007ffb24f18000 	C:\Program Files\Java\jdk-18\bin\zip.dll
0x00007ffb24ee0000 - 0x00007ffb24ef3000 	C:\Program Files\Java\jdk-18\bin\net.dll
0x00007ffb35840000 - 0x00007ffb3594a000 	C:\WINDOWS\SYSTEM32\WINHTTP.dll
0x00007ffb3d870000 - 0x00007ffb3d8da000 	C:\WINDOWS\system32\mswsock.dll
0x00007ffb23840000 - 0x00007ffb23856000 	C:\Program Files\Java\jdk-18\bin\nio.dll
0x00007ffb306e0000 - 0x00007ffb306f0000 	C:\Program Files\Java\jdk-18\bin\verify.dll

dbghelp: loaded successfully - version: 4.0.5 - missing functions: none
symbol engine: initialized successfully - sym options: 0x614 - pdb path: .;C:\Program Files\Java\jdk-18\bin;C:\WINDOWS\SYSTEM32;C:\Program Files\AVG\Antivirus;C:\WINDOWS\WinSxS\amd64_microsoft.windows.common-controls_6595b64144ccf1df_6.0.19041.3636_none_60b6a03d71f818d5;C:\Program Files\Java\jdk-18\bin\server

VM Arguments:
jvm_args: --add-modules=ALL-SYSTEM --add-opens=java.base/java.util=ALL-UNNAMED --add-opens=java.base/java.lang=ALL-UNNAMED --add-opens=java.base/sun.nio.fs=ALL-UNNAMED -Declipse.application=org.eclipse.jdt.ls.core.id1 -Dosgi.bundles.defaultStartLevel=4 -Declipse.product=org.eclipse.jdt.ls.core.product -Djava.import.generatesMetadataFilesAtProjectRoot=false -DDetectVMInstallationsJob.disabled=true -Dfile.encoding=utf8 -XX:+UseParallelGC -XX:GCTimeRatio=4 -XX:AdaptiveSizePolicyWeight=90 -Dsun.zip.disableMemoryMapping=true -Xmx1G -Xms100m -Xlog:disable -javaagent:d:\Document\.vscode\extensions\redhat.java-1.29.0-win32-x64\lombok\lombok-1.18.32.jar -XX:+HeapDumpOnOutOfMemoryError -XX:HeapDumpPath=d:\AppData\Roaming\Code\User\workspaceStorage\8e2a7522834f231f8b84a8a235c14d5c\redhat.java -Daether.dependencyCollector.impl=bf 
java_command: d:\Document\.vscode\extensions\redhat.java-1.29.0-win32-x64\server\plugins\org.eclipse.equinox.launcher_1.6.800.v20240304-1850.jar -configuration d:\AppData\Roaming\Code\User\globalStorage\redhat.java\1.29.0\config_win -data d:\AppData\Roaming\Code\User\workspaceStorage\8e2a7522834f231f8b84a8a235c14d5c\redhat.java\jdt_ws --stdio
java_class_path (initial): d:\Document\.vscode\extensions\redhat.java-1.29.0-win32-x64\server\plugins\org.eclipse.equinox.launcher_1.6.800.v20240304-1850.jar
Launcher Type: SUN_STANDARD

[Global flags]
    uintx AdaptiveSizePolicyWeight                 = 90                                        {product} {command line}
     intx CICompilerCount                          = 3                                         {product} {ergonomic}
    uintx GCTimeRatio                              = 4                                         {product} {command line}
     bool HeapDumpOnOutOfMemoryError               = true                                   {manageable} {command line}
    ccstr HeapDumpPath                             = d:\AppData\Roaming\Code\User\workspaceStorage\8e2a7522834f231f8b84a8a235c14d5c\redhat.java         {manageable} {command line}
   size_t InitialHeapSize                          = 104857600                                 {product} {command line}
   size_t MaxHeapSize                              = 1073741824                                {product} {command line}
   size_t MaxNewSize                               = 357564416                                 {product} {ergonomic}
   size_t MinHeapDeltaBytes                        = 524288                                    {product} {ergonomic}
   size_t MinHeapSize                              = 104857600                                 {product} {command line}
   size_t NewSize                                  = 34603008                                  {product} {ergonomic}
    uintx NonNMethodCodeHeapSize                   = 5832780                                {pd product} {ergonomic}
    uintx NonProfiledCodeHeapSize                  = 122912730                              {pd product} {ergonomic}
   size_t OldSize                                  = 70254592                                  {product} {ergonomic}
    uintx ProfiledCodeHeapSize                     = 122912730                              {pd product} {ergonomic}
    uintx ReservedCodeCacheSize                    = 251658240                              {pd product} {ergonomic}
     bool SegmentedCodeCache                       = true                                      {product} {ergonomic}
   size_t SoftMaxHeapSize                          = 1073741824                             {manageable} {ergonomic}
     bool UseCompressedClassPointers               = true                           {product lp64_product} {ergonomic}
     bool UseCompressedOops                        = true                           {product lp64_product} {ergonomic}
     bool UseLargePagesIndividualAllocation        = false                                  {pd product} {ergonomic}
     bool UseParallelGC                            = true                                      {product} {command line}

Logging:
Log output configuration:
 #0: stdout all=off uptime,level,tags foldmultilines=false
 #1: stderr all=off uptime,level,tags foldmultilines=false

Environment Variables:
PATH=C:\Program Files\Common Files\Oracle\Java\javapath;C:\Program Files\NVIDIA GPU Computing Toolkit\CUDA\v10.2\bin;C:\Program Files\NVIDIA GPU Computing Toolkit\CUDA\v10.2\libnvvp;C:\Program Files (x86)\Common Files\Oracle\Java\javapath;C:\Program Files (x86)\Common Files\Intel\Shared Libraries\redist\intel64\compiler;C:\WINDOWS\system32;C:\WINDOWS;C:\WINDOWS\System32\Wbem;C:\WINDOWS\System32\WindowsPowerShell\v1.0\;C:\WINDOWS\System32\OpenSSH\;C:\Program Files (x86)\QT Lite\QTSystem;C:\Program Files\NVIDIA Corporation\NVIDIA NvDLISR;C:\SH;C:\Program Files (x86)\NVIDIA Corporation\PhysX\Common;C:\Program Files\dotnet\;C:\Program Files\NVIDIA Corporation\Nsight Compute 2019.5.0\;C:\Program Files\Microsoft SQL Server\130\Tools\Binn\;C:\WINDOWS\system32;C:\WINDOWS;C:\WINDOWS\System32\Wbem;C:\WINDOWS\System32\WindowsPowerShell\v1.0\;C:\WINDOWS\System32\OpenSSH\;C:\Program Files (x86)\Windows Kits\10\Windows Performance Toolkit\;D:\Program Files\Git\cmd;D:\Software\MinGW\bin;D:\AppData\Programs\Python\Python39;D:\AppData\Programs\Python\Python39\Scripts;D:\Program Files\Graphviz\bin;D:\Program Files\OpenSSL-Win64\bin;D:\Program Files\nodejs\;D:\Software\MinGW-W\bin;D:\Program Files\PuTTY\;D:\Program Files\Maven\apache-maven-3.9.6\bin;D:\Program Files\Vim\vim91;D:\Program Files\LLVM\bin;C:\Program Files\MySQL\MySQL Shell 8.0\bin\;C:\Users\1t4y.ae\AppData\Local\Microsoft\WindowsApps;D:\Software\Visual Studio Code\Microsoft VS Code\bin;D:\Software\GitHubDesktop\bin;C:\Users\1t4y.ae\.dotnet\tools;D:\Software\IntelliJ IDEA Community Edition 2020.2.3\bin;C:\Users\1t4y.ae\.dotnet\tools;C:\Users\1t4y.ae\AppData\Local\Microsoft\WindowsApps;D:\Software\MinGW-W\bin;D:\AppData\Programs\Python\Python39;D:\AppData\Programs\Python\Python39\Scripts;D:\AppData\Programs\php-8.1.11;D:\Program Files\OpenSSL-Win64\bin;D:\AppData\Roaming\npm;D:\Users\1t4y.ae\AppData\Local\Google\Cloud SDK\google-cloud-sdk\bin;D:\Coding\C\sls\bin;C:\Users\1t4y.ae\.bun\bin;D:\Coding\Javascript\Compilers\cc\bin;
USERNAME=Itay
OS=Windows_NT
PROCESSOR_IDENTIFIER=Intel64 Family 6 Model 158 Stepping 10, GenuineIntel



---------------  S Y S T E M  ---------------

OS:
 Windows 10 , 64 bit Build 19041 (10.0.19041.3636)
OS uptime: 0 days 10:49 hours
Hyper-V role detected

CPU: total 6 (initial active 6) (6 cores per cpu, 1 threads per core) family 6 model 158 stepping 10 microcode 0xb4, cx8, cmov, fxsr, mmx, 3dnowpref, sse, sse2, sse3, ssse3, sse4.1, sse4.2, popcnt, lzcnt, tsc, tscinvbit, avx, avx2, aes, erms, clmul, bmi1, bmi2, adx, fma, vzeroupper, clflush, clflushopt, hv

Memory: 4k page, system-wide physical 16283M (6583M free)
TotalPageFile size 22544M (AvailPageFile size 6M)
current process WorkingSet (physical memory assigned to process): 54M, peak: 54M
current process commit charge ("private bytes"): 192M, peak: 192M

vm_info: Java HotSpot(TM) 64-Bit Server VM (18+36-2087) for windows-amd64 JRE (18+36-2087), built on Feb 15 2022 09:43:11 by "mach5one" with MS VC++ 16.8 / 16.9 (VS2019)

END.
