#
# There is insufficient memory for the Java Runtime Environment to continue.
# Native memory allocation (malloc) failed to allocate 1270912 bytes for Chunk::new
# Possible reasons:
#   The system is out of physical RAM or swap space
#   The process is running with CompressedOops enabled, and the Java Heap may be blocking the growth of the native heap
# Possible solutions:
#   Reduce memory load on the system
#   Increase physical memory or swap space
#   Check if swap backing store is full
#   Decrease Java heap size (-Xmx/-Xms)
#   Decrease number of Java threads
#   Decrease Java thread stack sizes (-Xss)
#   Set larger code cache with -XX:ReservedCodeCacheSize=
#   JVM is running with Unscaled Compressed Oops mode in which the Java heap is
#     placed in the first 4GB address space. The Java Heap base address is the
#     maximum limit for the native heap growth. Please use -XX:HeapBaseMinAddress
#     to set the Java Heap base and to place the Java Heap above 4GB virtual address.
# This output file may be truncated or incomplete.
#
#  Out of Memory Error (arena.cpp:184), pid=19164, tid=9388
#
# JRE version: Java(TM) SE Runtime Environment (18.0+36) (build 18+36-2087)
# Java VM: Java HotSpot(TM) 64-Bit Server VM (18+36-2087, mixed mode, sharing, tiered, compressed oops, compressed class ptrs, parallel gc, windows-amd64)
# No core dump will be written. Minidumps are not enabled by default on client versions of Windows
#

---------------  S U M M A R Y ------------

Command Line: --add-modules=ALL-SYSTEM --add-opens=java.base/java.util=ALL-UNNAMED --add-opens=java.base/java.lang=ALL-UNNAMED --add-opens=java.base/sun.nio.fs=ALL-UNNAMED -Declipse.application=org.eclipse.jdt.ls.core.id1 -Dosgi.bundles.defaultStartLevel=4 -Declipse.product=org.eclipse.jdt.ls.core.product -Djava.import.generatesMetadataFilesAtProjectRoot=false -DDetectVMInstallationsJob.disabled=true -Dfile.encoding=utf8 -XX:+UseParallelGC -XX:GCTimeRatio=4 -XX:AdaptiveSizePolicyWeight=90 -Dsun.zip.disableMemoryMapping=true -Xmx1G -Xms100m -Xlog:disable -javaagent:d:\Document\.vscode\extensions\redhat.java-1.29.0-win32-x64\lombok\lombok-1.18.32.jar -XX:+HeapDumpOnOutOfMemoryError -XX:HeapDumpPath=d:\AppData\Roaming\Code\User\workspaceStorage\8e2a7522834f231f8b84a8a235c14d5c\redhat.java -Daether.dependencyCollector.impl=bf d:\Document\.vscode\extensions\redhat.java-1.29.0-win32-x64\server\plugins\org.eclipse.equinox.launcher_1.6.800.v20240304-1850.jar -configuration d:\AppData\Roaming\Code\User\globalStorage\redhat.java\1.29.0\config_win -data d:\AppData\Roaming\Code\User\workspaceStorage\8e2a7522834f231f8b84a8a235c14d5c\redhat.java\jdt_ws --stdio

Host: Intel(R) Core(TM) i5-8400 CPU @ 2.80GHz, 6 cores, 15G,  Windows 10 , 64 bit Build 19041 (10.0.19041.3636)
Time: Thu Apr 25 03:27:43 2024 Jerusalem Daylight Time elapsed time: 7.752096 seconds (0d 0h 0m 7s)

---------------  T H R E A D  ---------------

Current thread (0x0000021a45bd6f80):  JavaThread "C2 CompilerThread0" daemon [_thread_in_native, id=9388, stack(0x0000008190a00000,0x0000008190b00000)]


Current CompileTask:
C2:   7752 7333 %     4       org.eclipse.jdt.internal.core.search.indexing.BinaryIndexer::extractReferenceFromConstantPool @ 15 (358 bytes)

Stack: [0x0000008190a00000,0x0000008190b00000]
Native frames: (J=compiled Java code, j=interpreted, Vv=VM code, C=native code)
V  [jvm.dll+0x69804a]
V  [jvm.dll+0x7f308d]
V  [jvm.dll+0x7f499e]
V  [jvm.dll+0x7f5053]
V  [jvm.dll+0x25ca3f]
V  [jvm.dll+0xb8c2f]
V  [jvm.dll+0xb8fa5]
V  [jvm.dll+0x385a6b]
V  [jvm.dll+0x1d29a8]
V  [jvm.dll+0x22fd79]
V  [jvm.dll+0x22eff1]
V  [jvm.dll+0x1b9cfc]
V  [jvm.dll+0x23e8ca]
V  [jvm.dll+0x23cbac]
V  [jvm.dll+0x7a5781]
V  [jvm.dll+0x79fbba]
V  [jvm.dll+0x696ef5]
C  [ucrtbase.dll+0x21bb2]
C  [KERNEL32.DLL+0x17344]
C  [ntdll.dll+0x526b1]


---------------  P R O C E S S  ---------------

Threads class SMR info:
_java_thread_list=0x0000021a4b69a290, length=32, elements={
0x0000021a2b1c5f60, 0x0000021a2b2628b0, 0x0000021a2b263dc0, 0x0000021a2b279a40,
0x0000021a2b27cbc0, 0x0000021a2b27e0d0, 0x0000021a45bd3fe0, 0x0000021a45bd6f80,
0x0000021a45bdb510, 0x0000021a4b428030, 0x0000021a2b22e4b0, 0x0000021a4b60aa50,
0x0000021a4be4bdf0, 0x0000021a4bdc7580, 0x0000021a4bdc7a40, 0x0000021a4c185080,
0x0000021a4c831280, 0x0000021a4c2b8d80, 0x0000021a4c2b5d60, 0x0000021a4c2b6700,
0x0000021a4c2b70a0, 0x0000021a4c2b6230, 0x0000021a4c2b7a40, 0x0000021a4c2b53c0,
0x0000021a4c2b7f10, 0x0000021a4c2b5890, 0x0000021a4c2b6bd0, 0x0000021a4e544760,
0x0000021a4c576970, 0x0000021a4e5472b0, 0x0000021a4e5455d0, 0x0000021a4e545aa0
}

Java Threads: ( => current thread )
  0x0000021a2b1c5f60 JavaThread "main" [_thread_blocked, id=22028, stack(0x0000008190100000,0x0000008190200000)]
  0x0000021a2b2628b0 JavaThread "Reference Handler" daemon [_thread_blocked, id=21652, stack(0x0000008190400000,0x0000008190500000)]
  0x0000021a2b263dc0 JavaThread "Finalizer" daemon [_thread_blocked, id=1512, stack(0x0000008190500000,0x0000008190600000)]
  0x0000021a2b279a40 JavaThread "Signal Dispatcher" daemon [_thread_blocked, id=7768, stack(0x0000008190600000,0x0000008190700000)]
  0x0000021a2b27cbc0 JavaThread "Attach Listener" daemon [_thread_blocked, id=2572, stack(0x0000008190700000,0x0000008190800000)]
  0x0000021a2b27e0d0 JavaThread "Service Thread" daemon [_thread_blocked, id=22508, stack(0x0000008190800000,0x0000008190900000)]
  0x0000021a45bd3fe0 JavaThread "Monitor Deflation Thread" daemon [_thread_blocked, id=10032, stack(0x0000008190900000,0x0000008190a00000)]
=>0x0000021a45bd6f80 JavaThread "C2 CompilerThread0" daemon [_thread_in_native, id=9388, stack(0x0000008190a00000,0x0000008190b00000)]
  0x0000021a45bdb510 JavaThread "C1 CompilerThread0" daemon [_thread_in_native, id=22640, stack(0x0000008190b00000,0x0000008190c00000)]
  0x0000021a4b428030 JavaThread "Sweeper thread" daemon [_thread_blocked, id=23668, stack(0x0000008190c00000,0x0000008190d00000)]
  0x0000021a2b22e4b0 JavaThread "Common-Cleaner" daemon [_thread_blocked, id=18688, stack(0x0000008190d00000,0x0000008190e00000)]
  0x0000021a4b60aa50 JavaThread "Notification Thread" daemon [_thread_blocked, id=10072, stack(0x0000008190e00000,0x0000008190f00000)]
  0x0000021a4be4bdf0 JavaThread "Active Thread: Equinox Container: 9608cdd0-2ccf-4d4e-9a85-0ad59f6bc909" [_thread_blocked, id=10608, stack(0x0000008191600000,0x0000008191700000)]
  0x0000021a4bdc7580 JavaThread "Framework Event Dispatcher: Equinox Container: 9608cdd0-2ccf-4d4e-9a85-0ad59f6bc909" daemon [_thread_blocked, id=11268, stack(0x0000008191700000,0x0000008191800000)]
  0x0000021a4bdc7a40 JavaThread "Start Level: Equinox Container: 9608cdd0-2ccf-4d4e-9a85-0ad59f6bc909" daemon [_thread_blocked, id=11336, stack(0x0000008191800000,0x0000008191900000)]
  0x0000021a4c185080 JavaThread "Bundle File Closer" daemon [_thread_blocked, id=5892, stack(0x0000008191900000,0x0000008191a00000)]
  0x0000021a4c831280 JavaThread "SCR Component Actor" daemon [_thread_blocked, id=17196, stack(0x0000008191a00000,0x0000008191b00000)]
  0x0000021a4c2b8d80 JavaThread "SCR Component Registry" daemon [_thread_blocked, id=23240, stack(0x0000008191b00000,0x0000008191c00000)]
  0x0000021a4c2b5d60 JavaThread "Worker-JM" [_thread_blocked, id=21828, stack(0x0000008191c00000,0x0000008191d00000)]
  0x0000021a4c2b6700 JavaThread "Worker-0: Initialize workspace" [_thread_blocked, id=6596, stack(0x0000008191d00000,0x0000008191e00000)]
  0x0000021a4c2b70a0 JavaThread "Worker-1: Refreshing workspace" [_thread_in_native, id=22988, stack(0x0000008191e00000,0x0000008191f00000)]
  0x0000021a4c2b6230 JavaThread "Worker-2" [_thread_blocked, id=12936, stack(0x0000008191f00000,0x0000008192000000)]
  0x0000021a4c2b7a40 JavaThread "Java indexing" daemon [_thread_in_Java, id=16944, stack(0x0000008192000000,0x0000008192100000)]
  0x0000021a4c2b53c0 JavaThread "JNA Cleaner" daemon [_thread_blocked, id=7328, stack(0x0000008192100000,0x0000008192200000)]
  0x0000021a4c2b7f10 JavaThread "pool-2-thread-1" [_thread_blocked, id=19608, stack(0x0000008192400000,0x0000008192500000)]
  0x0000021a4c2b5890 JavaThread "WorkspaceEventsHandler" [_thread_blocked, id=2744, stack(0x0000008192500000,0x0000008192600000)]
  0x0000021a4c2b6bd0 JavaThread "pool-1-thread-1" [_thread_in_Java, id=15412, stack(0x0000008192600000,0x0000008192700000)]
  0x0000021a4e544760 JavaThread "Worker-3: Java indexing... " [_thread_blocked, id=14160, stack(0x0000008192700000,0x0000008192800000)]
  0x0000021a4c576970 JavaThread "C2 CompilerThread1" daemon [_thread_in_native, id=17476, stack(0x0000008191000000,0x0000008191100000)]
  0x0000021a4e5472b0 JavaThread "Worker-4" [_thread_blocked, id=21764, stack(0x0000008192800000,0x0000008192900000)]
  0x0000021a4e5455d0 JavaThread "ForkJoinPool.commonPool-worker-1" daemon [_thread_blocked, id=14432, stack(0x0000008192900000,0x0000008192a00000)]
  0x0000021a4e545aa0 JavaThread "ForkJoinPool.commonPool-worker-2" daemon [_thread_blocked, id=20316, stack(0x0000008192a00000,0x0000008192b00000)]

Other Threads:
  0x0000021a45bd2850 VMThread "VM Thread" [stack: 0x0000008190300000,0x0000008190400000] [id=19688]
  0x0000021a4b6f6760 WatcherThread "VM Periodic Task Thread" [stack: 0x0000008190f00000,0x0000008191000000] [id=2208]
  0x0000021a2b1dffa0 WorkerThread "GC Thread#0" [stack: 0x0000008190200000,0x0000008190300000] [id=15832]
  0x0000021a4b82b850 WorkerThread "GC Thread#1" [stack: 0x0000008191100000,0x0000008191200000] [id=18544]
  0x0000021a4bb64a40 WorkerThread "GC Thread#2" [stack: 0x0000008191200000,0x0000008191300000] [id=6724]
  0x0000021a4bb64ce0 WorkerThread "GC Thread#3" [stack: 0x0000008191300000,0x0000008191400000] [id=17520]
  0x0000021a4bcbc2f0 WorkerThread "GC Thread#4" [stack: 0x0000008191400000,0x0000008191500000] [id=23504]
  0x0000021a4bcbc590 WorkerThread "GC Thread#5" [stack: 0x0000008191500000,0x0000008191600000] [id=22036]

Threads with active compile tasks:
C2 CompilerThread0     7809 7333 %     4       org.eclipse.jdt.internal.core.search.indexing.BinaryIndexer::extractReferenceFromConstantPool @ 15 (358 bytes)
C1 CompilerThread0     7809 7491       3       lombok.patcher.MethodTarget::descriptorMatch (119 bytes)
C2 CompilerThread1     7809 7365 % !   4       org.eclipse.jdt.internal.compiler.classfmt.ClassFileReader::<init> @ 63 (2158 bytes)

VM state: not at safepoint (normal execution)

VM Mutex/Monitor currently owned by a thread:  ([mutex/lock_event])
[0x0000021a2b1c2740] MethodCompileQueue_lock - owner thread: 0x0000000000000000

Heap address: 0x00000000c0000000, size: 1024 MB, Compressed Oops mode: 32-bit

CDS archive(s) mapped at: [0x0000000800000000-0x0000000800ba0000-0x0000000800ba0000), size 12189696, SharedBaseAddress: 0x0000000800000000, ArchiveRelocationMode: 0.
Compressed class space mapped at: 0x0000000800c00000-0x0000000840c00000, reserved size: 1073741824
Narrow klass base: 0x0000000800000000, Narrow klass shift: 0, Narrow klass range: 0x100000000

GC Precious Log:
 CardTable entry size: 512
 CPUs: 6 total, 6 available
 Memory: 16283M
 Large Page Support: Disabled
 NUMA Support: Disabled
 Compressed Oops: Enabled (32-bit)
 Alignments: Space 512K, Generation 512K, Heap 2M
 Heap Min Capacity: 100M
 Heap Initial Capacity: 100M
 Heap Max Capacity: 1G
 Pre-touch: Disabled
 Parallel Workers: 6

Heap:
 PSYoungGen      total 22016K, used 16317K [0x00000000eab00000, 0x00000000ec380000, 0x0000000100000000)
  eden space 18944K, 69% used [0x00000000eab00000,0x00000000eb7f0728,0x00000000ebd80000)
  from space 3072K, 99% used [0x00000000ec080000,0x00000000ec37f078,0x00000000ec380000)
  to   space 3072K, 0% used [0x00000000ebd80000,0x00000000ebd80000,0x00000000ec080000)
 ParOldGen       total 68608K, used 45857K [0x00000000c0000000, 0x00000000c4300000, 0x00000000eab00000)
  object space 68608K, 66% used [0x00000000c0000000,0x00000000c2cc86c0,0x00000000c4300000)
 Metaspace       used 52087K, committed 53312K, reserved 1114112K
  class space    used 5440K, committed 6016K, reserved 1048576K

Card table byte_map: [0x0000021a434a0000,0x0000021a436b0000] _byte_map_base: 0x0000021a42ea0000

Marking Bits: (ParMarkBitMap*) 0x00007ffac653fac0
 Begin Bits: [0x0000021a43810000, 0x0000021a44810000)
 End Bits:   [0x0000021a44810000, 0x0000021a45810000)

Polling page: 0x0000021a34290000

Metaspace:

Usage:
  Non-class:     45.55 MB used.
      Class:      5.31 MB used.
       Both:     50.87 MB used.

Virtual space:
  Non-class space:       64.00 MB reserved,      46.19 MB ( 72%) committed,  1 nodes.
      Class space:        1.00 GB reserved,       5.88 MB ( <1%) committed,  1 nodes.
             Both:        1.06 GB reserved,      52.06 MB (  5%) committed. 

Chunk freelists:
   Non-Class:  1.45 MB
       Class:  2.07 MB
        Both:  3.53 MB

MaxMetaspaceSize: unlimited
CompressedClassSpaceSize: 1.00 GB
Initial GC threshold: 21.00 MB
Current GC threshold: 58.38 MB
CDS: on
MetaspaceReclaimPolicy: balanced
 - commit_granule_bytes: 65536.
 - commit_granule_words: 8192.
 - virtual_space_node_default_size: 8388608.
 - enlarge_chunks_in_place: 1.
 - new_chunks_are_fully_committed: 0.
 - uncommit_free_chunks: 1.
 - use_allocation_guard: 0.


Internal statistics:

num_allocs_failed_limit: 6.
num_arena_births: 934.
num_arena_deaths: 14.
num_vsnodes_births: 2.
num_vsnodes_deaths: 0.
num_space_committed: 833.
num_space_uncommitted: 0.
num_chunks_returned_to_freelist: 20.
num_chunks_taken_from_freelist: 3230.
num_chunk_merges: 10.
num_chunk_splits: 2067.
num_chunks_enlarged: 1246.
num_inconsistent_stats: 0.

CodeHeap 'non-profiled nmethods': size=120000Kb used=3619Kb max_used=3619Kb free=116380Kb
 bounds [0x0000021a3bd80000, 0x0000021a3c110000, 0x0000021a432b0000]
CodeHeap 'profiled nmethods': size=120000Kb used=13951Kb max_used=13951Kb free=106048Kb
 bounds [0x0000021a34850000, 0x0000021a355f0000, 0x0000021a3bd80000]
CodeHeap 'non-nmethods': size=5760Kb used=1331Kb max_used=1412Kb free=4429Kb
 bounds [0x0000021a342b0000, 0x0000021a34520000, 0x0000021a34850000]
 total_blobs=7265 nmethods=6608 adapters=571
 compilation: enabled
              stopped_count=0, restarted_count=0
 full_count=0

Compilation events (20 events):
Event: 7.723 Thread 0x0000021a45bdb510 nmethod 7427 0x0000021a3c103010 code [0x0000021a3c1031a0, 0x0000021a3c103278]
Event: 7.724 Thread 0x0000021a45bdb510 7429       3       java.util.regex.Pattern$TreeInfo::reset (21 bytes)
Event: 7.725 Thread 0x0000021a45bdb510 nmethod 7429 0x0000021a355c2610 code [0x0000021a355c27a0, 0x0000021a355c28b8]
Event: 7.726 Thread 0x0000021a45bdb510 7432       3       org.eclipse.core.runtime.SubMonitor::cleanupActiveChild (22 bytes)
Event: 7.726 Thread 0x0000021a45bdb510 nmethod 7432 0x0000021a355c2990 code [0x0000021a355c2b40, 0x0000021a355c2d28]
Event: 7.727 Thread 0x0000021a45bdb510 7433       3       org.eclipse.jdt.internal.compiler.parser.Parser::consumeToken (2337 bytes)
Event: 7.730 Thread 0x0000021a45bdb510 nmethod 7433 0x0000021a355c2e10 code [0x0000021a355c3b40, 0x0000021a355cca68]
Event: 7.730 Thread 0x0000021a45bdb510 7434       3       org.eclipse.jdt.internal.compiler.parser.Parser::fetchNextToken (8 bytes)
Event: 7.730 Thread 0x0000021a45bdb510 nmethod 7434 0x0000021a355ce810 code [0x0000021a355ce9c0, 0x0000021a355ceba8]
Event: 7.730 Thread 0x0000021a45bdb510 7435       3       org.eclipse.jdt.internal.compiler.parser.Scanner::mayBeAtCasePattern (24 bytes)
Event: 7.730 Thread 0x0000021a45bdb510 nmethod 7435 0x0000021a355cec90 code [0x0000021a355cee40, 0x0000021a355cf198]
Event: 7.734 Thread 0x0000021a45bdb510 7436       3       org.eclipse.core.runtime.Path::removeLastSegments (85 bytes)
Event: 7.735 Thread 0x0000021a45bdb510 nmethod 7436 0x0000021a355cf290 code [0x0000021a355cf4a0, 0x0000021a355cfbf8]
Event: 7.736 Thread 0x0000021a45bdb510 7437       1       org.eclipse.core.internal.localstore.UnifiedTreeNode::getResource (5 bytes)
Event: 7.737 Thread 0x0000021a45bdb510 nmethod 7437 0x0000021a3c103310 code [0x0000021a3c1034a0, 0x0000021a3c103578]
Event: 7.737 Thread 0x0000021a45bdb510 7439       3       org.eclipse.jdt.core.Signature::consumeWhitespace (33 bytes)
Event: 7.738 Thread 0x0000021a45bdb510 nmethod 7439 0x0000021a355cfe90 code [0x0000021a355d0060, 0x0000021a355d0428]
Event: 7.738 Thread 0x0000021a45bdb510 7438       3       org.eclipse.core.internal.resources.Resource::getProject (23 bytes)
Event: 7.738 Thread 0x0000021a45bdb510 nmethod 7438 0x0000021a355d0610 code [0x0000021a355d07e0, 0x0000021a355d0ae8]
Event: 7.743 Thread 0x0000021a45bdb510 7440       3       org.eclipse.core.filesystem.provider.FileInfo::compareTo (9 bytes)

GC Heap History (20 events):
Event: 6.035 GC heap before
{Heap before GC invocations=22 (full 2):
 PSYoungGen      total 24576K, used 24256K [0x00000000eab00000, 0x00000000ec680000, 0x0000000100000000)
  eden space 22016K, 100% used [0x00000000eab00000,0x00000000ec080000,0x00000000ec080000)
  from space 2560K, 87% used [0x00000000ec080000,0x00000000ec2b0010,0x00000000ec300000)
  to   space 3072K, 0% used [0x00000000ec380000,0x00000000ec380000,0x00000000ec680000)
 ParOldGen       total 68608K, used 25113K [0x00000000c0000000, 0x00000000c4300000, 0x00000000eab00000)
  object space 68608K, 36% used [0x00000000c0000000,0x00000000c1886758,0x00000000c4300000)
 Metaspace       used 45503K, committed 46656K, reserved 1114112K
  class space    used 4787K, committed 5312K, reserved 1048576K
}
Event: 6.038 GC heap after
{Heap after GC invocations=22 (full 2):
 PSYoungGen      total 24576K, used 2240K [0x00000000eab00000, 0x00000000ec600000, 0x0000000100000000)
  eden space 22016K, 0% used [0x00000000eab00000,0x00000000eab00000,0x00000000ec080000)
  from space 2560K, 87% used [0x00000000ec380000,0x00000000ec5b0010,0x00000000ec600000)
  to   space 2560K, 0% used [0x00000000ec080000,0x00000000ec080000,0x00000000ec300000)
 ParOldGen       total 68608K, used 27193K [0x00000000c0000000, 0x00000000c4300000, 0x00000000eab00000)
  object space 68608K, 39% used [0x00000000c0000000,0x00000000c1a8e758,0x00000000c4300000)
 Metaspace       used 45503K, committed 46656K, reserved 1114112K
  class space    used 4787K, committed 5312K, reserved 1048576K
}
Event: 6.066 GC heap before
{Heap before GC invocations=23 (full 2):
 PSYoungGen      total 24576K, used 24256K [0x00000000eab00000, 0x00000000ec600000, 0x0000000100000000)
  eden space 22016K, 100% used [0x00000000eab00000,0x00000000ec080000,0x00000000ec080000)
  from space 2560K, 87% used [0x00000000ec380000,0x00000000ec5b0010,0x00000000ec600000)
  to   space 2560K, 0% used [0x00000000ec080000,0x00000000ec080000,0x00000000ec300000)
 ParOldGen       total 68608K, used 27193K [0x00000000c0000000, 0x00000000c4300000, 0x00000000eab00000)
  object space 68608K, 39% used [0x00000000c0000000,0x00000000c1a8e758,0x00000000c4300000)
 Metaspace       used 45503K, committed 46656K, reserved 1114112K
  class space    used 4787K, committed 5312K, reserved 1048576K
}
Event: 6.068 GC heap after
{Heap after GC invocations=23 (full 2):
 PSYoungGen      total 24576K, used 2464K [0x00000000eab00000, 0x00000000ec580000, 0x0000000100000000)
  eden space 22016K, 0% used [0x00000000eab00000,0x00000000eab00000,0x00000000ec080000)
  from space 2560K, 96% used [0x00000000ec080000,0x00000000ec2e8000,0x00000000ec300000)
  to   space 2560K, 0% used [0x00000000ec300000,0x00000000ec300000,0x00000000ec580000)
 ParOldGen       total 68608K, used 29381K [0x00000000c0000000, 0x00000000c4300000, 0x00000000eab00000)
  object space 68608K, 42% used [0x00000000c0000000,0x00000000c1cb16a0,0x00000000c4300000)
 Metaspace       used 45503K, committed 46656K, reserved 1114112K
  class space    used 4787K, committed 5312K, reserved 1048576K
}
Event: 6.094 GC heap before
{Heap before GC invocations=24 (full 2):
 PSYoungGen      total 24576K, used 24480K [0x00000000eab00000, 0x00000000ec580000, 0x0000000100000000)
  eden space 22016K, 100% used [0x00000000eab00000,0x00000000ec080000,0x00000000ec080000)
  from space 2560K, 96% used [0x00000000ec080000,0x00000000ec2e8000,0x00000000ec300000)
  to   space 2560K, 0% used [0x00000000ec300000,0x00000000ec300000,0x00000000ec580000)
 ParOldGen       total 68608K, used 29381K [0x00000000c0000000, 0x00000000c4300000, 0x00000000eab00000)
  object space 68608K, 42% used [0x00000000c0000000,0x00000000c1cb16a0,0x00000000c4300000)
 Metaspace       used 45503K, committed 46656K, reserved 1114112K
  class space    used 4787K, committed 5312K, reserved 1048576K
}
Event: 6.096 GC heap after
{Heap after GC invocations=24 (full 2):
 PSYoungGen      total 21504K, used 2528K [0x00000000eab00000, 0x00000000ecb80000, 0x0000000100000000)
  eden space 18944K, 0% used [0x00000000eab00000,0x00000000eab00000,0x00000000ebd80000)
  from space 2560K, 98% used [0x00000000ec300000,0x00000000ec578010,0x00000000ec580000)
  to   space 5632K, 0% used [0x00000000ebd80000,0x00000000ebd80000,0x00000000ec300000)
 ParOldGen       total 68608K, used 31805K [0x00000000c0000000, 0x00000000c4300000, 0x00000000eab00000)
  object space 68608K, 46% used [0x00000000c0000000,0x00000000c1f0f6a0,0x00000000c4300000)
 Metaspace       used 45503K, committed 46656K, reserved 1114112K
  class space    used 4787K, committed 5312K, reserved 1048576K
}
Event: 6.331 GC heap before
{Heap before GC invocations=25 (full 2):
 PSYoungGen      total 21504K, used 21472K [0x00000000eab00000, 0x00000000ecb80000, 0x0000000100000000)
  eden space 18944K, 100% used [0x00000000eab00000,0x00000000ebd80000,0x00000000ebd80000)
  from space 2560K, 98% used [0x00000000ec300000,0x00000000ec578010,0x00000000ec580000)
  to   space 5632K, 0% used [0x00000000ebd80000,0x00000000ebd80000,0x00000000ec300000)
 ParOldGen       total 68608K, used 31805K [0x00000000c0000000, 0x00000000c4300000, 0x00000000eab00000)
  object space 68608K, 46% used [0x00000000c0000000,0x00000000c1f0f6a0,0x00000000c4300000)
 Metaspace       used 46354K, committed 47488K, reserved 1114112K
  class space    used 4864K, committed 5376K, reserved 1048576K
}
Event: 6.334 GC heap after
{Heap after GC invocations=25 (full 2):
 PSYoungGen      total 22528K, used 3300K [0x00000000eab00000, 0x00000000ec580000, 0x0000000100000000)
  eden space 18944K, 0% used [0x00000000eab00000,0x00000000eab00000,0x00000000ebd80000)
  from space 3584K, 92% used [0x00000000ebd80000,0x00000000ec0b9000,0x00000000ec100000)
  to   space 4096K, 0% used [0x00000000ec180000,0x00000000ec180000,0x00000000ec580000)
 ParOldGen       total 68608K, used 34237K [0x00000000c0000000, 0x00000000c4300000, 0x00000000eab00000)
  object space 68608K, 49% used [0x00000000c0000000,0x00000000c216f6b0,0x00000000c4300000)
 Metaspace       used 46354K, committed 47488K, reserved 1114112K
  class space    used 4864K, committed 5376K, reserved 1048576K
}
Event: 6.401 GC heap before
{Heap before GC invocations=26 (full 2):
 PSYoungGen      total 22528K, used 22244K [0x00000000eab00000, 0x00000000ec580000, 0x0000000100000000)
  eden space 18944K, 100% used [0x00000000eab00000,0x00000000ebd80000,0x00000000ebd80000)
  from space 3584K, 92% used [0x00000000ebd80000,0x00000000ec0b9000,0x00000000ec100000)
  to   space 4096K, 0% used [0x00000000ec180000,0x00000000ec180000,0x00000000ec580000)
 ParOldGen       total 68608K, used 34237K [0x00000000c0000000, 0x00000000c4300000, 0x00000000eab00000)
  object space 68608K, 49% used [0x00000000c0000000,0x00000000c216f6b0,0x00000000c4300000)
 Metaspace       used 46625K, committed 47744K, reserved 1114112K
  class space    used 4901K, committed 5376K, reserved 1048576K
}
Event: 6.404 GC heap after
{Heap after GC invocations=26 (full 2):
 PSYoungGen      total 19968K, used 1008K [0x00000000eab00000, 0x00000000ec280000, 0x0000000100000000)
  eden space 18944K, 0% used [0x00000000eab00000,0x00000000eab00000,0x00000000ebd80000)
  from space 1024K, 98% used [0x00000000ec180000,0x00000000ec27c010,0x00000000ec280000)
  to   space 2048K, 0% used [0x00000000ebe80000,0x00000000ebe80000,0x00000000ec080000)
 ParOldGen       total 68608K, used 37486K [0x00000000c0000000, 0x00000000c4300000, 0x00000000eab00000)
  object space 68608K, 54% used [0x00000000c0000000,0x00000000c249ba08,0x00000000c4300000)
 Metaspace       used 46625K, committed 47744K, reserved 1114112K
  class space    used 4901K, committed 5376K, reserved 1048576K
}
Event: 6.648 GC heap before
{Heap before GC invocations=27 (full 2):
 PSYoungGen      total 19968K, used 19952K [0x00000000eab00000, 0x00000000ec280000, 0x0000000100000000)
  eden space 18944K, 100% used [0x00000000eab00000,0x00000000ebd80000,0x00000000ebd80000)
  from space 1024K, 98% used [0x00000000ec180000,0x00000000ec27c010,0x00000000ec280000)
  to   space 2048K, 0% used [0x00000000ebe80000,0x00000000ebe80000,0x00000000ec080000)
 ParOldGen       total 68608K, used 37486K [0x00000000c0000000, 0x00000000c4300000, 0x00000000eab00000)
  object space 68608K, 54% used [0x00000000c0000000,0x00000000c249ba08,0x00000000c4300000)
 Metaspace       used 48122K, committed 49344K, reserved 1114112K
  class space    used 5115K, committed 5632K, reserved 1048576K
}
Event: 6.649 GC heap after
{Heap after GC invocations=27 (full 2):
 PSYoungGen      total 20992K, used 632K [0x00000000eab00000, 0x00000000ec200000, 0x0000000100000000)
  eden space 18944K, 0% used [0x00000000eab00000,0x00000000eab00000,0x00000000ebd80000)
  from space 2048K, 30% used [0x00000000ebe80000,0x00000000ebf1e1e8,0x00000000ec080000)
  to   space 1024K, 0% used [0x00000000ec100000,0x00000000ec100000,0x00000000ec200000)
 ParOldGen       total 68608K, used 38406K [0x00000000c0000000, 0x00000000c4300000, 0x00000000eab00000)
  object space 68608K, 55% used [0x00000000c0000000,0x00000000c2581a08,0x00000000c4300000)
 Metaspace       used 48122K, committed 49344K, reserved 1114112K
  class space    used 5115K, committed 5632K, reserved 1048576K
}
Event: 7.161 GC heap before
{Heap before GC invocations=28 (full 2):
 PSYoungGen      total 20992K, used 19047K [0x00000000eab00000, 0x00000000ec200000, 0x0000000100000000)
  eden space 18944K, 97% used [0x00000000eab00000,0x00000000ebcfbc10,0x00000000ebd80000)
  from space 2048K, 30% used [0x00000000ebe80000,0x00000000ebf1e1e8,0x00000000ec080000)
  to   space 1024K, 0% used [0x00000000ec100000,0x00000000ec100000,0x00000000ec200000)
 ParOldGen       total 68608K, used 38406K [0x00000000c0000000, 0x00000000c4300000, 0x00000000eab00000)
  object space 68608K, 55% used [0x00000000c0000000,0x00000000c2581a08,0x00000000c4300000)
 Metaspace       used 49335K, committed 50432K, reserved 1114112K
  class space    used 5225K, committed 5696K, reserved 1048576K
}
Event: 7.162 GC heap after
{Heap after GC invocations=28 (full 2):
 PSYoungGen      total 19968K, used 512K [0x00000000eab00000, 0x00000000ec200000, 0x0000000100000000)
  eden space 18944K, 0% used [0x00000000eab00000,0x00000000eab00000,0x00000000ebd80000)
  from space 1024K, 50% used [0x00000000ec100000,0x00000000ec180020,0x00000000ec200000)
  to   space 1024K, 0% used [0x00000000ec000000,0x00000000ec000000,0x00000000ec100000)
 ParOldGen       total 68608K, used 38938K [0x00000000c0000000, 0x00000000c4300000, 0x00000000eab00000)
  object space 68608K, 56% used [0x00000000c0000000,0x00000000c2606b90,0x00000000c4300000)
 Metaspace       used 49335K, committed 50432K, reserved 1114112K
  class space    used 5225K, committed 5696K, reserved 1048576K
}
Event: 7.353 GC heap before
{Heap before GC invocations=29 (full 2):
 PSYoungGen      total 19968K, used 19456K [0x00000000eab00000, 0x00000000ec200000, 0x0000000100000000)
  eden space 18944K, 100% used [0x00000000eab00000,0x00000000ebd80000,0x00000000ebd80000)
  from space 1024K, 50% used [0x00000000ec100000,0x00000000ec180020,0x00000000ec200000)
  to   space 1024K, 0% used [0x00000000ec000000,0x00000000ec000000,0x00000000ec100000)
 ParOldGen       total 68608K, used 38938K [0x00000000c0000000, 0x00000000c4300000, 0x00000000eab00000)
  object space 68608K, 56% used [0x00000000c0000000,0x00000000c2606b90,0x00000000c4300000)
 Metaspace       used 49967K, committed 51200K, reserved 1114112K
  class space    used 5277K, committed 5824K, reserved 1048576K
}
Event: 7.355 GC heap after
{Heap after GC invocations=29 (full 2):
 PSYoungGen      total 19968K, used 624K [0x00000000eab00000, 0x00000000ec180000, 0x0000000100000000)
  eden space 18944K, 0% used [0x00000000eab00000,0x00000000eab00000,0x00000000ebd80000)
  from space 1024K, 61% used [0x00000000ec000000,0x00000000ec09c3c8,0x00000000ec100000)
  to   space 512K, 0% used [0x00000000ec100000,0x00000000ec100000,0x00000000ec180000)
 ParOldGen       total 68608K, used 40096K [0x00000000c0000000, 0x00000000c4300000, 0x00000000eab00000)
  object space 68608K, 58% used [0x00000000c0000000,0x00000000c27280c0,0x00000000c4300000)
 Metaspace       used 49967K, committed 51200K, reserved 1114112K
  class space    used 5277K, committed 5824K, reserved 1048576K
}
Event: 7.491 GC heap before
{Heap before GC invocations=30 (full 2):
 PSYoungGen      total 19968K, used 19568K [0x00000000eab00000, 0x00000000ec180000, 0x0000000100000000)
  eden space 18944K, 100% used [0x00000000eab00000,0x00000000ebd80000,0x00000000ebd80000)
  from space 1024K, 61% used [0x00000000ec000000,0x00000000ec09c3c8,0x00000000ec100000)
  to   space 512K, 0% used [0x00000000ec100000,0x00000000ec100000,0x00000000ec180000)
 ParOldGen       total 68608K, used 40096K [0x00000000c0000000, 0x00000000c4300000, 0x00000000eab00000)
  object space 68608K, 58% used [0x00000000c0000000,0x00000000c27280c0,0x00000000c4300000)
 Metaspace       used 50187K, committed 51392K, reserved 1114112K
  class space    used 5294K, committed 5824K, reserved 1048576K
}
Event: 7.493 GC heap after
{Heap after GC invocations=30 (full 2):
 PSYoungGen      total 19456K, used 512K [0x00000000eab00000, 0x00000000ec480000, 0x0000000100000000)
  eden space 18944K, 0% used [0x00000000eab00000,0x00000000eab00000,0x00000000ebd80000)
  from space 512K, 100% used [0x00000000ec100000,0x00000000ec180000,0x00000000ec180000)
  to   space 3584K, 0% used [0x00000000ebd80000,0x00000000ebd80000,0x00000000ec100000)
 ParOldGen       total 68608K, used 42422K [0x00000000c0000000, 0x00000000c4300000, 0x00000000eab00000)
  object space 68608K, 61% used [0x00000000c0000000,0x00000000c296db18,0x00000000c4300000)
 Metaspace       used 50187K, committed 51392K, reserved 1114112K
  class space    used 5294K, committed 5824K, reserved 1048576K
}
Event: 7.628 GC heap before
{Heap before GC invocations=31 (full 2):
 PSYoungGen      total 19456K, used 19453K [0x00000000eab00000, 0x00000000ec480000, 0x0000000100000000)
  eden space 18944K, 99% used [0x00000000eab00000,0x00000000ebd7f7e8,0x00000000ebd80000)
  from space 512K, 100% used [0x00000000ec100000,0x00000000ec180000,0x00000000ec180000)
  to   space 3584K, 0% used [0x00000000ebd80000,0x00000000ebd80000,0x00000000ec100000)
 ParOldGen       total 68608K, used 42422K [0x00000000c0000000, 0x00000000c4300000, 0x00000000eab00000)
  object space 68608K, 61% used [0x00000000c0000000,0x00000000c296db18,0x00000000c4300000)
 Metaspace       used 51335K, committed 52672K, reserved 1114112K
  class space    used 5394K, committed 6016K, reserved 1048576K
}
Event: 7.630 GC heap after
{Heap after GC invocations=31 (full 2):
 PSYoungGen      total 22016K, used 2815K [0x00000000eab00000, 0x00000000ec380000, 0x0000000100000000)
  eden space 18944K, 0% used [0x00000000eab00000,0x00000000eab00000,0x00000000ebd80000)
  from space 3072K, 91% used [0x00000000ebd80000,0x00000000ec03fd00,0x00000000ec080000)
  to   space 3072K, 0% used [0x00000000ec080000,0x00000000ec080000,0x00000000ec380000)
 ParOldGen       total 68608K, used 42934K [0x00000000c0000000, 0x00000000c4300000, 0x00000000eab00000)
  object space 68608K, 62% used [0x00000000c0000000,0x00000000c29edb18,0x00000000c4300000)
 Metaspace       used 51335K, committed 52672K, reserved 1114112K
  class space    used 5394K, committed 6016K, reserved 1048576K
}

Deoptimization events (20 events):
Event: 7.527 Thread 0x0000021a4c2b6bd0 DEOPT PACKING pc=0x0000021a3bf49f78 sp=0x00000081926fe090
Event: 7.527 Thread 0x0000021a4c2b6bd0 DEOPT UNPACKING pc=0x0000021a343020a3 sp=0x00000081926fe040 mode 2
Event: 7.537 Thread 0x0000021a4c2b7a40 DEOPT PACKING pc=0x0000021a354e272e sp=0x00000081920feab0
Event: 7.537 Thread 0x0000021a4c2b7a40 DEOPT UNPACKING pc=0x0000021a34302843 sp=0x00000081920fded0 mode 0
Event: 7.567 Thread 0x0000021a4c2b7a40 DEOPT PACKING pc=0x0000021a35490412 sp=0x00000081920febd0
Event: 7.567 Thread 0x0000021a4c2b7a40 DEOPT UNPACKING pc=0x0000021a34302843 sp=0x00000081920fe090 mode 0
Event: 7.574 Thread 0x0000021a4c2b7a40 DEOPT PACKING pc=0x0000021a354945c1 sp=0x00000081920fec40
Event: 7.574 Thread 0x0000021a4c2b7a40 DEOPT UNPACKING pc=0x0000021a34302843 sp=0x00000081920fe098 mode 0
Event: 7.575 Thread 0x0000021a4c2b7a40 Uncommon trap: trap_request=0xffffff45 fr.pc=0x0000021a3c0f0f7c relative=0x000000000000067c
Event: 7.575 Thread 0x0000021a4c2b7a40 Uncommon trap: reason=unstable_if action=reinterpret pc=0x0000021a3c0f0f7c method=org.eclipse.jdt.internal.core.search.indexing.BinaryIndexer.addTypeReference([C)V @ 23 c2
Event: 7.575 Thread 0x0000021a4c2b7a40 DEOPT PACKING pc=0x0000021a3c0f0f7c sp=0x00000081920fead0
Event: 7.575 Thread 0x0000021a4c2b7a40 DEOPT UNPACKING pc=0x0000021a343020a3 sp=0x00000081920feaa8 mode 2
Event: 7.623 Thread 0x0000021a4c2b7a40 DEOPT PACKING pc=0x0000021a35577aec sp=0x00000081920fead0
Event: 7.623 Thread 0x0000021a4c2b7a40 DEOPT UNPACKING pc=0x0000021a34302843 sp=0x00000081920fe050 mode 0
Event: 7.625 Thread 0x0000021a4c2b7a40 DEOPT PACKING pc=0x0000021a354d424a sp=0x00000081920fe8a0
Event: 7.625 Thread 0x0000021a4c2b7a40 DEOPT UNPACKING pc=0x0000021a34302843 sp=0x00000081920fdc98 mode 0
Event: 7.674 Thread 0x0000021a4c2b7a40 Uncommon trap: trap_request=0xffffff45 fr.pc=0x0000021a3c0c9fe4 relative=0x0000000000000164
Event: 7.674 Thread 0x0000021a4c2b7a40 Uncommon trap: reason=unstable_if action=reinterpret pc=0x0000021a3c0c9fe4 method=org.eclipse.jdt.internal.core.search.indexing.BinaryIndexer.replace(CC[C)[C @ 1 c2
Event: 7.674 Thread 0x0000021a4c2b7a40 DEOPT PACKING pc=0x0000021a3c0c9fe4 sp=0x00000081920fea50
Event: 7.674 Thread 0x0000021a4c2b7a40 DEOPT UNPACKING pc=0x0000021a343020a3 sp=0x00000081920fe9d0 mode 2

Classes loaded (20 events):
Event: 7.288 Loading class java/util/ArrayDeque$DeqSpliterator
Event: 7.288 Loading class java/util/ArrayDeque$DeqSpliterator done
Event: 7.494 Loading class java/util/HashMap$EntrySpliterator
Event: 7.494 Loading class java/util/HashMap$EntrySpliterator done
Event: 7.513 Loading class java/util/concurrent/CompletableFuture$UniApply
Event: 7.514 Loading class java/util/concurrent/CompletableFuture$UniCompletion
Event: 7.514 Loading class java/util/concurrent/CompletableFuture$UniCompletion done
Event: 7.514 Loading class java/util/concurrent/CompletableFuture$UniApply done
Event: 7.515 Loading class java/util/concurrent/CompletableFuture$UniAccept
Event: 7.515 Loading class java/util/concurrent/CompletableFuture$UniAccept done
Event: 7.515 Loading class java/util/concurrent/CompletableFuture$UniExceptionally
Event: 7.516 Loading class java/util/concurrent/CompletableFuture$UniExceptionally done
Event: 7.546 Loading class java/util/Collections$SynchronizedRandomAccessList
Event: 7.552 Loading class java/util/Collections$SynchronizedList
Event: 7.552 Loading class java/util/Collections$SynchronizedList done
Event: 7.552 Loading class java/util/Collections$SynchronizedRandomAccessList done
Event: 7.556 Loading class java/util/concurrent/CompletableFuture$Signaller
Event: 7.556 Loading class java/util/concurrent/CompletableFuture$Signaller done
Event: 7.615 Loading class java/util/regex/Pattern$Caret
Event: 7.616 Loading class java/util/regex/Pattern$Caret done

Classes unloaded (7 events):
Event: 3.173 Thread 0x0000021a45bd2850 Unloading class 0x0000000800dac800 'java/lang/invoke/LambdaForm$MH+0x0000000800dac800'
Event: 3.173 Thread 0x0000021a45bd2850 Unloading class 0x0000000800dac400 'java/lang/invoke/LambdaForm$MH+0x0000000800dac400'
Event: 3.173 Thread 0x0000021a45bd2850 Unloading class 0x0000000800dac000 'java/lang/invoke/LambdaForm$MH+0x0000000800dac000'
Event: 3.173 Thread 0x0000021a45bd2850 Unloading class 0x0000000800dabc00 'java/lang/invoke/LambdaForm$MH+0x0000000800dabc00'
Event: 3.173 Thread 0x0000021a45bd2850 Unloading class 0x0000000800dab800 'java/lang/invoke/LambdaForm$BMH+0x0000000800dab800'
Event: 3.173 Thread 0x0000021a45bd2850 Unloading class 0x0000000800dab400 'java/lang/invoke/LambdaForm$DMH+0x0000000800dab400'
Event: 3.173 Thread 0x0000021a45bd2850 Unloading class 0x0000000800daa000 'java/lang/invoke/LambdaForm$DMH+0x0000000800daa000'

Classes redefined (0 events):
No events

Internal exceptions (20 events):
Event: 6.273 Thread 0x0000021a4c2b6230 Exception <a 'sun/nio/fs/WindowsException'{0x00000000eb9776d0}> (0x00000000eb9776d0) 
thrown [t:\workspace\open\src\hotspot\share\prims\jni.cpp, line 516]
Event: 6.273 Thread 0x0000021a4c2b6230 Exception <a 'sun/nio/fs/WindowsException'{0x00000000eb977ce0}> (0x00000000eb977ce0) 
thrown [t:\workspace\open\src\hotspot\share\prims\jni.cpp, line 516]
Event: 6.273 Thread 0x0000021a4c2b6230 Exception <a 'sun/nio/fs/WindowsException'{0x00000000eb97b010}> (0x00000000eb97b010) 
thrown [t:\workspace\open\src\hotspot\share\prims\jni.cpp, line 516]
Event: 6.273 Thread 0x0000021a4c2b6230 Exception <a 'sun/nio/fs/WindowsException'{0x00000000eb97b698}> (0x00000000eb97b698) 
thrown [t:\workspace\open\src\hotspot\share\prims\jni.cpp, line 516]
Event: 6.273 Thread 0x0000021a4c2b6230 Exception <a 'sun/nio/fs/WindowsException'{0x00000000eb97bd20}> (0x00000000eb97bd20) 
thrown [t:\workspace\open\src\hotspot\share\prims\jni.cpp, line 516]
Event: 6.273 Thread 0x0000021a4c2b6230 Exception <a 'sun/nio/fs/WindowsException'{0x00000000eb97c3c0}> (0x00000000eb97c3c0) 
thrown [t:\workspace\open\src\hotspot\share\prims\jni.cpp, line 516]
Event: 6.274 Thread 0x0000021a4c2b6230 Exception <a 'sun/nio/fs/WindowsException'{0x00000000eb97f958}> (0x00000000eb97f958) 
thrown [t:\workspace\open\src\hotspot\share\prims\jni.cpp, line 516]
Event: 6.274 Thread 0x0000021a4c2b6230 Exception <a 'sun/nio/fs/WindowsException'{0x00000000eb980010}> (0x00000000eb980010) 
thrown [t:\workspace\open\src\hotspot\share\prims\jni.cpp, line 516]
Event: 6.274 Thread 0x0000021a4c2b6230 Exception <a 'sun/nio/fs/WindowsException'{0x00000000eb9806c8}> (0x00000000eb9806c8) 
thrown [t:\workspace\open\src\hotspot\share\prims\jni.cpp, line 516]
Event: 6.274 Thread 0x0000021a4c2b6230 Exception <a 'sun/nio/fs/WindowsException'{0x00000000eb980d98}> (0x00000000eb980d98) 
thrown [t:\workspace\open\src\hotspot\share\prims\jni.cpp, line 516]
Event: 6.305 Thread 0x0000021a4c2b6230 Exception <a 'java/io/FileNotFoundException'{0x00000000ebbb8918}> (0x00000000ebbb8918) 
thrown [t:\workspace\open\src\hotspot\share\prims\jni.cpp, line 516]
Event: 7.102 Thread 0x0000021a4c2b6230 Exception <a 'java/io/FileNotFoundException'{0x00000000ebbb5048}> (0x00000000ebbb5048) 
thrown [t:\workspace\open\src\hotspot\share\prims\jni.cpp, line 516]
Event: 7.290 Thread 0x0000021a4c2b6230 Exception <a 'java/io/FileNotFoundException'{0x00000000eb5f5e28}> (0x00000000eb5f5e28) 
thrown [t:\workspace\open\src\hotspot\share\prims\jni.cpp, line 516]
Event: 7.438 Thread 0x0000021a4c2b6230 Exception <a 'java/io/FileNotFoundException'{0x00000000eb9b5438}> (0x00000000eb9b5438) 
thrown [t:\workspace\open\src\hotspot\share\prims\jni.cpp, line 516]
Event: 7.439 Thread 0x0000021a4c2b6230 Exception <a 'java/io/FileNotFoundException'{0x00000000eb9b6428}> (0x00000000eb9b6428) 
thrown [t:\workspace\open\src\hotspot\share\prims\jni.cpp, line 516]
Event: 7.439 Thread 0x0000021a4c2b6230 Exception <a 'java/io/FileNotFoundException'{0x00000000eb9b71b8}> (0x00000000eb9b71b8) 
thrown [t:\workspace\open\src\hotspot\share\prims\jni.cpp, line 516]
Event: 7.473 Thread 0x0000021a4c2b6230 Exception <a 'sun/nio/fs/WindowsException'{0x00000000ebbb4610}> (0x00000000ebbb4610) 
thrown [t:\workspace\open\src\hotspot\share\prims\jni.cpp, line 516]
Event: 7.477 Thread 0x0000021a4c2b6230 Exception <a 'sun/nio/fs/WindowsException'{0x00000000ebbcbf28}> (0x00000000ebbcbf28) 
thrown [t:\workspace\open\src\hotspot\share\prims\jni.cpp, line 516]
Event: 7.510 Thread 0x0000021a4c2b6bd0 Exception <a 'java/lang/IncompatibleClassChangeError'{0x00000000ead74740}: Found class java.lang.Object, but interface was expected> (0x00000000ead74740) 
thrown [t:\workspace\open\src\hotspot\share\interpreter\linkResolver.cpp, line 833]
Event: 7.674 Thread 0x0000021a4c2b7a40 Implicit null exception at 0x0000021a3c0c9eac to 0x0000021a3c0c9fcc

VM Operations (20 events):
Event: 6.500 Executing VM operation: HandshakeAllThreads
Event: 6.500 Executing VM operation: HandshakeAllThreads done
Event: 6.648 Executing VM operation: ParallelGCFailedAllocation
Event: 6.649 Executing VM operation: ParallelGCFailedAllocation done
Event: 7.161 Executing VM operation: ParallelGCFailedAllocation
Event: 7.166 Executing VM operation: ParallelGCFailedAllocation done
Event: 7.336 Executing VM operation: HandshakeAllThreads
Event: 7.336 Executing VM operation: HandshakeAllThreads done
Event: 7.353 Executing VM operation: ParallelGCFailedAllocation
Event: 7.355 Executing VM operation: ParallelGCFailedAllocation done
Event: 7.491 Executing VM operation: ParallelGCFailedAllocation
Event: 7.493 Executing VM operation: ParallelGCFailedAllocation done
Event: 7.541 Executing VM operation: HandshakeAllThreads
Event: 7.541 Executing VM operation: HandshakeAllThreads done
Event: 7.542 Executing VM operation: HandshakeAllThreads
Event: 7.542 Executing VM operation: HandshakeAllThreads done
Event: 7.623 Executing VM operation: HandshakeAllThreads
Event: 7.623 Executing VM operation: HandshakeAllThreads done
Event: 7.628 Executing VM operation: ParallelGCFailedAllocation
Event: 7.632 Executing VM operation: ParallelGCFailedAllocation done

Events (20 events):
Event: 5.051 Thread 0x0000021a4b428030 flushing nmethod 0x0000021a35201f90
Event: 5.051 Thread 0x0000021a4b428030 flushing nmethod 0x0000021a35203e90
Event: 5.051 Thread 0x0000021a4b428030 flushing nmethod 0x0000021a35206010
Event: 5.051 Thread 0x0000021a4b428030 flushing nmethod 0x0000021a35206d90
Event: 5.051 Thread 0x0000021a4b428030 flushing nmethod 0x0000021a35210c90
Event: 5.051 Thread 0x0000021a4b428030 flushing nmethod 0x0000021a35215f90
Event: 5.051 Thread 0x0000021a4b428030 flushing nmethod 0x0000021a35217610
Event: 5.051 Thread 0x0000021a4b428030 flushing nmethod 0x0000021a35218710
Event: 5.051 Thread 0x0000021a4b428030 flushing nmethod 0x0000021a3521f510
Event: 5.051 Thread 0x0000021a4b428030 flushing nmethod 0x0000021a35236290
Event: 5.051 Thread 0x0000021a4b428030 flushing nmethod 0x0000021a35249a90
Event: 5.051 Thread 0x0000021a4b428030 flushing nmethod 0x0000021a3524de90
Event: 5.051 Thread 0x0000021a4b428030 flushing nmethod 0x0000021a35261a90
Event: 5.051 Thread 0x0000021a4b428030 flushing nmethod 0x0000021a35264010
Event: 5.051 Thread 0x0000021a4b428030 flushing nmethod 0x0000021a3526cc10
Event: 6.818 Thread 0x0000021a4c576970 Thread exited: 0x0000021a4c576970
Event: 7.172 Thread 0x0000021a4c576970 Thread added: 0x0000021a4c576970
Event: 7.291 Thread 0x0000021a4e5472b0 Thread added: 0x0000021a4e5472b0
Event: 7.515 Thread 0x0000021a4e5455d0 Thread added: 0x0000021a4e5455d0
Event: 7.522 Thread 0x0000021a4e545aa0 Thread added: 0x0000021a4e545aa0


Dynamic libraries:
0x00007ff689790000 - 0x00007ff6897a0000 	C:\Program Files\Java\jdk-18\bin\java.exe
0x00007ffb40a90000 - 0x00007ffb40c88000 	C:\WINDOWS\SYSTEM32\ntdll.dll
0x00007ffafc9c0000 - 0x00007ffafc9d9000 	C:\Program Files\AVG\Antivirus\aswhook.dll
0x00007ffb3fee0000 - 0x00007ffb3ff9d000 	C:\WINDOWS\System32\KERNEL32.DLL
0x00007ffb3e380000 - 0x00007ffb3e676000 	C:\WINDOWS\System32\KERNELBASE.dll
0x00007ffb3e230000 - 0x00007ffb3e330000 	C:\WINDOWS\System32\ucrtbase.dll
0x00007ffb346e0000 - 0x00007ffb346fa000 	C:\Program Files\Java\jdk-18\bin\VCRUNTIME140.dll
0x00007ffb39c40000 - 0x00007ffb39c58000 	C:\Program Files\Java\jdk-18\bin\jli.dll
0x00007ffb40510000 - 0x00007ffb405c0000 	C:\WINDOWS\System32\ADVAPI32.dll
0x00007ffb3ffa0000 - 0x00007ffb4003e000 	C:\WINDOWS\System32\msvcrt.dll
0x00007ffb3fe40000 - 0x00007ffb3fee0000 	C:\WINDOWS\System32\sechost.dll
0x00007ffb40870000 - 0x00007ffb40993000 	C:\WINDOWS\System32\RPCRT4.dll
0x00007ffb3fb70000 - 0x00007ffb3fd0f000 	C:\WINDOWS\System32\USER32.dll
0x00007ffb3e200000 - 0x00007ffb3e222000 	C:\WINDOWS\System32\win32u.dll
0x00007ffb24760000 - 0x00007ffb249fa000 	C:\WINDOWS\WinSxS\amd64_microsoft.windows.common-controls_6595b64144ccf1df_6.0.19041.3636_none_60b6a03d71f818d5\COMCTL32.dll
0x00007ffb3e070000 - 0x00007ffb3e097000 	C:\WINDOWS\SYSTEM32\bcrypt.dll
0x00007ffb3fb30000 - 0x00007ffb3fb5b000 	C:\WINDOWS\System32\GDI32.dll
0x00007ffb3e9a0000 - 0x00007ffb3eab7000 	C:\WINDOWS\System32\gdi32full.dll
0x00007ffb3e7e0000 - 0x00007ffb3e87d000 	C:\WINDOWS\System32\msvcp_win.dll
0x00007ffb361e0000 - 0x00007ffb361ea000 	C:\WINDOWS\SYSTEM32\VERSION.dll
0x00007ffb3fdf0000 - 0x00007ffb3fe22000 	C:\WINDOWS\System32\IMM32.DLL
0x00007ffb38af0000 - 0x00007ffb38afc000 	C:\Program Files\Java\jdk-18\bin\vcruntime140_1.dll
0x00007ffb1b360000 - 0x00007ffb1b3ed000 	C:\Program Files\Java\jdk-18\bin\msvcp140.dll
0x00007ffac59f0000 - 0x00007ffac6601000 	C:\Program Files\Java\jdk-18\bin\server\jvm.dll
0x00007ffb3fe30000 - 0x00007ffb3fe38000 	C:\WINDOWS\System32\PSAPI.DLL
0x00007ffb20ac0000 - 0x00007ffb20ac9000 	C:\WINDOWS\SYSTEM32\WSOCK32.dll
0x00007ffb3f0d0000 - 0x00007ffb3f13b000 	C:\WINDOWS\System32\WS2_32.dll
0x00007ffb2a540000 - 0x00007ffb2a567000 	C:\WINDOWS\SYSTEM32\WINMM.dll
0x00007ffb3bfb0000 - 0x00007ffb3bfc2000 	C:\WINDOWS\SYSTEM32\kernel.appcore.dll
0x00007ffb32fa0000 - 0x00007ffb32faa000 	C:\Program Files\Java\jdk-18\bin\jimage.dll
0x00007ffb30450000 - 0x00007ffb30634000 	C:\WINDOWS\SYSTEM32\DBGHELP.DLL
0x00007ffb303f0000 - 0x00007ffb30424000 	C:\WINDOWS\SYSTEM32\dbgcore.DLL
0x00007ffb3e170000 - 0x00007ffb3e1f2000 	C:\WINDOWS\System32\bcryptPrimitives.dll
0x00007ffb39af0000 - 0x00007ffb39afe000 	C:\Program Files\Java\jdk-18\bin\instrument.dll
0x00007ffb26810000 - 0x00007ffb26835000 	C:\Program Files\Java\jdk-18\bin\java.dll
0x00007ffb1b280000 - 0x00007ffb1b356000 	C:\Program Files\Java\jdk-18\bin\jsvml.dll
0x00007ffb3f270000 - 0x00007ffb3f9db000 	C:\WINDOWS\System32\SHELL32.dll
0x00007ffb3c1b0000 - 0x00007ffb3c94e000 	C:\WINDOWS\SYSTEM32\windows.storage.dll
0x00007ffb3ead0000 - 0x00007ffb3ee23000 	C:\WINDOWS\System32\combase.dll
0x00007ffb3da90000 - 0x00007ffb3dabe000 	C:\WINDOWS\SYSTEM32\Wldp.dll
0x00007ffb3fa40000 - 0x00007ffb3fb0d000 	C:\WINDOWS\System32\OLEAUT32.dll
0x00007ffb409a0000 - 0x00007ffb40a4d000 	C:\WINDOWS\System32\SHCORE.dll
0x00007ffb3eec0000 - 0x00007ffb3ef15000 	C:\WINDOWS\System32\shlwapi.dll
0x00007ffb3e0a0000 - 0x00007ffb3e0c3000 	C:\WINDOWS\SYSTEM32\profapi.dll
0x00007ffb24f00000 - 0x00007ffb24f18000 	C:\Program Files\Java\jdk-18\bin\zip.dll
0x00007ffb24ee0000 - 0x00007ffb24ef3000 	C:\Program Files\Java\jdk-18\bin\net.dll
0x00007ffb35840000 - 0x00007ffb3594a000 	C:\WINDOWS\SYSTEM32\WINHTTP.dll
0x00007ffb3d870000 - 0x00007ffb3d8da000 	C:\WINDOWS\system32\mswsock.dll
0x00007ffb23840000 - 0x00007ffb23856000 	C:\Program Files\Java\jdk-18\bin\nio.dll
0x00007ffb306e0000 - 0x00007ffb306f0000 	C:\Program Files\Java\jdk-18\bin\verify.dll
0x00007ffb0c0d0000 - 0x00007ffb0c10e000 	D:\AppData\Roaming\Code\User\globalStorage\redhat.java\1.29.0\config_win\org.eclipse.equinox.launcher\org.eclipse.equinox.launcher.win32.win32.x86_64_1.2.900.v20240213-1244\eclipse_11900.dll
0x00007ffb3f140000 - 0x00007ffb3f26b000 	C:\WINDOWS\System32\ole32.dll
0x00007ffb3dde0000 - 0x00007ffb3ddf8000 	C:\WINDOWS\SYSTEM32\CRYPTSP.dll
0x00007ffb3d140000 - 0x00007ffb3d174000 	C:\WINDOWS\system32\rsaenh.dll
0x00007ffb3e030000 - 0x00007ffb3e05e000 	C:\WINDOWS\SYSTEM32\USERENV.dll
0x00007ffb3da00000 - 0x00007ffb3da0c000 	C:\WINDOWS\SYSTEM32\CRYPTBASE.dll
0x00007ffb3d520000 - 0x00007ffb3d55b000 	C:\WINDOWS\SYSTEM32\IPHLPAPI.DLL
0x00007ffb3eac0000 - 0x00007ffb3eac8000 	C:\WINDOWS\System32\NSI.dll
0x00007ffb36c80000 - 0x00007ffb36c97000 	C:\WINDOWS\SYSTEM32\dhcpcsvc6.DLL
0x00007ffb36b70000 - 0x00007ffb36b8d000 	C:\WINDOWS\SYSTEM32\dhcpcsvc.DLL
0x00007ffb3d560000 - 0x00007ffb3d62b000 	C:\WINDOWS\SYSTEM32\DNSAPI.dll
0x00007ffb0a2f0000 - 0x00007ffb0a335000 	D:\Temp\jna-2289347\jna16832563144567573910.dll

dbghelp: loaded successfully - version: 4.0.5 - missing functions: none
symbol engine: initialized successfully - sym options: 0x614 - pdb path: .;C:\Program Files\Java\jdk-18\bin;C:\WINDOWS\SYSTEM32;C:\Program Files\AVG\Antivirus;C:\WINDOWS\WinSxS\amd64_microsoft.windows.common-controls_6595b64144ccf1df_6.0.19041.3636_none_60b6a03d71f818d5;C:\Program Files\Java\jdk-18\bin\server;D:\AppData\Roaming\Code\User\globalStorage\redhat.java\1.29.0\config_win\org.eclipse.equinox.launcher\org.eclipse.equinox.launcher.win32.win32.x86_64_1.2.900.v20240213-1244;D:\Temp\jna-2289347

VM Arguments:
jvm_args: --add-modules=ALL-SYSTEM --add-opens=java.base/java.util=ALL-UNNAMED --add-opens=java.base/java.lang=ALL-UNNAMED --add-opens=java.base/sun.nio.fs=ALL-UNNAMED -Declipse.application=org.eclipse.jdt.ls.core.id1 -Dosgi.bundles.defaultStartLevel=4 -Declipse.product=org.eclipse.jdt.ls.core.product -Djava.import.generatesMetadataFilesAtProjectRoot=false -DDetectVMInstallationsJob.disabled=true -Dfile.encoding=utf8 -XX:+UseParallelGC -XX:GCTimeRatio=4 -XX:AdaptiveSizePolicyWeight=90 -Dsun.zip.disableMemoryMapping=true -Xmx1G -Xms100m -Xlog:disable -javaagent:d:\Document\.vscode\extensions\redhat.java-1.29.0-win32-x64\lombok\lombok-1.18.32.jar -XX:+HeapDumpOnOutOfMemoryError -XX:HeapDumpPath=d:\AppData\Roaming\Code\User\workspaceStorage\8e2a7522834f231f8b84a8a235c14d5c\redhat.java -Daether.dependencyCollector.impl=bf 
java_command: d:\Document\.vscode\extensions\redhat.java-1.29.0-win32-x64\server\plugins\org.eclipse.equinox.launcher_1.6.800.v20240304-1850.jar -configuration d:\AppData\Roaming\Code\User\globalStorage\redhat.java\1.29.0\config_win -data d:\AppData\Roaming\Code\User\workspaceStorage\8e2a7522834f231f8b84a8a235c14d5c\redhat.java\jdt_ws --stdio
java_class_path (initial): d:\Document\.vscode\extensions\redhat.java-1.29.0-win32-x64\server\plugins\org.eclipse.equinox.launcher_1.6.800.v20240304-1850.jar
Launcher Type: SUN_STANDARD

[Global flags]
    uintx AdaptiveSizePolicyWeight                 = 90                                        {product} {command line}
     intx CICompilerCount                          = 3                                         {product} {ergonomic}
    uintx GCTimeRatio                              = 4                                         {product} {command line}
     bool HeapDumpOnOutOfMemoryError               = true                                   {manageable} {command line}
    ccstr HeapDumpPath                             = d:\AppData\Roaming\Code\User\workspaceStorage\8e2a7522834f231f8b84a8a235c14d5c\redhat.java         {manageable} {command line}
   size_t InitialHeapSize                          = 104857600                                 {product} {command line}
   size_t MaxHeapSize                              = 1073741824                                {product} {command line}
   size_t MaxNewSize                               = 357564416                                 {product} {ergonomic}
   size_t MinHeapDeltaBytes                        = 524288                                    {product} {ergonomic}
   size_t MinHeapSize                              = 104857600                                 {product} {command line}
   size_t NewSize                                  = 34603008                                  {product} {ergonomic}
    uintx NonNMethodCodeHeapSize                   = 5832780                                {pd product} {ergonomic}
    uintx NonProfiledCodeHeapSize                  = 122912730                              {pd product} {ergonomic}
   size_t OldSize                                  = 70254592                                  {product} {ergonomic}
    uintx ProfiledCodeHeapSize                     = 122912730                              {pd product} {ergonomic}
    uintx ReservedCodeCacheSize                    = 251658240                              {pd product} {ergonomic}
     bool SegmentedCodeCache                       = true                                      {product} {ergonomic}
   size_t SoftMaxHeapSize                          = 1073741824                             {manageable} {ergonomic}
     bool UseCompressedClassPointers               = true                           {product lp64_product} {ergonomic}
     bool UseCompressedOops                        = true                           {product lp64_product} {ergonomic}
     bool UseLargePagesIndividualAllocation        = false                                  {pd product} {ergonomic}
     bool UseParallelGC                            = true                                      {product} {command line}

Logging:
Log output configuration:
 #0: stdout all=off uptime,level,tags foldmultilines=false
 #1: stderr all=off uptime,level,tags foldmultilines=false

Environment Variables:
PATH=C:\Program Files\Common Files\Oracle\Java\javapath;C:\Program Files\NVIDIA GPU Computing Toolkit\CUDA\v10.2\bin;C:\Program Files\NVIDIA GPU Computing Toolkit\CUDA\v10.2\libnvvp;C:\Program Files (x86)\Common Files\Oracle\Java\javapath;C:\Program Files (x86)\Common Files\Intel\Shared Libraries\redist\intel64\compiler;C:\WINDOWS\system32;C:\WINDOWS;C:\WINDOWS\System32\Wbem;C:\WINDOWS\System32\WindowsPowerShell\v1.0\;C:\WINDOWS\System32\OpenSSH\;C:\Program Files (x86)\QT Lite\QTSystem;C:\Program Files\NVIDIA Corporation\NVIDIA NvDLISR;C:\SH;C:\Program Files (x86)\NVIDIA Corporation\PhysX\Common;C:\Program Files\dotnet\;C:\Program Files\NVIDIA Corporation\Nsight Compute 2019.5.0\;C:\Program Files\Microsoft SQL Server\130\Tools\Binn\;C:\WINDOWS\system32;C:\WINDOWS;C:\WINDOWS\System32\Wbem;C:\WINDOWS\System32\WindowsPowerShell\v1.0\;C:\WINDOWS\System32\OpenSSH\;C:\Program Files (x86)\Windows Kits\10\Windows Performance Toolkit\;D:\Program Files\Git\cmd;D:\Software\MinGW\bin;D:\AppData\Programs\Python\Python39;D:\AppData\Programs\Python\Python39\Scripts;D:\Program Files\Graphviz\bin;D:\Program Files\OpenSSL-Win64\bin;D:\Program Files\nodejs\;D:\Software\MinGW-W\bin;D:\Program Files\PuTTY\;D:\Program Files\Maven\apache-maven-3.9.6\bin;D:\Program Files\Vim\vim91;D:\Program Files\LLVM\bin;C:\Program Files\MySQL\MySQL Shell 8.0\bin\;C:\Users\1t4y.ae\AppData\Local\Microsoft\WindowsApps;D:\Software\Visual Studio Code\Microsoft VS Code\bin;D:\Software\GitHubDesktop\bin;C:\Users\1t4y.ae\.dotnet\tools;D:\Software\IntelliJ IDEA Community Edition 2020.2.3\bin;C:\Users\1t4y.ae\.dotnet\tools;C:\Users\1t4y.ae\AppData\Local\Microsoft\WindowsApps;D:\Software\MinGW-W\bin;D:\AppData\Programs\Python\Python39;D:\AppData\Programs\Python\Python39\Scripts;D:\AppData\Programs\php-8.1.11;D:\Program Files\OpenSSL-Win64\bin;D:\AppData\Roaming\npm;D:\Users\1t4y.ae\AppData\Local\Google\Cloud SDK\google-cloud-sdk\bin;D:\Coding\C\sls\bin;C:\Users\1t4y.ae\.bun\bin;D:\Coding\Javascript\Compilers\cc\bin;
USERNAME=Itay
OS=Windows_NT
PROCESSOR_IDENTIFIER=Intel64 Family 6 Model 158 Stepping 10, GenuineIntel



---------------  S Y S T E M  ---------------

OS:
 Windows 10 , 64 bit Build 19041 (10.0.19041.3636)
OS uptime: 0 days 10:48 hours
Hyper-V role detected

CPU: total 6 (initial active 6) (6 cores per cpu, 1 threads per core) family 6 model 158 stepping 10 microcode 0xb4, cx8, cmov, fxsr, mmx, 3dnowpref, sse, sse2, sse3, ssse3, sse4.1, sse4.2, popcnt, lzcnt, tsc, tscinvbit, avx, avx2, aes, erms, clmul, bmi1, bmi2, adx, fma, vzeroupper, clflush, clflushopt, hv

Memory: 4k page, system-wide physical 16283M (6725M free)
TotalPageFile size 22544M (AvailPageFile size 5M)
current process WorkingSet (physical memory assigned to process): 241M, peak: 241M
current process commit charge ("private bytes"): 300M, peak: 306M

vm_info: Java HotSpot(TM) 64-Bit Server VM (18+36-2087) for windows-amd64 JRE (18+36-2087), built on Feb 15 2022 09:43:11 by "mach5one" with MS VC++ 16.8 / 16.9 (VS2019)

END.
