#
# There is insufficient memory for the Java Runtime Environment to continue.
# Native memory allocation (malloc) failed to allocate 325056 bytes for Chunk::new
# Possible reasons:
#   The system is out of physical RAM or swap space
#   The process is running with CompressedOops enabled, and the Java Heap may be blocking the growth of the native heap
# Possible solutions:
#   Reduce memory load on the system
#   Increase physical memory or swap space
#   Check if swap backing store is full
#   Decrease Java heap size (-Xmx/-Xms)
#   Decrease number of Java threads
#   Decrease Java thread stack sizes (-Xss)
#   Set larger code cache with -XX:ReservedCodeCacheSize=
#   JVM is running with Unscaled Compressed Oops mode in which the Java heap is
#     placed in the first 4GB address space. The Java Heap base address is the
#     maximum limit for the native heap growth. Please use -XX:HeapBaseMinAddress
#     to set the Java Heap base and to place the Java Heap above 4GB virtual address.
# This output file may be truncated or incomplete.
#
#  Out of Memory Error (arena.cpp:184), pid=23492, tid=11268
#
# JRE version: Java(TM) SE Runtime Environment (18.0+36) (build 18+36-2087)
# Java VM: Java HotSpot(TM) 64-Bit Server VM (18+36-2087, mixed mode, sharing, tiered, compressed oops, compressed class ptrs, parallel gc, windows-amd64)
# No core dump will be written. Minidumps are not enabled by default on client versions of Windows
#

---------------  S U M M A R Y ------------

Command Line: --add-modules=ALL-SYSTEM --add-opens=java.base/java.util=ALL-UNNAMED --add-opens=java.base/java.lang=ALL-UNNAMED --add-opens=java.base/sun.nio.fs=ALL-UNNAMED -Declipse.application=org.eclipse.jdt.ls.core.id1 -Dosgi.bundles.defaultStartLevel=4 -Declipse.product=org.eclipse.jdt.ls.core.product -Djava.import.generatesMetadataFilesAtProjectRoot=false -DDetectVMInstallationsJob.disabled=true -Dfile.encoding=utf8 -XX:+UseParallelGC -XX:GCTimeRatio=4 -XX:AdaptiveSizePolicyWeight=90 -Dsun.zip.disableMemoryMapping=true -Xmx1G -Xms100m -Xlog:disable -javaagent:d:\Document\.vscode\extensions\redhat.java-1.29.0-win32-x64\lombok\lombok-1.18.32.jar -XX:+HeapDumpOnOutOfMemoryError -XX:HeapDumpPath=d:\AppData\Roaming\Code\User\workspaceStorage\8e2a7522834f231f8b84a8a235c14d5c\redhat.java -Daether.dependencyCollector.impl=bf d:\Document\.vscode\extensions\redhat.java-1.29.0-win32-x64\server\plugins\org.eclipse.equinox.launcher_1.6.800.v20240304-1850.jar -configuration d:\AppData\Roaming\Code\User\globalStorage\redhat.java\1.29.0\config_win -data d:\AppData\Roaming\Code\User\workspaceStorage\8e2a7522834f231f8b84a8a235c14d5c\redhat.java\jdt_ws --stdio

Host: Intel(R) Core(TM) i5-8400 CPU @ 2.80GHz, 6 cores, 15G,  Windows 10 , 64 bit Build 19041 (10.0.19041.3636)
Time: Thu Apr 25 03:27:27 2024 Jerusalem Daylight Time elapsed time: 74.609207 seconds (0d 0h 1m 14s)

---------------  T H R E A D  ---------------

Current thread (0x000002b0d602e2e0):  JavaThread "C2 CompilerThread0" daemon [_thread_in_native, id=11268, stack(0x000000d1d9500000,0x000000d1d9600000)]


Current CompileTask:
C2:  74609 13166       4       org.eclipse.jdt.internal.compiler.lookup.LookupEnvironment::computePackageFrom (528 bytes)

Stack: [0x000000d1d9500000,0x000000d1d9600000]
Native frames: (J=compiled Java code, j=interpreted, Vv=VM code, C=native code)
V  [jvm.dll+0x69804a]
V  [jvm.dll+0x7f308d]
V  [jvm.dll+0x7f499e]
V  [jvm.dll+0x7f5053]
V  [jvm.dll+0x25ca3f]
V  [jvm.dll+0xb8c2f]
V  [jvm.dll+0xb8fa5]
V  [jvm.dll+0x2c794f]
V  [jvm.dll+0x59fdb0]
V  [jvm.dll+0x237f1e]
V  [jvm.dll+0x23122f]
V  [jvm.dll+0x22eeeb]
V  [jvm.dll+0x1b9cfc]
V  [jvm.dll+0x23e8ca]
V  [jvm.dll+0x23cbac]
V  [jvm.dll+0x7a5781]
V  [jvm.dll+0x79fbba]
V  [jvm.dll+0x696ef5]
C  [ucrtbase.dll+0x21bb2]
C  [KERNEL32.DLL+0x17344]
C  [ntdll.dll+0x526b1]


---------------  P R O C E S S  ---------------

Threads class SMR info:
_java_thread_list=0x000002b0de2d0880, length=36, elements={
0x000002b0bb5e61f0, 0x000002b0d5fe6450, 0x000002b0d5fe76a0, 0x000002b0d6000da0,
0x000002b0d6001850, 0x000002b0d6006b00, 0x000002b0d602b1a0, 0x000002b0d602e2e0,
0x000002b0d602ebd0, 0x000002b0d603c440, 0x000002b0db8cdc90, 0x000002b0dbaf4980,
0x000002b0dc1d8670, 0x000002b0dc21d210, 0x000002b0dc21eb70, 0x000002b0dc611f90,
0x000002b0dc92c8b0, 0x000002b0dc5f23b0, 0x000002b0dc5f3220, 0x000002b0dc5f36f0,
0x000002b0dc5efd30, 0x000002b0dc5f1540, 0x000002b0dc5f1a10, 0x000002b0ddd333e0,
0x000002b0ddd32f10, 0x000002b0ddd30890, 0x000002b0ddd338b0, 0x000002b0ddd32a40,
0x000002b0ddd33d80, 0x000002b0ddd31700, 0x000002b0ddd31bd0, 0x000002b0ddd320a0,
0x000002b0dc5f2d50, 0x000002b0dbf5f4d0, 0x000002b0dbf5bb10, 0x000002b0dbae7280
}

Java Threads: ( => current thread )
  0x000002b0bb5e61f0 JavaThread "main" [_thread_blocked, id=8360, stack(0x000000d1d8c00000,0x000000d1d8d00000)]
  0x000002b0d5fe6450 JavaThread "Reference Handler" daemon [_thread_blocked, id=11344, stack(0x000000d1d8f00000,0x000000d1d9000000)]
  0x000002b0d5fe76a0 JavaThread "Finalizer" daemon [_thread_blocked, id=11288, stack(0x000000d1d9000000,0x000000d1d9100000)]
  0x000002b0d6000da0 JavaThread "Signal Dispatcher" daemon [_thread_blocked, id=3316, stack(0x000000d1d9100000,0x000000d1d9200000)]
  0x000002b0d6001850 JavaThread "Attach Listener" daemon [_thread_blocked, id=23780, stack(0x000000d1d9200000,0x000000d1d9300000)]
  0x000002b0d6006b00 JavaThread "Service Thread" daemon [_thread_blocked, id=7924, stack(0x000000d1d9300000,0x000000d1d9400000)]
  0x000002b0d602b1a0 JavaThread "Monitor Deflation Thread" daemon [_thread_blocked, id=14160, stack(0x000000d1d9400000,0x000000d1d9500000)]
=>0x000002b0d602e2e0 JavaThread "C2 CompilerThread0" daemon [_thread_in_native, id=11268, stack(0x000000d1d9500000,0x000000d1d9600000)]
  0x000002b0d602ebd0 JavaThread "C1 CompilerThread0" daemon [_thread_in_native, id=23188, stack(0x000000d1d9600000,0x000000d1d9700000)]
  0x000002b0d603c440 JavaThread "Sweeper thread" daemon [_thread_blocked, id=23080, stack(0x000000d1d9700000,0x000000d1d9800000)]
  0x000002b0db8cdc90 JavaThread "Common-Cleaner" daemon [_thread_blocked, id=24304, stack(0x000000d1d9800000,0x000000d1d9900000)]
  0x000002b0dbaf4980 JavaThread "Notification Thread" daemon [_thread_blocked, id=23588, stack(0x000000d1d9900000,0x000000d1d9a00000)]
  0x000002b0dc1d8670 JavaThread "Active Thread: Equinox Container: 7131ea34-8e47-4cd3-aee5-40a559f8846e" [_thread_blocked, id=22884, stack(0x000000d1da100000,0x000000d1da200000)]
  0x000002b0dc21d210 JavaThread "Framework Event Dispatcher: Equinox Container: 7131ea34-8e47-4cd3-aee5-40a559f8846e" daemon [_thread_blocked, id=5744, stack(0x000000d1da200000,0x000000d1da300000)]
  0x000002b0dc21eb70 JavaThread "Start Level: Equinox Container: 7131ea34-8e47-4cd3-aee5-40a559f8846e" daemon [_thread_blocked, id=9748, stack(0x000000d1da300000,0x000000d1da400000)]
  0x000002b0dc611f90 JavaThread "Bundle File Closer" daemon [_thread_blocked, id=22224, stack(0x000000d1da400000,0x000000d1da500000)]
  0x000002b0dc92c8b0 JavaThread "SCR Component Actor" daemon [_thread_blocked, id=19784, stack(0x000000d1da500000,0x000000d1da600000)]
  0x000002b0dc5f23b0 JavaThread "Worker-JM" [_thread_blocked, id=16516, stack(0x000000d1d9b00000,0x000000d1d9c00000)]
  0x000002b0dc5f3220 JavaThread "Worker-0" [_thread_blocked, id=23104, stack(0x000000d1da800000,0x000000d1da900000)]
  0x000002b0dc5f36f0 JavaThread "Worker-1" [_thread_blocked, id=16036, stack(0x000000d1da900000,0x000000d1daa00000)]
  0x000002b0dc5efd30 JavaThread "Java indexing" daemon [_thread_blocked, id=3380, stack(0x000000d1daa00000,0x000000d1dab00000)]
  0x000002b0dc5f1540 JavaThread "JNA Cleaner" daemon [_thread_blocked, id=3080, stack(0x000000d1dab00000,0x000000d1dac00000)]
  0x000002b0dc5f1a10 JavaThread "pool-2-thread-1" [_thread_blocked, id=16944, stack(0x000000d1dae00000,0x000000d1daf00000)]
  0x000002b0ddd333e0 JavaThread "WorkspaceEventsHandler" [_thread_blocked, id=20944, stack(0x000000d1daf00000,0x000000d1db000000)]
  0x000002b0ddd32f10 JavaThread "pool-1-thread-1" [_thread_in_native, id=20672, stack(0x000000d1db000000,0x000000d1db100000)]
  0x000002b0ddd30890 JavaThread "Worker-2" [_thread_blocked, id=1516, stack(0x000000d1db100000,0x000000d1db200000)]
  0x000002b0ddd338b0 JavaThread "Worker-3" [_thread_blocked, id=23184, stack(0x000000d1db200000,0x000000d1db300000)]
  0x000002b0ddd32a40 JavaThread "Worker-4" [_thread_blocked, id=18720, stack(0x000000d1da600000,0x000000d1da700000)]
  0x000002b0ddd33d80 JavaThread "ForkJoinPool.commonPool-worker-1" daemon [_thread_in_vm, id=22908, stack(0x000000d1db300000,0x000000d1db400000)]
  0x000002b0ddd31700 JavaThread "ForkJoinPool.commonPool-worker-2" daemon [_thread_blocked, id=23864, stack(0x000000d1db400000,0x000000d1db500000)]
  0x000002b0ddd31bd0 JavaThread "ForkJoinPool.commonPool-worker-3" daemon [_thread_blocked, id=23928, stack(0x000000d1db500000,0x000000d1db600000)]
  0x000002b0ddd320a0 JavaThread "ForkJoinPool.commonPool-worker-4" daemon [_thread_blocked, id=464, stack(0x000000d1db600000,0x000000d1db700000)]
  0x000002b0dc5f2d50 JavaThread "ForkJoinPool.commonPool-worker-5" daemon [_thread_blocked, id=24440, stack(0x000000d1db700000,0x000000d1db800000)]
  0x000002b0dbf5f4d0 JavaThread "Worker-5" [_thread_blocked, id=5648, stack(0x000000d1dc000000,0x000000d1dc100000)]
  0x000002b0dbf5bb10 JavaThread "Cleaner-0" daemon [_thread_blocked, id=17588, stack(0x000000d1db800000,0x000000d1db900000)]
  0x000002b0dbae7280 JavaThread "C2 CompilerThread1" daemon [_thread_in_native, id=9072, stack(0x000000d1d8900000,0x000000d1d8a00000)]

Other Threads:
  0x000002b0d5fe1df0 VMThread "VM Thread" [stack: 0x000000d1d8e00000,0x000000d1d8f00000] [id=24452]
  0x000002b0dbaf7a10 WatcherThread "VM Periodic Task Thread" [stack: 0x000000d1d9a00000,0x000000d1d9b00000] [id=24216]
  0x000002b0bb600ab0 WorkerThread "GC Thread#0" [stack: 0x000000d1d8d00000,0x000000d1d8e00000] [id=22932]
  0x000002b0dbe12bd0 WorkerThread "GC Thread#1" [stack: 0x000000d1d9c00000,0x000000d1d9d00000] [id=11820]
  0x000002b0dbe13270 WorkerThread "GC Thread#2" [stack: 0x000000d1d9d00000,0x000000d1d9e00000] [id=23288]
  0x000002b0dbe13510 WorkerThread "GC Thread#3" [stack: 0x000000d1d9e00000,0x000000d1d9f00000] [id=19656]
  0x000002b0dbe0d7d0 WorkerThread "GC Thread#4" [stack: 0x000000d1d9f00000,0x000000d1da000000] [id=21716]
  0x000002b0dbe0da70 WorkerThread "GC Thread#5" [stack: 0x000000d1da000000,0x000000d1da100000] [id=23740]

Threads with active compile tasks:
C2 CompilerThread0    74661 13166       4       org.eclipse.jdt.internal.compiler.lookup.LookupEnvironment::computePackageFrom (528 bytes)
C1 CompilerThread0    74661 13208       3       org.eclipse.jdt.internal.compiler.parser.Parser::getUnspecifiedReferenceOptimized (196 bytes)
C2 CompilerThread1    74661 13199       4       org.eclipse.jdt.internal.core.JarPackageFragmentRoot::getModuleDescription (25 bytes)

VM state: not at safepoint (normal execution)

VM Mutex/Monitor currently owned by a thread: None

Heap address: 0x00000000c0000000, size: 1024 MB, Compressed Oops mode: 32-bit

CDS archive(s) mapped at: [0x0000000800000000-0x0000000800ba0000-0x0000000800ba0000), size 12189696, SharedBaseAddress: 0x0000000800000000, ArchiveRelocationMode: 0.
Compressed class space mapped at: 0x0000000800c00000-0x0000000840c00000, reserved size: 1073741824
Narrow klass base: 0x0000000800000000, Narrow klass shift: 0, Narrow klass range: 0x100000000

GC Precious Log:
 CardTable entry size: 512
 CPUs: 6 total, 6 available
 Memory: 16283M
 Large Page Support: Disabled
 NUMA Support: Disabled
 Compressed Oops: Enabled (32-bit)
 Alignments: Space 512K, Generation 512K, Heap 2M
 Heap Min Capacity: 100M
 Heap Initial Capacity: 100M
 Heap Max Capacity: 1G
 Pre-touch: Disabled
 Parallel Workers: 6

Heap:
 PSYoungGen      total 28160K, used 24578K [0x00000000eab00000, 0x00000000ed380000, 0x0000000100000000)
  eden space 22016K, 84% used [0x00000000eab00000,0x00000000ebd125a0,0x00000000ec080000)
  from space 6144K, 98% used [0x00000000ecd80000,0x00000000ed36e630,0x00000000ed380000)
  to   space 8192K, 0% used [0x00000000ec380000,0x00000000ec380000,0x00000000ecb80000)
 ParOldGen       total 272896K, used 232317K [0x00000000c0000000, 0x00000000d0a80000, 0x00000000eab00000)
  object space 272896K, 85% used [0x00000000c0000000,0x00000000ce2df780,0x00000000d0a80000)
 Metaspace       used 70929K, committed 72576K, reserved 1179648K
  class space    used 7123K, committed 7808K, reserved 1048576K

Card table byte_map: [0x000002b0d38f0000,0x000002b0d3b00000] _byte_map_base: 0x000002b0d32f0000

Marking Bits: (ParMarkBitMap*) 0x00007ffac653fac0
 Begin Bits: [0x000002b0d3c60000, 0x000002b0d4c60000)
 End Bits:   [0x000002b0d4c60000, 0x000002b0d5c60000)

Polling page: 0x000002b0bb6a0000

Metaspace:

Usage:
  Non-class:     62.31 MB used.
      Class:      6.96 MB used.
       Both:     69.27 MB used.

Virtual space:
  Non-class space:      128.00 MB reserved,      63.25 MB ( 49%) committed,  2 nodes.
      Class space:        1.00 GB reserved,       7.62 MB ( <1%) committed,  1 nodes.
             Both:        1.12 GB reserved,      70.88 MB (  6%) committed. 

Chunk freelists:
   Non-Class:  3.87 MB
       Class:  318.00 KB
        Both:  4.18 MB

MaxMetaspaceSize: unlimited
CompressedClassSpaceSize: 1.00 GB
Initial GC threshold: 21.00 MB
Current GC threshold: 109.50 MB
CDS: on
MetaspaceReclaimPolicy: balanced
 - commit_granule_bytes: 65536.
 - commit_granule_words: 8192.
 - virtual_space_node_default_size: 8388608.
 - enlarge_chunks_in_place: 1.
 - new_chunks_are_fully_committed: 0.
 - uncommit_free_chunks: 1.
 - use_allocation_guard: 0.


Internal statistics:

num_allocs_failed_limit: 6.
num_arena_births: 1410.
num_arena_deaths: 26.
num_vsnodes_births: 3.
num_vsnodes_deaths: 0.
num_space_committed: 1134.
num_space_uncommitted: 0.
num_chunks_returned_to_freelist: 35.
num_chunks_taken_from_freelist: 4754.
num_chunk_merges: 13.
num_chunk_splits: 2985.
num_chunks_enlarged: 1799.
num_inconsistent_stats: 0.

CodeHeap 'non-profiled nmethods': size=120000Kb used=6636Kb max_used=6693Kb free=113363Kb
 bounds [0x000002b0cc1e0000, 0x000002b0cc870000, 0x000002b0d3710000]
CodeHeap 'profiled nmethods': size=120000Kb used=22674Kb max_used=23814Kb free=97325Kb
 bounds [0x000002b0c4cb0000, 0x000002b0c6400000, 0x000002b0cc1e0000]
CodeHeap 'non-nmethods': size=5760Kb used=1398Kb max_used=1521Kb free=4361Kb
 bounds [0x000002b0c4710000, 0x000002b0c4980000, 0x000002b0c4cb0000]
 total_blobs=11362 nmethods=10625 adapters=649
 compilation: enabled
              stopped_count=0, restarted_count=0
 full_count=0

Compilation events (20 events):
Event: 74.595 Thread 0x000002b0d602ebd0 13185       3       org.eclipse.jdt.core.dom.ASTConverter::setIsGeneratedFlag (48 bytes)
Event: 74.595 Thread 0x000002b0d602ebd0 nmethod 13185 0x000002b0c5a0ff10 code [0x000002b0c5a10100, 0x000002b0c5a10488]
Event: 74.595 Thread 0x000002b0d602ebd0 13187   !   3       org.eclipse.jdt.core.dom.AST::postAddChildEvent (60 bytes)
Event: 74.595 Thread 0x000002b0d602ebd0 nmethod 13187 0x000002b0c54a3d90 code [0x000002b0c54a3f80, 0x000002b0c54a4758]
Event: 74.595 Thread 0x000002b0d602ebd0 13179       3       org.eclipse.jdt.internal.compiler.impl.CompilerOptions::isAnyEnabled (37 bytes)
Event: 74.596 Thread 0x000002b0d602ebd0 nmethod 13179 0x000002b0c5dc0b10 code [0x000002b0c5dc0ce0, 0x000002b0c5dc0fe8]
Event: 74.596 Thread 0x000002b0d602ebd0 13181       3       org.eclipse.jdt.internal.compiler.lookup.SourceTypeBinding::typeVariables (38 bytes)
Event: 74.597 Thread 0x000002b0d602ebd0 nmethod 13181 0x000002b0c561b890 code [0x000002b0c561ba60, 0x000002b0c561be68]
Event: 74.597 Thread 0x000002b0d602ebd0 13189       3       org.eclipse.jdt.core.dom.ASTVisitor::preVisit (1 bytes)
Event: 74.597 Thread 0x000002b0d602ebd0 nmethod 13189 0x000002b0c586ef10 code [0x000002b0c586f0a0, 0x000002b0c586f1b8]
Event: 74.597 Thread 0x000002b0d602ebd0 13188       1       org.eclipse.jdt.core.dom.ExpressionStatement::getNodeType0 (3 bytes)
Event: 74.597 Thread 0x000002b0d602ebd0 nmethod 13188 0x000002b0cc6c1c90 code [0x000002b0cc6c1e20, 0x000002b0cc6c1ef8]
Event: 74.597 Thread 0x000002b0dbae7280 nmethod 13192 0x000002b0cc5fe490 code [0x000002b0cc5fe640, 0x000002b0cc5fe868]
Event: 74.597 Thread 0x000002b0dbae7280 13177       4       org.eclipse.jdt.internal.compiler.lookup.BinaryTypeBinding::storedAnnotations (64 bytes)
Event: 74.599 Thread 0x000002b0d602ebd0 13194       3       org.eclipse.core.runtime.SubMonitor::convert (8 bytes)
Event: 74.599 Thread 0x000002b0d602ebd0 nmethod 13194 0x000002b0c56dc390 code [0x000002b0c56dc520, 0x000002b0c56dc648]
Event: 74.600 Thread 0x000002b0d602ebd0 13195       3       org.eclipse.jdt.internal.core.JavaProject::calculateHashCode (8 bytes)
Event: 74.600 Thread 0x000002b0dbae7280 nmethod 13177 0x000002b0cc5fde10 code [0x000002b0cc5fdfa0, 0x000002b0cc5fe278]
Event: 74.600 Thread 0x000002b0dbae7280 13167       4       org.eclipse.jdt.internal.compiler.lookup.BinaryTypeBinding::getTypeAnnotationWalker (128 bytes)
Event: 74.600 Thread 0x000002b0d602ebd0 nmethod 13195 0x000002b0c5a0fa10 code [0x000002b0c5a0fbc0, 0x000002b0c5a0fd88]

GC Heap History (20 events):
Event: 20.963 GC heap before
{Heap before GC invocations=251 (full 12):
 PSYoungGen      total 23040K, used 2962K [0x00000000eab00000, 0x00000000ec680000, 0x0000000100000000)
  eden space 19968K, 0% used [0x00000000eab00000,0x00000000eab00000,0x00000000ebe80000)
  from space 3072K, 96% used [0x00000000ec380000,0x00000000ec664bc0,0x00000000ec680000)
  to   space 3584K, 0% used [0x00000000ebf80000,0x00000000ebf80000,0x00000000ec300000)
 ParOldGen       total 332800K, used 330220K [0x00000000c0000000, 0x00000000d4500000, 0x00000000eab00000)
  object space 332800K, 99% used [0x00000000c0000000,0x00000000d427b320,0x00000000d4500000)
 Metaspace       used 65742K, committed 67264K, reserved 1114112K
  class space    used 6582K, committed 7232K, reserved 1048576K
}
Event: 21.052 GC heap after
{Heap after GC invocations=251 (full 12):
 PSYoungGen      total 24576K, used 0K [0x00000000eab00000, 0x00000000ec780000, 0x0000000100000000)
  eden space 20992K, 0% used [0x00000000eab00000,0x00000000eab00000,0x00000000ebf80000)
  from space 3584K, 0% used [0x00000000ebf80000,0x00000000ebf80000,0x00000000ec300000)
  to   space 3584K, 0% used [0x00000000ec400000,0x00000000ec400000,0x00000000ec780000)
 ParOldGen       total 272896K, used 216744K [0x00000000c0000000, 0x00000000d0a80000, 0x00000000eab00000)
  object space 272896K, 79% used [0x00000000c0000000,0x00000000cd3aa080,0x00000000d0a80000)
 Metaspace       used 65742K, committed 67264K, reserved 1114112K
  class space    used 6582K, committed 7232K, reserved 1048576K
}
Event: 21.126 GC heap before
{Heap before GC invocations=252 (full 12):
 PSYoungGen      total 24576K, used 20992K [0x00000000eab00000, 0x00000000ec780000, 0x0000000100000000)
  eden space 20992K, 100% used [0x00000000eab00000,0x00000000ebf80000,0x00000000ebf80000)
  from space 3584K, 0% used [0x00000000ebf80000,0x00000000ebf80000,0x00000000ec300000)
  to   space 3584K, 0% used [0x00000000ec400000,0x00000000ec400000,0x00000000ec780000)
 ParOldGen       total 272896K, used 216744K [0x00000000c0000000, 0x00000000d0a80000, 0x00000000eab00000)
  object space 272896K, 79% used [0x00000000c0000000,0x00000000cd3aa080,0x00000000d0a80000)
 Metaspace       used 65910K, committed 67392K, reserved 1114112K
  class space    used 6587K, committed 7232K, reserved 1048576K
}
Event: 21.128 GC heap after
{Heap after GC invocations=252 (full 12):
 PSYoungGen      total 25600K, used 3093K [0x00000000eab00000, 0x00000000ec880000, 0x0000000100000000)
  eden space 22016K, 0% used [0x00000000eab00000,0x00000000eab00000,0x00000000ec080000)
  from space 3584K, 86% used [0x00000000ec400000,0x00000000ec705468,0x00000000ec780000)
  to   space 3584K, 0% used [0x00000000ec080000,0x00000000ec080000,0x00000000ec400000)
 ParOldGen       total 272896K, used 216752K [0x00000000c0000000, 0x00000000d0a80000, 0x00000000eab00000)
  object space 272896K, 79% used [0x00000000c0000000,0x00000000cd3ac080,0x00000000d0a80000)
 Metaspace       used 65910K, committed 67392K, reserved 1114112K
  class space    used 6587K, committed 7232K, reserved 1048576K
}
Event: 21.212 GC heap before
{Heap before GC invocations=253 (full 12):
 PSYoungGen      total 25600K, used 25109K [0x00000000eab00000, 0x00000000ec880000, 0x0000000100000000)
  eden space 22016K, 100% used [0x00000000eab00000,0x00000000ec080000,0x00000000ec080000)
  from space 3584K, 86% used [0x00000000ec400000,0x00000000ec705468,0x00000000ec780000)
  to   space 3584K, 0% used [0x00000000ec080000,0x00000000ec080000,0x00000000ec400000)
 ParOldGen       total 272896K, used 216752K [0x00000000c0000000, 0x00000000d0a80000, 0x00000000eab00000)
  object space 272896K, 79% used [0x00000000c0000000,0x00000000cd3ac0d0,0x00000000d0a80000)
 Metaspace       used 66014K, committed 67456K, reserved 1114112K
  class space    used 6587K, committed 7232K, reserved 1048576K
}
Event: 21.216 GC heap after
{Heap after GC invocations=253 (full 12):
 PSYoungGen      total 25600K, used 3570K [0x00000000eab00000, 0x00000000ecc80000, 0x0000000100000000)
  eden space 22016K, 0% used [0x00000000eab00000,0x00000000eab00000,0x00000000ec080000)
  from space 3584K, 99% used [0x00000000ec080000,0x00000000ec3fcb60,0x00000000ec400000)
  to   space 5632K, 0% used [0x00000000ec700000,0x00000000ec700000,0x00000000ecc80000)
 ParOldGen       total 272896K, used 218369K [0x00000000c0000000, 0x00000000d0a80000, 0x00000000eab00000)
  object space 272896K, 80% used [0x00000000c0000000,0x00000000cd540498,0x00000000d0a80000)
 Metaspace       used 66014K, committed 67456K, reserved 1114112K
  class space    used 6587K, committed 7232K, reserved 1048576K
}
Event: 21.289 GC heap before
{Heap before GC invocations=254 (full 12):
 PSYoungGen      total 25600K, used 25586K [0x00000000eab00000, 0x00000000ecc80000, 0x0000000100000000)
  eden space 22016K, 100% used [0x00000000eab00000,0x00000000ec080000,0x00000000ec080000)
  from space 3584K, 99% used [0x00000000ec080000,0x00000000ec3fcb60,0x00000000ec400000)
  to   space 5632K, 0% used [0x00000000ec700000,0x00000000ec700000,0x00000000ecc80000)
 ParOldGen       total 272896K, used 218371K [0x00000000c0000000, 0x00000000d0a80000, 0x00000000eab00000)
  object space 272896K, 80% used [0x00000000c0000000,0x00000000cd540d98,0x00000000d0a80000)
 Metaspace       used 66056K, committed 67520K, reserved 1114112K
  class space    used 6587K, committed 7232K, reserved 1048576K
}
Event: 21.291 GC heap after
{Heap after GC invocations=254 (full 12):
 PSYoungGen      total 26624K, used 2866K [0x00000000eab00000, 0x00000000eca00000, 0x0000000100000000)
  eden space 23552K, 0% used [0x00000000eab00000,0x00000000eab00000,0x00000000ec200000)
  from space 3072K, 93% used [0x00000000ec700000,0x00000000ec9ccb60,0x00000000eca00000)
  to   space 4096K, 0% used [0x00000000ec200000,0x00000000ec200000,0x00000000ec600000)
 ParOldGen       total 272896K, used 219978K [0x00000000c0000000, 0x00000000d0a80000, 0x00000000eab00000)
  object space 272896K, 80% used [0x00000000c0000000,0x00000000cd6d2a68,0x00000000d0a80000)
 Metaspace       used 66056K, committed 67520K, reserved 1114112K
  class space    used 6587K, committed 7232K, reserved 1048576K
}
Event: 22.223 GC heap before
{Heap before GC invocations=255 (full 12):
 PSYoungGen      total 26624K, used 26418K [0x00000000eab00000, 0x00000000eca00000, 0x0000000100000000)
  eden space 23552K, 100% used [0x00000000eab00000,0x00000000ec200000,0x00000000ec200000)
  from space 3072K, 93% used [0x00000000ec700000,0x00000000ec9ccb60,0x00000000eca00000)
  to   space 4096K, 0% used [0x00000000ec200000,0x00000000ec200000,0x00000000ec600000)
 ParOldGen       total 272896K, used 219978K [0x00000000c0000000, 0x00000000d0a80000, 0x00000000eab00000)
  object space 272896K, 80% used [0x00000000c0000000,0x00000000cd6d2a68,0x00000000d0a80000)
 Metaspace       used 66190K, committed 67648K, reserved 1114112K
  class space    used 6589K, committed 7232K, reserved 1048576K
}
Event: 22.224 GC heap after
{Heap after GC invocations=255 (full 12):
 PSYoungGen      total 27648K, used 2994K [0x00000000eab00000, 0x00000000eca80000, 0x0000000100000000)
  eden space 23552K, 0% used [0x00000000eab00000,0x00000000eab00000,0x00000000ec200000)
  from space 4096K, 73% used [0x00000000ec200000,0x00000000ec4ecb80,0x00000000ec600000)
  to   space 3584K, 0% used [0x00000000ec700000,0x00000000ec700000,0x00000000eca80000)
 ParOldGen       total 272896K, used 219986K [0x00000000c0000000, 0x00000000d0a80000, 0x00000000eab00000)
  object space 272896K, 80% used [0x00000000c0000000,0x00000000cd6d4a68,0x00000000d0a80000)
 Metaspace       used 66190K, committed 67648K, reserved 1114112K
  class space    used 6589K, committed 7232K, reserved 1048576K
}
Event: 23.723 GC heap before
{Heap before GC invocations=256 (full 12):
 PSYoungGen      total 27648K, used 26546K [0x00000000eab00000, 0x00000000eca80000, 0x0000000100000000)
  eden space 23552K, 99% used [0x00000000eab00000,0x00000000ec1ffff8,0x00000000ec200000)
  from space 4096K, 73% used [0x00000000ec200000,0x00000000ec4ecb80,0x00000000ec600000)
  to   space 3584K, 0% used [0x00000000ec700000,0x00000000ec700000,0x00000000eca80000)
 ParOldGen       total 272896K, used 219986K [0x00000000c0000000, 0x00000000d0a80000, 0x00000000eab00000)
  object space 272896K, 80% used [0x00000000c0000000,0x00000000cd6d4a68,0x00000000d0a80000)
 Metaspace       used 66285K, committed 67712K, reserved 1114112K
  class space    used 6594K, committed 7232K, reserved 1048576K
}
Event: 23.725 GC heap after
{Heap after GC invocations=256 (full 12):
 PSYoungGen      total 25600K, used 3572K [0x00000000eab00000, 0x00000000ecf00000, 0x0000000100000000)
  eden space 22016K, 0% used [0x00000000eab00000,0x00000000eab00000,0x00000000ec080000)
  from space 3584K, 99% used [0x00000000ec700000,0x00000000eca7d348,0x00000000eca80000)
  to   space 6656K, 0% used [0x00000000ec080000,0x00000000ec080000,0x00000000ec700000)
 ParOldGen       total 272896K, used 222228K [0x00000000c0000000, 0x00000000d0a80000, 0x00000000eab00000)
  object space 272896K, 81% used [0x00000000c0000000,0x00000000cd9050f0,0x00000000d0a80000)
 Metaspace       used 66285K, committed 67712K, reserved 1114112K
  class space    used 6594K, committed 7232K, reserved 1048576K
}
Event: 25.625 GC heap before
{Heap before GC invocations=257 (full 12):
 PSYoungGen      total 25600K, used 25588K [0x00000000eab00000, 0x00000000ecf00000, 0x0000000100000000)
  eden space 22016K, 100% used [0x00000000eab00000,0x00000000ec080000,0x00000000ec080000)
  from space 3584K, 99% used [0x00000000ec700000,0x00000000eca7d348,0x00000000eca80000)
  to   space 6656K, 0% used [0x00000000ec080000,0x00000000ec080000,0x00000000ec700000)
 ParOldGen       total 272896K, used 222228K [0x00000000c0000000, 0x00000000d0a80000, 0x00000000eab00000)
  object space 272896K, 81% used [0x00000000c0000000,0x00000000cd9050f0,0x00000000d0a80000)
 Metaspace       used 66943K, committed 68416K, reserved 1114112K
  class space    used 6653K, committed 7296K, reserved 1048576K
}
Event: 25.628 GC heap after
{Heap after GC invocations=257 (full 12):
 PSYoungGen      total 26112K, used 3817K [0x00000000eab00000, 0x00000000ec980000, 0x0000000100000000)
  eden space 22016K, 0% used [0x00000000eab00000,0x00000000eab00000,0x00000000ec080000)
  from space 4096K, 93% used [0x00000000ec080000,0x00000000ec43a588,0x00000000ec480000)
  to   space 4608K, 0% used [0x00000000ec500000,0x00000000ec500000,0x00000000ec980000)
 ParOldGen       total 272896K, used 224539K [0x00000000c0000000, 0x00000000d0a80000, 0x00000000eab00000)
  object space 272896K, 82% used [0x00000000c0000000,0x00000000cdb46c10,0x00000000d0a80000)
 Metaspace       used 66943K, committed 68416K, reserved 1114112K
  class space    used 6653K, committed 7296K, reserved 1048576K
}
Event: 42.578 GC heap before
{Heap before GC invocations=258 (full 12):
 PSYoungGen      total 26112K, used 25833K [0x00000000eab00000, 0x00000000ec980000, 0x0000000100000000)
  eden space 22016K, 100% used [0x00000000eab00000,0x00000000ec080000,0x00000000ec080000)
  from space 4096K, 93% used [0x00000000ec080000,0x00000000ec43a588,0x00000000ec480000)
  to   space 4608K, 0% used [0x00000000ec500000,0x00000000ec500000,0x00000000ec980000)
 ParOldGen       total 272896K, used 224539K [0x00000000c0000000, 0x00000000d0a80000, 0x00000000eab00000)
  object space 272896K, 82% used [0x00000000c0000000,0x00000000cdb46c10,0x00000000d0a80000)
 Metaspace       used 67703K, committed 69184K, reserved 1114112K
  class space    used 6749K, committed 7360K, reserved 1048576K
}
Event: 42.581 GC heap after
{Heap after GC invocations=258 (full 12):
 PSYoungGen      total 26112K, used 3681K [0x00000000eab00000, 0x00000000ec900000, 0x0000000100000000)
  eden space 22016K, 0% used [0x00000000eab00000,0x00000000eab00000,0x00000000ec080000)
  from space 4096K, 89% used [0x00000000ec500000,0x00000000ec8985c0,0x00000000ec900000)
  to   space 4096K, 0% used [0x00000000ec080000,0x00000000ec080000,0x00000000ec480000)
 ParOldGen       total 272896K, used 224547K [0x00000000c0000000, 0x00000000d0a80000, 0x00000000eab00000)
  object space 272896K, 82% used [0x00000000c0000000,0x00000000cdb48c10,0x00000000d0a80000)
 Metaspace       used 67703K, committed 69184K, reserved 1114112K
  class space    used 6749K, committed 7360K, reserved 1048576K
}
Event: 42.829 GC heap before
{Heap before GC invocations=259 (full 12):
 PSYoungGen      total 26112K, used 25697K [0x00000000eab00000, 0x00000000ec900000, 0x0000000100000000)
  eden space 22016K, 100% used [0x00000000eab00000,0x00000000ec080000,0x00000000ec080000)
  from space 4096K, 89% used [0x00000000ec500000,0x00000000ec8985c0,0x00000000ec900000)
  to   space 4096K, 0% used [0x00000000ec080000,0x00000000ec080000,0x00000000ec480000)
 ParOldGen       total 272896K, used 224547K [0x00000000c0000000, 0x00000000d0a80000, 0x00000000eab00000)
  object space 272896K, 82% used [0x00000000c0000000,0x00000000cdb48c10,0x00000000d0a80000)
 Metaspace       used 68575K, committed 70080K, reserved 1114112K
  class space    used 6835K, committed 7488K, reserved 1048576K
}
Event: 42.836 GC heap after
{Heap after GC invocations=259 (full 12):
 PSYoungGen      total 26112K, used 4064K [0x00000000eab00000, 0x00000000eda80000, 0x0000000100000000)
  eden space 22016K, 0% used [0x00000000eab00000,0x00000000eab00000,0x00000000ec080000)
  from space 4096K, 99% used [0x00000000ec080000,0x00000000ec478180,0x00000000ec480000)
  to   space 13312K, 0% used [0x00000000ecd80000,0x00000000ecd80000,0x00000000eda80000)
 ParOldGen       total 272896K, used 232043K [0x00000000c0000000, 0x00000000d0a80000, 0x00000000eab00000)
  object space 272896K, 85% used [0x00000000c0000000,0x00000000ce29aea0,0x00000000d0a80000)
 Metaspace       used 68575K, committed 70080K, reserved 1114112K
  class space    used 6835K, committed 7488K, reserved 1048576K
}
Event: 43.177 GC heap before
{Heap before GC invocations=260 (full 12):
 PSYoungGen      total 26112K, used 26072K [0x00000000eab00000, 0x00000000eda80000, 0x0000000100000000)
  eden space 22016K, 99% used [0x00000000eab00000,0x00000000ec07e128,0x00000000ec080000)
  from space 4096K, 99% used [0x00000000ec080000,0x00000000ec478180,0x00000000ec480000)
  to   space 13312K, 0% used [0x00000000ecd80000,0x00000000ecd80000,0x00000000eda80000)
 ParOldGen       total 272896K, used 232043K [0x00000000c0000000, 0x00000000d0a80000, 0x00000000eab00000)
  object space 272896K, 85% used [0x00000000c0000000,0x00000000ce29aea0,0x00000000d0a80000)
 Metaspace       used 69778K, committed 71296K, reserved 1114112K
  class space    used 6938K, committed 7616K, reserved 1048576K
}
Event: 43.182 GC heap after
{Heap after GC invocations=260 (full 12):
 PSYoungGen      total 28160K, used 6073K [0x00000000eab00000, 0x00000000ed380000, 0x0000000100000000)
  eden space 22016K, 0% used [0x00000000eab00000,0x00000000eab00000,0x00000000ec080000)
  from space 6144K, 98% used [0x00000000ecd80000,0x00000000ed36e630,0x00000000ed380000)
  to   space 8192K, 0% used [0x00000000ec380000,0x00000000ec380000,0x00000000ecb80000)
 ParOldGen       total 272896K, used 232317K [0x00000000c0000000, 0x00000000d0a80000, 0x00000000eab00000)
  object space 272896K, 85% used [0x00000000c0000000,0x00000000ce2df780,0x00000000d0a80000)
 Metaspace       used 69778K, committed 71296K, reserved 1114112K
  class space    used 6938K, committed 7616K, reserved 1048576K
}

Deoptimization events (20 events):
Event: 43.238 Thread 0x000002b0ddd33d80 Uncommon trap: trap_request=0xffffff45 fr.pc=0x000002b0cc4dd478 relative=0x0000000000000db8
Event: 43.238 Thread 0x000002b0ddd33d80 Uncommon trap: reason=unstable_if action=reinterpret pc=0x000002b0cc4dd478 method=jdk.internal.reflect.Reflection.verifyMemberAccess(Ljava/lang/Class;Ljava/lang/Class;Ljava/lang/Class;I)Z @ 67 c2
Event: 43.238 Thread 0x000002b0ddd33d80 DEOPT PACKING pc=0x000002b0cc4dd478 sp=0x000000d1db3fded0
Event: 43.238 Thread 0x000002b0ddd33d80 DEOPT UNPACKING pc=0x000002b0c47620a3 sp=0x000000d1db3fdd68 mode 2
Event: 43.239 Thread 0x000002b0ddd33d80 Uncommon trap: trap_request=0xffffff45 fr.pc=0x000002b0cc4e02ec relative=0x0000000000000bac
Event: 43.239 Thread 0x000002b0ddd33d80 Uncommon trap: reason=unstable_if action=reinterpret pc=0x000002b0cc4e02ec method=jdk.internal.reflect.Reflection.verifyMemberAccess(Ljava/lang/Class;Ljava/lang/Class;Ljava/lang/Class;I)Z @ 67 c2
Event: 43.239 Thread 0x000002b0ddd33d80 DEOPT PACKING pc=0x000002b0cc4e02ec sp=0x000000d1db3fde30
Event: 43.239 Thread 0x000002b0ddd33d80 DEOPT UNPACKING pc=0x000002b0c47620a3 sp=0x000000d1db3fdd58 mode 2
Event: 43.274 Thread 0x000002b0ddd33d80 DEOPT PACKING pc=0x000002b0c6133509 sp=0x000000d1db3fb8d0
Event: 43.274 Thread 0x000002b0ddd33d80 DEOPT UNPACKING pc=0x000002b0c4762843 sp=0x000000d1db3fad98 mode 0
Event: 43.352 Thread 0x000002b0ddd33d80 DEOPT PACKING pc=0x000002b0c4f8ec68 sp=0x000000d1db3fd8e0
Event: 43.352 Thread 0x000002b0ddd33d80 DEOPT UNPACKING pc=0x000002b0c4762843 sp=0x000000d1db3fcd98 mode 0
Event: 43.354 Thread 0x000002b0ddd33d80 Uncommon trap: trap_request=0xffffffde fr.pc=0x000002b0cc6838ec relative=0x000000000000006c
Event: 43.354 Thread 0x000002b0ddd33d80 Uncommon trap: reason=class_check action=maybe_recompile pc=0x000002b0cc6838ec method=java.util.LinkedHashMap.afterNodeInsertion(Z)V @ 15 c2
Event: 43.354 Thread 0x000002b0ddd33d80 DEOPT PACKING pc=0x000002b0cc6838ec sp=0x000000d1db3fe7f0
Event: 43.354 Thread 0x000002b0ddd33d80 DEOPT UNPACKING pc=0x000002b0c47620a3 sp=0x000000d1db3fe768 mode 2
Event: 74.600 Thread 0x000002b0ddd33d80 Uncommon trap: trap_request=0xffffffad fr.pc=0x000002b0cc5b1fc8 relative=0x00000000000000a8
Event: 74.600 Thread 0x000002b0ddd33d80 Uncommon trap: reason=uninitialized action=reinterpret pc=0x000002b0cc5b1fc8 method=org.eclipse.core.internal.resources.Resource.checkExists(IZ)V @ 20 c2
Event: 74.600 Thread 0x000002b0ddd33d80 DEOPT PACKING pc=0x000002b0cc5b1fc8 sp=0x000000d1db3fd970
Event: 74.600 Thread 0x000002b0ddd33d80 DEOPT UNPACKING pc=0x000002b0c47620a3 sp=0x000000d1db3fd830 mode 2

Classes loaded (20 events):
Event: 17.660 Loading class sun/nio/cs/ISO_8859_1$Decoder
Event: 17.660 Loading class sun/nio/cs/ISO_8859_1$Decoder done
Event: 17.841 Loading class java/nio/file/attribute/PosixFileAttributes
Event: 17.841 Loading class java/nio/file/attribute/PosixFileAttributes done
Event: 19.929 Loading class java/util/concurrent/ConcurrentHashMap$TreeBin
Event: 19.929 Loading class java/util/concurrent/ConcurrentHashMap$TreeBin done
Event: 19.986 Loading class java/lang/invoke/MethodHandleImpl$CountingWrapper$1
Event: 19.986 Loading class java/lang/invoke/MethodHandleImpl$CountingWrapper$1 done
Event: 20.927 Loading class java/nio/file/Files$2
Event: 20.927 Loading class java/nio/file/Files$2 done
Event: 25.423 Loading class java/lang/VerifyError
Event: 25.423 Loading class java/lang/VerifyError done
Event: 25.423 Loading class java/lang/ClassCircularityError
Event: 25.423 Loading class java/lang/ClassCircularityError done
Event: 43.052 Loading class jdk/internal/ref/CleanerImpl$InnocuousThreadFactory
Event: 43.052 Loading class jdk/internal/ref/CleanerImpl$InnocuousThreadFactory done
Event: 74.597 Loading class java/util/stream/ReduceOps$2
Event: 74.597 Loading class java/util/stream/ReduceOps$2 done
Event: 74.597 Loading class java/util/stream/ReduceOps$2ReducingSink
Event: 74.597 Loading class java/util/stream/ReduceOps$2ReducingSink done

Classes unloaded (13 events):
Event: 3.045 Thread 0x000002b0d5fe1df0 Unloading class 0x0000000800db1400 'java/lang/invoke/LambdaForm$MH+0x0000000800db1400'
Event: 3.045 Thread 0x000002b0d5fe1df0 Unloading class 0x0000000800db1000 'java/lang/invoke/LambdaForm$MH+0x0000000800db1000'
Event: 3.045 Thread 0x000002b0d5fe1df0 Unloading class 0x0000000800db0c00 'java/lang/invoke/LambdaForm$MH+0x0000000800db0c00'
Event: 3.045 Thread 0x000002b0d5fe1df0 Unloading class 0x0000000800db0800 'java/lang/invoke/LambdaForm$MH+0x0000000800db0800'
Event: 3.045 Thread 0x000002b0d5fe1df0 Unloading class 0x0000000800db0400 'java/lang/invoke/LambdaForm$BMH+0x0000000800db0400'
Event: 3.045 Thread 0x000002b0d5fe1df0 Unloading class 0x0000000800db0000 'java/lang/invoke/LambdaForm$DMH+0x0000000800db0000'
Event: 3.045 Thread 0x000002b0d5fe1df0 Unloading class 0x0000000800daec00 'java/lang/invoke/LambdaForm$DMH+0x0000000800daec00'
Event: 14.698 Thread 0x000002b0d5fe1df0 Unloading class 0x0000000801291800 'java/lang/invoke/LambdaForm$MH+0x0000000801291800'
Event: 14.698 Thread 0x000002b0d5fe1df0 Unloading class 0x0000000801290c00 'java/lang/invoke/LambdaForm$MH+0x0000000801290c00'
Event: 14.698 Thread 0x000002b0d5fe1df0 Unloading class 0x0000000801290400 'java/lang/invoke/LambdaForm$MH+0x0000000801290400'
Event: 14.698 Thread 0x000002b0d5fe1df0 Unloading class 0x0000000801284c00 'java/lang/invoke/LambdaForm$MH+0x0000000801284c00'
Event: 17.517 Thread 0x000002b0d5fe1df0 Unloading class 0x00000008012e4c00 'java/lang/invoke/LambdaForm$MH+0x00000008012e4c00'
Event: 17.517 Thread 0x000002b0d5fe1df0 Unloading class 0x00000008012e4800 'java/lang/invoke/LambdaForm$DMH+0x00000008012e4800'

Classes redefined (0 events):
No events

Internal exceptions (20 events):
Event: 22.037 Thread 0x000002b0dc5f36f0 Exception <a 'sun/nio/fs/WindowsException'{0x00000000ec0a7b80}> (0x00000000ec0a7b80) 
thrown [t:\workspace\open\src\hotspot\share\prims\jni.cpp, line 516]
Event: 22.043 Thread 0x000002b0dc5f36f0 Exception <a 'sun/nio/fs/WindowsException'{0x00000000ec0a9358}> (0x00000000ec0a9358) 
thrown [t:\workspace\open\src\hotspot\share\prims\jni.cpp, line 516]
Event: 22.046 Thread 0x000002b0dc5f36f0 Exception <a 'sun/nio/fs/WindowsException'{0x00000000ec0aad60}> (0x00000000ec0aad60) 
thrown [t:\workspace\open\src\hotspot\share\prims\jni.cpp, line 516]
Event: 22.056 Thread 0x000002b0dc5f36f0 Exception <a 'sun/nio/fs/WindowsException'{0x00000000ec0ac880}> (0x00000000ec0ac880) 
thrown [t:\workspace\open\src\hotspot\share\prims\jni.cpp, line 516]
Event: 22.065 Thread 0x000002b0dc5f36f0 Exception <a 'sun/nio/fs/WindowsException'{0x00000000ec0ae0e8}> (0x00000000ec0ae0e8) 
thrown [t:\workspace\open\src\hotspot\share\prims\jni.cpp, line 516]
Event: 22.073 Thread 0x000002b0dc5f36f0 Exception <a 'sun/nio/fs/WindowsException'{0x00000000ec0b0638}> (0x00000000ec0b0638) 
thrown [t:\workspace\open\src\hotspot\share\prims\jni.cpp, line 516]
Event: 22.084 Thread 0x000002b0dc5f36f0 Exception <a 'sun/nio/fs/WindowsException'{0x00000000ec0b1e88}> (0x00000000ec0b1e88) 
thrown [t:\workspace\open\src\hotspot\share\prims\jni.cpp, line 516]
Event: 22.093 Thread 0x000002b0dc5f36f0 Exception <a 'sun/nio/fs/WindowsException'{0x00000000ec0b3670}> (0x00000000ec0b3670) 
thrown [t:\workspace\open\src\hotspot\share\prims\jni.cpp, line 516]
Event: 22.150 Thread 0x000002b0dc5f36f0 Exception <a 'sun/nio/fs/WindowsException'{0x00000000ec0b6fe0}> (0x00000000ec0b6fe0) 
thrown [t:\workspace\open\src\hotspot\share\prims\jni.cpp, line 516]
Event: 22.165 Thread 0x000002b0dc5f36f0 Exception <a 'sun/nio/fs/WindowsException'{0x00000000ec0b8798}> (0x00000000ec0b8798) 
thrown [t:\workspace\open\src\hotspot\share\prims\jni.cpp, line 516]
Event: 25.425 Thread 0x000002b0dc5f2d50 Exception <a 'java/io/FileNotFoundException'{0x00000000eb48d4b0}> (0x00000000eb48d4b0) 
thrown [t:\workspace\open\src\hotspot\share\prims\jni.cpp, line 516]
Event: 25.485 Thread 0x000002b0ddd32f10 Exception <a 'java/lang/IncompatibleClassChangeError'{0x00000000eb62a420}: Found class java.lang.Object, but interface was expected> (0x00000000eb62a420) 
thrown [t:\workspace\open\src\hotspot\share\interpreter\linkResolver.cpp, line 833]
Event: 25.769 Thread 0x000002b0ddd320a0 Exception <a 'java/lang/ArrayIndexOutOfBoundsException'{0x00000000eaf949e8}: Index 2180 out of bounds for length 2179> (0x00000000eaf949e8) 
thrown [t:\workspace\open\src\hotspot\share\interpreter\interpreterRuntime.cpp, line 431]
Event: 27.997 Thread 0x000002b0ddd32f10 Exception <a 'java/lang/IncompatibleClassChangeError'{0x00000000eb5dc810}: Found class java.lang.Object, but interface was expected> (0x00000000eb5dc810) 
thrown [t:\workspace\open\src\hotspot\share\interpreter\linkResolver.cpp, line 833]
Event: 42.679 Thread 0x000002b0ddd33d80 Implicit null exception at 0x000002b0cc736244 to 0x000002b0cc737ba8
Event: 43.175 Thread 0x000002b0ddd33d80 Exception <a 'java/lang/NoSuchMethodError'{0x00000000ec069b70}: 'java.lang.Object java.lang.invoke.DirectMethodHandle$Holder.newInvokeSpecial(java.lang.Object, int, java.lang.Object, java.lang.Object, java.lang.Object)'> (0x00000000ec069b70) 
thrown [t:\workspace\open\src\hotspot\share\interpreter\linkResolver.cpp, line 766]
Event: 43.297 Thread 0x000002b0ddd33d80 Exception <a 'java/lang/NoSuchMethodError'{0x00000000eae65e08}: 'void java.lang.invoke.DirectMethodHandle$Holder.invokeSpecial(java.lang.Object, java.lang.Object, int)'> (0x00000000eae65e08) 
thrown [t:\workspace\open\src\hotspot\share\interpreter\linkResolver.cpp, line 766]
Event: 43.329 Thread 0x000002b0ddd33d80 Exception <a 'java/lang/NoSuchMethodError'{0x00000000eb09e428}: 'java.lang.Object java.lang.invoke.DirectMethodHandle$Holder.invokeSpecial(java.lang.Object, java.lang.Object, long, java.lang.Object, java.lang.Object, java.lang.Object, java.lang.Object, java.lang.Object, java.lang.Object, java.lang.Object, java.lang.Object, java.lang.Object)'> (0x00000000eb09e428) 
thrown [t:\workspace\open\src\hotspot\share\interpreter\linkResolver.cpp, line 766]
Event: 43.329 Thread 0x000002b0ddd33d80 Exception <a 'java/lang/NoSuchMethodError'{0x00000000eb0a2978}: 'java.lang.Object java.lang.invoke.DelegatingMethodHandle$Holder.reinvoke_L(java.lang.Object, long, java.lang.Object, java.lang.Object, java.lang.Object, java.lang.Object, java.lang.Object, java.lang.Object, java.lang.Object, java.lang.Object, java.lang.Object)'> (0x00000000eb0a2978) 
thrown [t:\workspace\open\src\hotspot\share\interpreter\linkResolver.cpp, line 766]
Event: 43.331 Thread 0x000002b0ddd33d80 Exception <a 'java/lang/NoSuchMethodError'{0x00000000eb0d0378}: 'java.lang.Object java.lang.invoke.Invokers$Holder.linkToTargetMethod(java.lang.Object, java.lang.Object, java.lang.Object, java.lang.Object, java.lang.Object, java.lang.Object, java.lang.Object, java.lang.Object, java.lang.Object, java.lang.Object)'> (0x00000000eb0d0378) 
thrown [t:\workspace\open\src\hotspot\share\interpreter\linkResolver.cpp, line 766]

VM Operations (20 events):
Event: 42.629 Executing VM operation: HandshakeAllThreads
Event: 42.629 Executing VM operation: HandshakeAllThreads done
Event: 42.651 Executing VM operation: HandshakeAllThreads
Event: 42.651 Executing VM operation: HandshakeAllThreads done
Event: 42.737 Executing VM operation: HandshakeAllThreads
Event: 42.737 Executing VM operation: HandshakeAllThreads done
Event: 42.759 Executing VM operation: HandshakeAllThreads
Event: 42.759 Executing VM operation: HandshakeAllThreads done
Event: 42.770 Executing VM operation: HandshakeAllThreads
Event: 42.770 Executing VM operation: HandshakeAllThreads done
Event: 42.823 Executing VM operation: ICBufferFull
Event: 42.824 Executing VM operation: ICBufferFull done
Event: 42.828 Executing VM operation: ParallelGCFailedAllocation
Event: 42.836 Executing VM operation: ParallelGCFailedAllocation done
Event: 43.175 Executing VM operation: ParallelGCFailedAllocation
Event: 43.182 Executing VM operation: ParallelGCFailedAllocation done
Event: 43.266 Executing VM operation: HandshakeAllThreads
Event: 43.266 Executing VM operation: HandshakeAllThreads done
Event: 44.281 Executing VM operation: Cleanup
Event: 44.281 Executing VM operation: Cleanup done

Events (20 events):
Event: 42.664 Thread 0x000002b0d603c440 flushing nmethod 0x000002b0c5ff3690
Event: 42.664 Thread 0x000002b0d603c440 flushing nmethod 0x000002b0c600c290
Event: 42.665 Thread 0x000002b0d603c440 flushing nmethod 0x000002b0c6058010
Event: 42.665 Thread 0x000002b0d603c440 flushing nmethod 0x000002b0c605ed10
Event: 42.665 Thread 0x000002b0d603c440 flushing nmethod 0x000002b0c606d890
Event: 42.665 Thread 0x000002b0d603c440 flushing nmethod 0x000002b0c6076a10
Event: 42.665 Thread 0x000002b0d603c440 flushing nmethod 0x000002b0c612e190
Event: 42.666 Thread 0x000002b0d603c440 flushing nmethod 0x000002b0c6241510
Event: 42.666 Thread 0x000002b0d603c440 flushing nmethod 0x000002b0c6263610
Event: 42.666 Thread 0x000002b0d603c440 flushing nmethod 0x000002b0c6283e10
Event: 42.666 Thread 0x000002b0d603c440 flushing nmethod 0x000002b0c6287010
Event: 42.666 Thread 0x000002b0d603c440 flushing nmethod 0x000002b0c6288510
Event: 42.666 Thread 0x000002b0d603c440 flushing nmethod 0x000002b0c629cb90
Event: 42.666 Thread 0x000002b0d603c440 flushing nmethod 0x000002b0c62aba90
Event: 42.666 Thread 0x000002b0d603c440 flushing nmethod 0x000002b0c62d2f10
Event: 42.666 Thread 0x000002b0d603c440 flushing nmethod 0x000002b0c62ee210
Event: 42.666 Thread 0x000002b0d603c440 flushing nmethod 0x000002b0c6331c10
Event: 43.052 Thread 0x000002b0dbf5bb10 Thread added: 0x000002b0dbf5bb10
Event: 48.419 Thread 0x000002b0dfca60b0 Thread exited: 0x000002b0dfca60b0
Event: 74.593 Thread 0x000002b0dbae7280 Thread added: 0x000002b0dbae7280


Dynamic libraries:
0x00007ff689790000 - 0x00007ff6897a0000 	C:\Program Files\Java\jdk-18\bin\java.exe
0x00007ffb40a90000 - 0x00007ffb40c88000 	C:\WINDOWS\SYSTEM32\ntdll.dll
0x00007ffafc9c0000 - 0x00007ffafc9d9000 	C:\Program Files\AVG\Antivirus\aswhook.dll
0x00007ffb3fee0000 - 0x00007ffb3ff9d000 	C:\WINDOWS\System32\KERNEL32.DLL
0x00007ffb3e380000 - 0x00007ffb3e676000 	C:\WINDOWS\System32\KERNELBASE.dll
0x00007ffb3e230000 - 0x00007ffb3e330000 	C:\WINDOWS\System32\ucrtbase.dll
0x00007ffb39c40000 - 0x00007ffb39c58000 	C:\Program Files\Java\jdk-18\bin\jli.dll
0x00007ffb346e0000 - 0x00007ffb346fa000 	C:\Program Files\Java\jdk-18\bin\VCRUNTIME140.dll
0x00007ffb40510000 - 0x00007ffb405c0000 	C:\WINDOWS\System32\ADVAPI32.dll
0x00007ffb3ffa0000 - 0x00007ffb4003e000 	C:\WINDOWS\System32\msvcrt.dll
0x00007ffb3fe40000 - 0x00007ffb3fee0000 	C:\WINDOWS\System32\sechost.dll
0x00007ffb40870000 - 0x00007ffb40993000 	C:\WINDOWS\System32\RPCRT4.dll
0x00007ffb3fb70000 - 0x00007ffb3fd0f000 	C:\WINDOWS\System32\USER32.dll
0x00007ffb3e070000 - 0x00007ffb3e097000 	C:\WINDOWS\SYSTEM32\bcrypt.dll
0x00007ffb3e200000 - 0x00007ffb3e222000 	C:\WINDOWS\System32\win32u.dll
0x00007ffb3fb30000 - 0x00007ffb3fb5b000 	C:\WINDOWS\System32\GDI32.dll
0x00007ffb24760000 - 0x00007ffb249fa000 	C:\WINDOWS\WinSxS\amd64_microsoft.windows.common-controls_6595b64144ccf1df_6.0.19041.3636_none_60b6a03d71f818d5\COMCTL32.dll
0x00007ffb3e9a0000 - 0x00007ffb3eab7000 	C:\WINDOWS\System32\gdi32full.dll
0x00007ffb3e7e0000 - 0x00007ffb3e87d000 	C:\WINDOWS\System32\msvcp_win.dll
0x00007ffb361e0000 - 0x00007ffb361ea000 	C:\WINDOWS\SYSTEM32\VERSION.dll
0x00007ffb3fdf0000 - 0x00007ffb3fe22000 	C:\WINDOWS\System32\IMM32.DLL
0x00007ffb38af0000 - 0x00007ffb38afc000 	C:\Program Files\Java\jdk-18\bin\vcruntime140_1.dll
0x00007ffb1b360000 - 0x00007ffb1b3ed000 	C:\Program Files\Java\jdk-18\bin\msvcp140.dll
0x00007ffac59f0000 - 0x00007ffac6601000 	C:\Program Files\Java\jdk-18\bin\server\jvm.dll
0x00007ffb3fe30000 - 0x00007ffb3fe38000 	C:\WINDOWS\System32\PSAPI.DLL
0x00007ffb2a540000 - 0x00007ffb2a567000 	C:\WINDOWS\SYSTEM32\WINMM.dll
0x00007ffb20ac0000 - 0x00007ffb20ac9000 	C:\WINDOWS\SYSTEM32\WSOCK32.dll
0x00007ffb3f0d0000 - 0x00007ffb3f13b000 	C:\WINDOWS\System32\WS2_32.dll
0x00007ffb3bfb0000 - 0x00007ffb3bfc2000 	C:\WINDOWS\SYSTEM32\kernel.appcore.dll
0x00007ffb32fa0000 - 0x00007ffb32faa000 	C:\Program Files\Java\jdk-18\bin\jimage.dll
0x00007ffb30450000 - 0x00007ffb30634000 	C:\WINDOWS\SYSTEM32\DBGHELP.DLL
0x00007ffb303f0000 - 0x00007ffb30424000 	C:\WINDOWS\SYSTEM32\dbgcore.DLL
0x00007ffb3e170000 - 0x00007ffb3e1f2000 	C:\WINDOWS\System32\bcryptPrimitives.dll
0x00007ffb39af0000 - 0x00007ffb39afe000 	C:\Program Files\Java\jdk-18\bin\instrument.dll
0x00007ffb26810000 - 0x00007ffb26835000 	C:\Program Files\Java\jdk-18\bin\java.dll
0x00007ffb1b280000 - 0x00007ffb1b356000 	C:\Program Files\Java\jdk-18\bin\jsvml.dll
0x00007ffb3f270000 - 0x00007ffb3f9db000 	C:\WINDOWS\System32\SHELL32.dll
0x00007ffb3c1b0000 - 0x00007ffb3c94e000 	C:\WINDOWS\SYSTEM32\windows.storage.dll
0x00007ffb3ead0000 - 0x00007ffb3ee23000 	C:\WINDOWS\System32\combase.dll
0x00007ffb3da90000 - 0x00007ffb3dabe000 	C:\WINDOWS\SYSTEM32\Wldp.dll
0x00007ffb3fa40000 - 0x00007ffb3fb0d000 	C:\WINDOWS\System32\OLEAUT32.dll
0x00007ffb409a0000 - 0x00007ffb40a4d000 	C:\WINDOWS\System32\SHCORE.dll
0x00007ffb3eec0000 - 0x00007ffb3ef15000 	C:\WINDOWS\System32\shlwapi.dll
0x00007ffb3e0a0000 - 0x00007ffb3e0c3000 	C:\WINDOWS\SYSTEM32\profapi.dll
0x00007ffb24f00000 - 0x00007ffb24f18000 	C:\Program Files\Java\jdk-18\bin\zip.dll
0x00007ffb24ee0000 - 0x00007ffb24ef3000 	C:\Program Files\Java\jdk-18\bin\net.dll
0x00007ffb35840000 - 0x00007ffb3594a000 	C:\WINDOWS\SYSTEM32\WINHTTP.dll
0x00007ffb3d870000 - 0x00007ffb3d8da000 	C:\WINDOWS\system32\mswsock.dll
0x00007ffb23840000 - 0x00007ffb23856000 	C:\Program Files\Java\jdk-18\bin\nio.dll
0x00007ffb306e0000 - 0x00007ffb306f0000 	C:\Program Files\Java\jdk-18\bin\verify.dll
0x00007ffb1a260000 - 0x00007ffb1a29e000 	D:\AppData\Roaming\Code\User\globalStorage\redhat.java\1.29.0\config_win\org.eclipse.equinox.launcher\org.eclipse.equinox.launcher.win32.win32.x86_64_1.2.900.v20240213-1244\eclipse_11900.dll
0x00007ffb3f140000 - 0x00007ffb3f26b000 	C:\WINDOWS\System32\ole32.dll
0x00007ffb3dde0000 - 0x00007ffb3ddf8000 	C:\WINDOWS\SYSTEM32\CRYPTSP.dll
0x00007ffb3d140000 - 0x00007ffb3d174000 	C:\WINDOWS\system32\rsaenh.dll
0x00007ffb3e030000 - 0x00007ffb3e05e000 	C:\WINDOWS\SYSTEM32\USERENV.dll
0x00007ffb3da00000 - 0x00007ffb3da0c000 	C:\WINDOWS\SYSTEM32\CRYPTBASE.dll
0x00007ffb3d520000 - 0x00007ffb3d55b000 	C:\WINDOWS\SYSTEM32\IPHLPAPI.DLL
0x00007ffb3eac0000 - 0x00007ffb3eac8000 	C:\WINDOWS\System32\NSI.dll
0x00007ffb36c80000 - 0x00007ffb36c97000 	C:\WINDOWS\SYSTEM32\dhcpcsvc6.DLL
0x00007ffb36b70000 - 0x00007ffb36b8d000 	C:\WINDOWS\SYSTEM32\dhcpcsvc.DLL
0x00007ffb3d560000 - 0x00007ffb3d62b000 	C:\WINDOWS\SYSTEM32\DNSAPI.dll
0x00007ffb0c0c0000 - 0x00007ffb0c105000 	D:\Temp\jna-2289347\jna13604127934010718191.dll
0x00007ffb3d280000 - 0x00007ffb3d2b3000 	C:\WINDOWS\SYSTEM32\ntmarta.dll

dbghelp: loaded successfully - version: 4.0.5 - missing functions: none
symbol engine: initialized successfully - sym options: 0x614 - pdb path: .;C:\Program Files\Java\jdk-18\bin;C:\WINDOWS\SYSTEM32;C:\Program Files\AVG\Antivirus;C:\WINDOWS\WinSxS\amd64_microsoft.windows.common-controls_6595b64144ccf1df_6.0.19041.3636_none_60b6a03d71f818d5;C:\Program Files\Java\jdk-18\bin\server;D:\AppData\Roaming\Code\User\globalStorage\redhat.java\1.29.0\config_win\org.eclipse.equinox.launcher\org.eclipse.equinox.launcher.win32.win32.x86_64_1.2.900.v20240213-1244;D:\Temp\jna-2289347

VM Arguments:
jvm_args: --add-modules=ALL-SYSTEM --add-opens=java.base/java.util=ALL-UNNAMED --add-opens=java.base/java.lang=ALL-UNNAMED --add-opens=java.base/sun.nio.fs=ALL-UNNAMED -Declipse.application=org.eclipse.jdt.ls.core.id1 -Dosgi.bundles.defaultStartLevel=4 -Declipse.product=org.eclipse.jdt.ls.core.product -Djava.import.generatesMetadataFilesAtProjectRoot=false -DDetectVMInstallationsJob.disabled=true -Dfile.encoding=utf8 -XX:+UseParallelGC -XX:GCTimeRatio=4 -XX:AdaptiveSizePolicyWeight=90 -Dsun.zip.disableMemoryMapping=true -Xmx1G -Xms100m -Xlog:disable -javaagent:d:\Document\.vscode\extensions\redhat.java-1.29.0-win32-x64\lombok\lombok-1.18.32.jar -XX:+HeapDumpOnOutOfMemoryError -XX:HeapDumpPath=d:\AppData\Roaming\Code\User\workspaceStorage\8e2a7522834f231f8b84a8a235c14d5c\redhat.java -Daether.dependencyCollector.impl=bf 
java_command: d:\Document\.vscode\extensions\redhat.java-1.29.0-win32-x64\server\plugins\org.eclipse.equinox.launcher_1.6.800.v20240304-1850.jar -configuration d:\AppData\Roaming\Code\User\globalStorage\redhat.java\1.29.0\config_win -data d:\AppData\Roaming\Code\User\workspaceStorage\8e2a7522834f231f8b84a8a235c14d5c\redhat.java\jdt_ws --stdio
java_class_path (initial): d:\Document\.vscode\extensions\redhat.java-1.29.0-win32-x64\server\plugins\org.eclipse.equinox.launcher_1.6.800.v20240304-1850.jar
Launcher Type: SUN_STANDARD

[Global flags]
    uintx AdaptiveSizePolicyWeight                 = 90                                        {product} {command line}
     intx CICompilerCount                          = 3                                         {product} {ergonomic}
    uintx GCTimeRatio                              = 4                                         {product} {command line}
     bool HeapDumpOnOutOfMemoryError               = true                                   {manageable} {command line}
    ccstr HeapDumpPath                             = d:\AppData\Roaming\Code\User\workspaceStorage\8e2a7522834f231f8b84a8a235c14d5c\redhat.java         {manageable} {command line}
   size_t InitialHeapSize                          = 104857600                                 {product} {command line}
   size_t MaxHeapSize                              = 1073741824                                {product} {command line}
   size_t MaxNewSize                               = 357564416                                 {product} {ergonomic}
   size_t MinHeapDeltaBytes                        = 524288                                    {product} {ergonomic}
   size_t MinHeapSize                              = 104857600                                 {product} {command line}
   size_t NewSize                                  = 34603008                                  {product} {ergonomic}
    uintx NonNMethodCodeHeapSize                   = 5832780                                {pd product} {ergonomic}
    uintx NonProfiledCodeHeapSize                  = 122912730                              {pd product} {ergonomic}
   size_t OldSize                                  = 70254592                                  {product} {ergonomic}
    uintx ProfiledCodeHeapSize                     = 122912730                              {pd product} {ergonomic}
    uintx ReservedCodeCacheSize                    = 251658240                              {pd product} {ergonomic}
     bool SegmentedCodeCache                       = true                                      {product} {ergonomic}
   size_t SoftMaxHeapSize                          = 1073741824                             {manageable} {ergonomic}
     bool UseCompressedClassPointers               = true                           {product lp64_product} {ergonomic}
     bool UseCompressedOops                        = true                           {product lp64_product} {ergonomic}
     bool UseLargePagesIndividualAllocation        = false                                  {pd product} {ergonomic}
     bool UseParallelGC                            = true                                      {product} {command line}

Logging:
Log output configuration:
 #0: stdout all=off uptime,level,tags foldmultilines=false
 #1: stderr all=off uptime,level,tags foldmultilines=false

Environment Variables:
PATH=C:\Program Files\Common Files\Oracle\Java\javapath;C:\Program Files\NVIDIA GPU Computing Toolkit\CUDA\v10.2\bin;C:\Program Files\NVIDIA GPU Computing Toolkit\CUDA\v10.2\libnvvp;C:\Program Files (x86)\Common Files\Oracle\Java\javapath;C:\Program Files (x86)\Common Files\Intel\Shared Libraries\redist\intel64\compiler;C:\WINDOWS\system32;C:\WINDOWS;C:\WINDOWS\System32\Wbem;C:\WINDOWS\System32\WindowsPowerShell\v1.0\;C:\WINDOWS\System32\OpenSSH\;C:\Program Files (x86)\QT Lite\QTSystem;C:\Program Files\NVIDIA Corporation\NVIDIA NvDLISR;C:\SH;C:\Program Files (x86)\NVIDIA Corporation\PhysX\Common;C:\Program Files\dotnet\;C:\Program Files\NVIDIA Corporation\Nsight Compute 2019.5.0\;C:\Program Files\Microsoft SQL Server\130\Tools\Binn\;C:\WINDOWS\system32;C:\WINDOWS;C:\WINDOWS\System32\Wbem;C:\WINDOWS\System32\WindowsPowerShell\v1.0\;C:\WINDOWS\System32\OpenSSH\;C:\Program Files (x86)\Windows Kits\10\Windows Performance Toolkit\;D:\Program Files\Git\cmd;D:\Software\MinGW\bin;D:\AppData\Programs\Python\Python39;D:\AppData\Programs\Python\Python39\Scripts;D:\Program Files\Graphviz\bin;D:\Program Files\OpenSSL-Win64\bin;D:\Program Files\nodejs\;D:\Software\MinGW-W\bin;D:\Program Files\PuTTY\;D:\Program Files\Maven\apache-maven-3.9.6\bin;D:\Program Files\Vim\vim91;D:\Program Files\LLVM\bin;C:\Program Files\MySQL\MySQL Shell 8.0\bin\;C:\Users\1t4y.ae\AppData\Local\Microsoft\WindowsApps;D:\Software\Visual Studio Code\Microsoft VS Code\bin;D:\Software\GitHubDesktop\bin;C:\Users\1t4y.ae\.dotnet\tools;D:\Software\IntelliJ IDEA Community Edition 2020.2.3\bin;C:\Users\1t4y.ae\.dotnet\tools;C:\Users\1t4y.ae\AppData\Local\Microsoft\WindowsApps;D:\Software\MinGW-W\bin;D:\AppData\Programs\Python\Python39;D:\AppData\Programs\Python\Python39\Scripts;D:\AppData\Programs\php-8.1.11;D:\Program Files\OpenSSL-Win64\bin;D:\AppData\Roaming\npm;D:\Users\1t4y.ae\AppData\Local\Google\Cloud SDK\google-cloud-sdk\bin;D:\Coding\C\sls\bin;C:\Users\1t4y.ae\.bun\bin;D:\Coding\Javascript\Compilers\cc\bin;
USERNAME=Itay
OS=Windows_NT
PROCESSOR_IDENTIFIER=Intel64 Family 6 Model 158 Stepping 10, GenuineIntel



---------------  S Y S T E M  ---------------

OS:
 Windows 10 , 64 bit Build 19041 (10.0.19041.3636)
OS uptime: 0 days 10:48 hours
Hyper-V role detected

CPU: total 6 (initial active 6) (6 cores per cpu, 1 threads per core) family 6 model 158 stepping 10 microcode 0xb4, cx8, cmov, fxsr, mmx, 3dnowpref, sse, sse2, sse3, ssse3, sse4.1, sse4.2, popcnt, lzcnt, tsc, tscinvbit, avx, avx2, aes, erms, clmul, bmi1, bmi2, adx, fma, vzeroupper, clflush, clflushopt, hv

Memory: 4k page, system-wide physical 16283M (6587M free)
TotalPageFile size 22544M (AvailPageFile size 5M)
current process WorkingSet (physical memory assigned to process): 618M, peak: 678M
current process commit charge ("private bytes"): 537M, peak: 632M

vm_info: Java HotSpot(TM) 64-Bit Server VM (18+36-2087) for windows-amd64 JRE (18+36-2087), built on Feb 15 2022 09:43:11 by "mach5one" with MS VC++ 16.8 / 16.9 (VS2019)

END.
