#
# There is insufficient memory for the Java Runtime Environment to continue.
# Native memory allocation (mmap) failed to map 268435456 bytes for G1 virtual space
# Possible reasons:
#   The system is out of physical RAM or swap space
#   The process is running with CompressedOops enabled, and the Java Heap may be blocking the growth of the native heap
# Possible solutions:
#   Reduce memory load on the system
#   Increase physical memory or swap space
#   Check if swap backing store is full
#   Decrease Java heap size (-Xmx/-Xms)
#   Decrease number of Java threads
#   Decrease Java thread stack sizes (-Xss)
#   Set larger code cache with -XX:ReservedCodeCacheSize=
#   JVM is running with Zero Based Compressed Oops mode in which the Java heap is
#     placed in the first 32GB address space. The Java Heap base address is the
#     maximum limit for the native heap growth. Please use -XX:HeapBaseMinAddress
#     to set the Java Heap base and to place the Java Heap above 32GB virtual address.
# This output file may be truncated or incomplete.
#
#  Out of Memory Error (os_windows.cpp:3530), pid=21332, tid=23936
#
# JRE version:  (18.0+36) (build )
# Java VM: Java HotSpot(TM) 64-Bit Server VM (18+36-2087, mixed mode, sharing, tiered, compressed oops, compressed class ptrs, g1 gc, windows-amd64)
# No core dump will be written. Minidumps are not enabled by default on client versions of Windows
#

---------------  S U M M A R Y ------------

Command Line: --module-path=G:\projects\catan\catan\target\classes;C:\Users\1t4y.ae\.m2\repository\org\openjfx\javafx-base\21\javafx-base-21-win.jar;C:\Users\1t4y.ae\.m2\repository\org\openjfx\javafx-controls\21\javafx-controls-21-win.jar;C:\Users\1t4y.ae\.m2\repository\org\openjfx\javafx-fxml\21\javafx-fxml-21-win.jar;C:\Users\1t4y.ae\.m2\repository\org\openjfx\javafx-graphics\21\javafx-graphics-21-win.jar --add-modules=com.c1t45 -Djdk.module.main=com.c1t45 com.c1t45/com.c1t45.Main

Host: Intel(R) Core(TM) i5-8400 CPU @ 2.80GHz, 6 cores, 15G,  Windows 10 , 64 bit Build 19041 (10.0.19041.3636)
Time: Thu Apr 25 03:25:05 2024 Jerusalem Daylight Time elapsed time: 0.039723 seconds (0d 0h 0m 0s)

---------------  T H R E A D  ---------------

Current thread (0x0000029054a845c0):  JavaThread "Unknown thread" [_thread_in_vm, id=23936, stack(0x000000e7efa00000,0x000000e7efb00000)]

Stack: [0x000000e7efa00000,0x000000e7efb00000]
Native frames: (J=compiled Java code, j=interpreted, Vv=VM code, C=native code)
V  [jvm.dll+0x69804a]
V  [jvm.dll+0x7f308d]
V  [jvm.dll+0x7f499e]
V  [jvm.dll+0x7f5053]
V  [jvm.dll+0x25ca3f]
V  [jvm.dll+0x694f99]
V  [jvm.dll+0x689aca]
V  [jvm.dll+0x321efb]
V  [jvm.dll+0x3298d6]
V  [jvm.dll+0x37e47e]
V  [jvm.dll+0x37e6af]
V  [jvm.dll+0x2f9c7a]
V  [jvm.dll+0x2facdd]
V  [jvm.dll+0x7c1cc0]
V  [jvm.dll+0x38b801]
V  [jvm.dll+0x7a09d3]
V  [jvm.dll+0x40d6bf]
V  [jvm.dll+0x40f091]
C  [jli.dll+0x526b]
C  [ucrtbase.dll+0x21bb2]
C  [KERNEL32.DLL+0x17344]
C  [ntdll.dll+0x526b1]


---------------  P R O C E S S  ---------------

Threads class SMR info:
_java_thread_list=0x00007ffac64ce550, length=0, elements={
}

Java Threads: ( => current thread )

Other Threads:
  0x0000029054af31f0 WorkerThread "GC Thread#0" [stack: 0x000000e7efb00000,0x000000e7efc00000] [id=9072]
  0x0000029054b03fa0 ConcurrentGCThread "G1 Main Marker" [stack: 0x000000e7efc00000,0x000000e7efd00000] [id=23752]
  0x0000029054b05130 WorkerThread "G1 Conc#0" [stack: 0x000000e7efd00000,0x000000e7efe00000] [id=11188]

[error occurred during error reporting (printing all threads), id 0xc0000005, EXCEPTION_ACCESS_VIOLATION (0xc0000005) at pc=0x00007ffac5cfa217]

VM state: not at safepoint (not fully initialized)

VM Mutex/Monitor currently owned by a thread:  ([mutex/lock_event])
[0x0000029054a801f0] Heap_lock - owner thread: 0x0000029054a845c0

Heap address: 0x0000000701800000, size: 4072 MB, Compressed Oops mode: Zero based, Oop shift amount: 3

CDS archive(s) mapped at: [0x0000000000000000-0x0000000000000000-0x0000000000000000), size 0, SharedBaseAddress: 0x0000000800000000, ArchiveRelocationMode: 0.
Narrow klass base: 0x0000000000000000, Narrow klass shift: 0, Narrow klass range: 0x0

GC Precious Log:
 CardTable entry size: 512
 Card Set container configuration: InlinePtr #cards 4 size 8 Array Of Cards #cards 16 size 48 Howl #buckets 8 coarsen threshold 3686 Howl Bitmap #cards 512 size 80 coarsen threshold 460 Card regions per heap region 1 cards per card region 4096

Heap:
 garbage-first heap   total 0K, used 0K [0x0000000701800000, 0x0000000800000000)
  region size 2048K, 0 young (0K), 0 survivors (0K)

[error occurred during error reporting (printing heap information), id 0xc0000005, EXCEPTION_ACCESS_VIOLATION (0xc0000005) at pc=0x00007ffac60e0489]

GC Heap History (0 events):
No events

Deoptimization events (0 events):
No events

Classes loaded (0 events):
No events

Classes unloaded (0 events):
No events

Classes redefined (0 events):
No events

Internal exceptions (0 events):
No events

VM Operations (0 events):
No events

Events (1 events):
Event: 0.008 Loaded shared library C:\Program Files\Java\jdk-18\bin\java.dll


Dynamic libraries:
0x00007ff689790000 - 0x00007ff6897a0000 	C:\Program Files\Java\jdk-18\bin\java.exe
0x00007ffb40a90000 - 0x00007ffb40c88000 	C:\WINDOWS\SYSTEM32\ntdll.dll
0x00007ffafc9c0000 - 0x00007ffafc9d9000 	C:\Program Files\AVG\Antivirus\aswhook.dll
0x00007ffb3fee0000 - 0x00007ffb3ff9d000 	C:\WINDOWS\System32\KERNEL32.DLL
0x00007ffb3e380000 - 0x00007ffb3e676000 	C:\WINDOWS\System32\KERNELBASE.dll
0x00007ffb3e230000 - 0x00007ffb3e330000 	C:\WINDOWS\System32\ucrtbase.dll
0x00007ffb39c40000 - 0x00007ffb39c58000 	C:\Program Files\Java\jdk-18\bin\jli.dll
0x00007ffb346e0000 - 0x00007ffb346fa000 	C:\Program Files\Java\jdk-18\bin\VCRUNTIME140.dll
0x00007ffb40510000 - 0x00007ffb405c0000 	C:\WINDOWS\System32\ADVAPI32.dll
0x00007ffb3ffa0000 - 0x00007ffb4003e000 	C:\WINDOWS\System32\msvcrt.dll
0x00007ffb3fe40000 - 0x00007ffb3fee0000 	C:\WINDOWS\System32\sechost.dll
0x00007ffb40870000 - 0x00007ffb40993000 	C:\WINDOWS\System32\RPCRT4.dll
0x00007ffb3fb70000 - 0x00007ffb3fd0f000 	C:\WINDOWS\System32\USER32.dll
0x00007ffb3e200000 - 0x00007ffb3e222000 	C:\WINDOWS\System32\win32u.dll
0x00007ffb3fb30000 - 0x00007ffb3fb5b000 	C:\WINDOWS\System32\GDI32.dll
0x00007ffb3e070000 - 0x00007ffb3e097000 	C:\WINDOWS\SYSTEM32\bcrypt.dll
0x00007ffb3e9a0000 - 0x00007ffb3eab7000 	C:\WINDOWS\System32\gdi32full.dll
0x00007ffb3e7e0000 - 0x00007ffb3e87d000 	C:\WINDOWS\System32\msvcp_win.dll
0x00007ffb24760000 - 0x00007ffb249fa000 	C:\WINDOWS\WinSxS\amd64_microsoft.windows.common-controls_6595b64144ccf1df_6.0.19041.3636_none_60b6a03d71f818d5\COMCTL32.dll
0x00007ffb361e0000 - 0x00007ffb361ea000 	C:\WINDOWS\SYSTEM32\VERSION.dll
0x00007ffb3fdf0000 - 0x00007ffb3fe22000 	C:\WINDOWS\System32\IMM32.DLL
0x00007ffb38af0000 - 0x00007ffb38afc000 	C:\Program Files\Java\jdk-18\bin\vcruntime140_1.dll
0x00007ffb1b360000 - 0x00007ffb1b3ed000 	C:\Program Files\Java\jdk-18\bin\msvcp140.dll
0x00007ffac59f0000 - 0x00007ffac6601000 	C:\Program Files\Java\jdk-18\bin\server\jvm.dll
0x00007ffb3fe30000 - 0x00007ffb3fe38000 	C:\WINDOWS\System32\PSAPI.DLL
0x00007ffb2a540000 - 0x00007ffb2a567000 	C:\WINDOWS\SYSTEM32\WINMM.dll
0x00007ffb20ac0000 - 0x00007ffb20ac9000 	C:\WINDOWS\SYSTEM32\WSOCK32.dll
0x00007ffb3f0d0000 - 0x00007ffb3f13b000 	C:\WINDOWS\System32\WS2_32.dll
0x00007ffb3bfb0000 - 0x00007ffb3bfc2000 	C:\WINDOWS\SYSTEM32\kernel.appcore.dll
0x00007ffb32fa0000 - 0x00007ffb32faa000 	C:\Program Files\Java\jdk-18\bin\jimage.dll
0x00007ffb30450000 - 0x00007ffb30634000 	C:\WINDOWS\SYSTEM32\DBGHELP.DLL
0x00007ffb303f0000 - 0x00007ffb30424000 	C:\WINDOWS\SYSTEM32\dbgcore.DLL
0x00007ffb3e170000 - 0x00007ffb3e1f2000 	C:\WINDOWS\System32\bcryptPrimitives.dll
0x00007ffb26810000 - 0x00007ffb26835000 	C:\Program Files\Java\jdk-18\bin\java.dll

dbghelp: loaded successfully - version: 4.0.5 - missing functions: none
symbol engine: initialized successfully - sym options: 0x614 - pdb path: .;C:\Program Files\Java\jdk-18\bin;C:\WINDOWS\SYSTEM32;C:\Program Files\AVG\Antivirus;C:\WINDOWS\WinSxS\amd64_microsoft.windows.common-controls_6595b64144ccf1df_6.0.19041.3636_none_60b6a03d71f818d5;C:\Program Files\Java\jdk-18\bin\server

VM Arguments:
jvm_args: --module-path=G:\projects\catan\catan\target\classes;C:\Users\1t4y.ae\.m2\repository\org\openjfx\javafx-base\21\javafx-base-21-win.jar;C:\Users\1t4y.ae\.m2\repository\org\openjfx\javafx-controls\21\javafx-controls-21-win.jar;C:\Users\1t4y.ae\.m2\repository\org\openjfx\javafx-fxml\21\javafx-fxml-21-win.jar;C:\Users\1t4y.ae\.m2\repository\org\openjfx\javafx-graphics\21\javafx-graphics-21-win.jar --add-modules=com.c1t45 -Djdk.module.main=com.c1t45 
java_command: com.c1t45/com.c1t45.Main
java_class_path (initial): C:\Users\1t4y.ae\.m2\repository\org\openjfx\javafx-base\21\javafx-base-21.jar;C:\Users\1t4y.ae\.m2\repository\org\openjfx\javafx-controls\21\javafx-controls-21.jar;C:\Users\1t4y.ae\.m2\repository\org\openjfx\javafx-fxml\21\javafx-fxml-21.jar;C:\Users\1t4y.ae\.m2\repository\org\openjfx\javafx-graphics\21\javafx-graphics-21.jar
Launcher Type: SUN_STANDARD

[Global flags]
     intx CICompilerCount                          = 3                                         {product} {ergonomic}
     uint ConcGCThreads                            = 2                                         {product} {ergonomic}
     uint G1ConcRefinementThreads                  = 6                                         {product} {ergonomic}
   size_t G1HeapRegionSize                         = 2097152                                   {product} {ergonomic}
    uintx GCDrainStackTargetSize                   = 64                                        {product} {ergonomic}
   size_t InitialHeapSize                          = 268435456                                 {product} {ergonomic}
   size_t MarkStackSize                            = 4194304                                   {product} {ergonomic}
   size_t MaxHeapSize                              = 4269801472                                {product} {ergonomic}
   size_t MinHeapDeltaBytes                        = 2097152                                   {product} {ergonomic}
   size_t MinHeapSize                              = 8388608                                   {product} {ergonomic}
    uintx NonNMethodCodeHeapSize                   = 5832780                                {pd product} {ergonomic}
    uintx NonProfiledCodeHeapSize                  = 122912730                              {pd product} {ergonomic}
    uintx ProfiledCodeHeapSize                     = 122912730                              {pd product} {ergonomic}
    uintx ReservedCodeCacheSize                    = 251658240                              {pd product} {ergonomic}
     bool SegmentedCodeCache                       = true                                      {product} {ergonomic}
   size_t SoftMaxHeapSize                          = 4269801472                             {manageable} {ergonomic}
     bool UseCompressedClassPointers               = true                           {product lp64_product} {ergonomic}
     bool UseCompressedOops                        = true                           {product lp64_product} {ergonomic}
     bool UseG1GC                                  = true                                      {product} {ergonomic}
     bool UseLargePagesIndividualAllocation        = false                                  {pd product} {ergonomic}

Logging:
Log output configuration:
 #0: stdout all=warning uptime,level,tags foldmultilines=false
 #1: stderr all=off uptime,level,tags foldmultilines=false

Environment Variables:
PATH=C:\Program Files\Common Files\Oracle\Java\javapath;C:\Program Files\NVIDIA GPU Computing Toolkit\CUDA\v10.2\bin;C:\Program Files\NVIDIA GPU Computing Toolkit\CUDA\v10.2\libnvvp;C:\Program Files (x86)\Common Files\Oracle\Java\javapath;C:\Program Files (x86)\Common Files\Intel\Shared Libraries\redist\intel64\compiler;C:\WINDOWS\system32;C:\WINDOWS;C:\WINDOWS\System32\Wbem;C:\WINDOWS\System32\WindowsPowerShell\v1.0\;C:\WINDOWS\System32\OpenSSH\;C:\Program Files (x86)\QT Lite\QTSystem;C:\Program Files\NVIDIA Corporation\NVIDIA NvDLISR;C:\SH;C:\Program Files (x86)\NVIDIA Corporation\PhysX\Common;C:\Program Files\dotnet\;C:\Program Files\NVIDIA Corporation\Nsight Compute 2019.5.0\;C:\Program Files\Microsoft SQL Server\130\Tools\Binn\;C:\WINDOWS\system32;C:\WINDOWS;C:\WINDOWS\System32\Wbem;C:\WINDOWS\System32\WindowsPowerShell\v1.0\;C:\WINDOWS\System32\OpenSSH\;C:\Program Files (x86)\Windows Kits\10\Windows Performance Toolkit\;D:\Program Files\Git\cmd;D:\Software\MinGW\bin;D:\AppData\Programs\Python\Python39;D:\AppData\Programs\Python\Python39\Scripts;D:\Program Files\Graphviz\bin;D:\Program Files\OpenSSL-Win64\bin;D:\Program Files\nodejs\;D:\Software\MinGW-W\bin;D:\Program Files\PuTTY\;D:\Program Files\Maven\apache-maven-3.9.6\bin;D:\Program Files\Vim\vim91;D:\Program Files\LLVM\bin;C:\Program Files\MySQL\MySQL Shell 8.0\bin\;C:\Users\1t4y.ae\AppData\Local\Microsoft\WindowsApps;D:\Software\Visual Studio Code\Microsoft VS Code\bin;D:\Software\GitHubDesktop\bin;C:\Users\1t4y.ae\.dotnet\tools;D:\Software\IntelliJ IDEA Community Edition 2020.2.3\bin;C:\Users\1t4y.ae\.dotnet\tools;C:\Users\1t4y.ae\AppData\Local\Microsoft\WindowsApps;D:\Software\MinGW-W\bin;D:\AppData\Programs\Python\Python39;D:\AppData\Programs\Python\Python39\Scripts;D:\AppData\Programs\php-8.1.11;D:\Program Files\OpenSSL-Win64\bin;D:\AppData\Roaming\npm;D:\Users\1t4y.ae\AppData\Local\Google\Cloud SDK\google-cloud-sdk\bin;D:\Coding\C\sls\bin;C:\Users\1t4y.ae\.bun\bin;D:\Coding\Javascript\Compilers\cc\bin;
USERNAME=Itay
LANG=en_US.UTF-8
OS=Windows_NT
PROCESSOR_IDENTIFIER=Intel64 Family 6 Model 158 Stepping 10, GenuineIntel



---------------  S Y S T E M  ---------------

OS:
 Windows 10 , 64 bit Build 19041 (10.0.19041.3636)
OS uptime: 0 days 10:46 hours
Hyper-V role detected

CPU: total 6 (initial active 6) (6 cores per cpu, 1 threads per core) family 6 model 158 stepping 10 microcode 0xb4, cx8, cmov, fxsr, mmx, 3dnowpref, sse, sse2, sse3, ssse3, sse4.1, sse4.2, popcnt, lzcnt, tsc, tscinvbit, avx, avx2, aes, erms, clmul, bmi1, bmi2, adx, fma, vzeroupper, clflush, clflushopt, hv

Memory: 4k page, system-wide physical 16283M (6247M free)
TotalPageFile size 22544M (AvailPageFile size 253M)
current process WorkingSet (physical memory assigned to process): 10M, peak: 10M
current process commit charge ("private bytes"): 56M, peak: 312M

vm_info: Java HotSpot(TM) 64-Bit Server VM (18+36-2087) for windows-amd64 JRE (18+36-2087), built on Feb 15 2022 09:43:11 by "mach5one" with MS VC++ 16.8 / 16.9 (VS2019)

END.
