#
# There is insufficient memory for the Java Runtime Environment to continue.
# Native memory allocation (mmap) failed to map 65536 bytes for Failed to commit metaspace.
# Possible reasons:
#   The system is out of physical RAM or swap space
#   The process is running with CompressedOops enabled, and the Java Heap may be blocking the growth of the native heap
# Possible solutions:
#   Reduce memory load on the system
#   Increase physical memory or swap space
#   Check if swap backing store is full
#   Decrease Java heap size (-Xmx/-Xms)
#   Decrease number of Java threads
#   Decrease Java thread stack sizes (-Xss)
#   Set larger code cache with -XX:ReservedCodeCacheSize=
#   JVM is running with Unscaled Compressed Oops mode in which the Java heap is
#     placed in the first 4GB address space. The Java Heap base address is the
#     maximum limit for the native heap growth. Please use -XX:HeapBaseMinAddress
#     to set the Java Heap base and to place the Java Heap above 4GB virtual address.
# This output file may be truncated or incomplete.
#
#  Out of Memory Error (virtualSpaceNode.cpp:110), pid=3932, tid=24784
#
# JRE version: Java(TM) SE Runtime Environment (18.0+36) (build 18+36-2087)
# Java VM: Java HotSpot(TM) 64-Bit Server VM (18+36-2087, mixed mode, sharing, tiered, compressed oops, compressed class ptrs, parallel gc, windows-amd64)
# No core dump will be written. Minidumps are not enabled by default on client versions of Windows
#

---------------  S U M M A R Y ------------

Command Line: --add-modules=ALL-SYSTEM --add-opens=java.base/java.util=ALL-UNNAMED --add-opens=java.base/java.lang=ALL-UNNAMED --add-opens=java.base/sun.nio.fs=ALL-UNNAMED -Declipse.application=org.eclipse.jdt.ls.core.id1 -Dosgi.bundles.defaultStartLevel=4 -Declipse.product=org.eclipse.jdt.ls.core.product -Djava.import.generatesMetadataFilesAtProjectRoot=false -DDetectVMInstallationsJob.disabled=true -Dfile.encoding=utf8 -XX:+UseParallelGC -XX:GCTimeRatio=4 -XX:AdaptiveSizePolicyWeight=90 -Dsun.zip.disableMemoryMapping=true -Xmx1G -Xms100m -Xlog:disable -javaagent:d:\Document\.vscode\extensions\redhat.java-1.29.0-win32-x64\lombok\lombok-1.18.32.jar d:\Document\.vscode\extensions\redhat.java-1.29.0-win32-x64\server\plugins\org.eclipse.equinox.launcher_1.6.800.v20240304-1850.jar -configuration d:\AppData\Roaming\Code\User\globalStorage\redhat.java\1.29.0\config_ss_win -data d:\AppData\Roaming\Code\User\workspaceStorage\8e2a7522834f231f8b84a8a235c14d5c\redhat.java\ss_ws --stdio

Host: Intel(R) Core(TM) i5-8400 CPU @ 2.80GHz, 6 cores, 15G,  Windows 10 , 64 bit Build 19041 (10.0.19041.3636)
Time: Thu Apr 25 03:28:21 2024 Jerusalem Daylight Time elapsed time: 1.806200 seconds (0d 0h 0m 1s)

---------------  T H R E A D  ---------------

Current thread (0x000001a9fac637f0):  JavaThread "Start Level: Equinox Container: 58e47ad9-41e8-4cec-b7dc-438d63b99d8f" daemon [_thread_in_vm, id=24784, stack(0x0000002d3e400000,0x0000002d3e500000)]

Stack: [0x0000002d3e400000,0x0000002d3e500000]
Native frames: (J=compiled Java code, j=interpreted, Vv=VM code, C=native code)
V  [jvm.dll+0x69804a]
V  [jvm.dll+0x7f308d]
V  [jvm.dll+0x7f499e]
V  [jvm.dll+0x7f5053]
V  [jvm.dll+0x25ca3f]
V  [jvm.dll+0x7eed9b]
V  [jvm.dll+0x63e276]
V  [jvm.dll+0x1d721e]
V  [jvm.dll+0x640c1b]
V  [jvm.dll+0x640a1e]
V  [jvm.dll+0x63ec3e]
V  [jvm.dll+0x6492b7]
V  [jvm.dll+0x202381]
V  [jvm.dll+0x2028b5]
V  [jvm.dll+0x2032ef]
V  [jvm.dll+0x1f8781]
V  [jvm.dll+0x55cea5]
V  [jvm.dll+0x76d2f3]
V  [jvm.dll+0x76d3d4]
V  [jvm.dll+0x42d234]
V  [jvm.dll+0x432f3f]
C  [java.dll+0x17ec]

Java frames: (J=compiled Java code, j=interpreted, Vv=VM code)
J 1266  java.lang.ClassLoader.defineClass1(Ljava/lang/ClassLoader;Ljava/lang/String;[BIILjava/security/ProtectionDomain;Ljava/lang/String;)Ljava/lang/Class; java.base@18 (0 bytes) @ 0x000001a98f3a4a63 [0x000001a98f3a49a0+0x00000000000000c3]
J 1841 c1 java.lang.ClassLoader.defineClass(Ljava/lang/String;[BIILjava/security/ProtectionDomain;)Ljava/lang/Class; java.base@18 (43 bytes) @ 0x000001a98815845c [0x000001a988158100+0x000000000000035c]
J 2236 c1 org.eclipse.osgi.internal.loader.ModuleClassLoader.defineClass(Ljava/lang/String;[BLorg/eclipse/osgi/internal/loader/classpath/ClasspathEntry;)Lorg/eclipse/osgi/internal/loader/ModuleClassLoader$DefineClassResult; (138 bytes) @ 0x000001a98825ea9c [0x000001a98825e840+0x000000000000025c]
J 2068 c1 org.eclipse.osgi.internal.loader.classpath.ClasspathManager.defineClass(Ljava/lang/String;[BLorg/eclipse/osgi/internal/loader/classpath/ClasspathEntry;Lorg/eclipse/osgi/storage/bundlefile/BundleEntry;Ljava/util/List;)Ljava/lang/Class; (636 bytes) @ 0x000001a9881ec65c [0x000001a9881eab60+0x0000000000001afc]
J 1885 c1 org.eclipse.osgi.internal.loader.classpath.ClasspathManager.findClassImpl(Ljava/lang/String;Lorg/eclipse/osgi/internal/loader/classpath/ClasspathEntry;Ljava/util/List;)Ljava/lang/Class; (308 bytes) @ 0x000001a98818476c [0x000001a988181940+0x0000000000002e2c]
J 1884 c1 org.eclipse.osgi.internal.loader.classpath.ClasspathManager.findLocalClassImpl(Ljava/lang/String;[Lorg/eclipse/osgi/internal/loader/classpath/ClasspathEntry;Ljava/util/List;)Ljava/lang/Class; (55 bytes) @ 0x000001a988180dcc [0x000001a988180c40+0x000000000000018c]
J 2058 c1 org.eclipse.osgi.internal.loader.classpath.ClasspathManager.findLocalClassImpl(Ljava/lang/String;Ljava/util/List;)Ljava/lang/Class; (132 bytes) @ 0x000001a9881e1a04 [0x000001a9881e14c0+0x0000000000000544]
J 1874 c1 org.eclipse.osgi.internal.loader.classpath.ClasspathManager.findLocalClass(Ljava/lang/String;)Ljava/lang/Class; (210 bytes) @ 0x000001a988177e3c [0x000001a988177120+0x0000000000000d1c]
J 1872 c1 org.eclipse.osgi.internal.loader.BundleLoader.findLocalClass(Ljava/lang/String;)Ljava/lang/Class; (152 bytes) @ 0x000001a98817520c [0x000001a9881749a0+0x000000000000086c]
J 2057 c1 org.eclipse.osgi.internal.loader.sources.SingleSourcePackage.loadClass(Ljava/lang/String;)Ljava/lang/Class; (9 bytes) @ 0x000001a9881e10c4 [0x000001a9881e0fc0+0x0000000000000104]
J 1845 c1 org.eclipse.osgi.internal.loader.BundleLoader.findClass0(Ljava/lang/String;ZZ)Ljava/lang/Class; (470 bytes) @ 0x000001a98815c244 [0x000001a988159ba0+0x00000000000026a4]
J 1802 c1 org.eclipse.osgi.internal.loader.BundleLoader.findClass(Ljava/lang/String;)Ljava/lang/Class; (8 bytes) @ 0x000001a98814571c [0x000001a9881456a0+0x000000000000007c]
J 1803 c1 org.eclipse.osgi.internal.loader.ModuleClassLoader.loadClass(Ljava/lang/String;Z)Ljava/lang/Class; (36 bytes) @ 0x000001a988145cc4 [0x000001a988145aa0+0x0000000000000224]
J 934 c1 java.lang.ClassLoader.loadClass(Ljava/lang/String;)Ljava/lang/Class; java.base@18 (7 bytes) @ 0x000001a987f8e94c [0x000001a987f8e840+0x000000000000010c]
v  ~StubRoutines::call_stub
j  org.eclipse.jdt.internal.core.JavaModelManager.<init>()V+433
j  org.eclipse.jdt.internal.core.JavaModelManager.<clinit>()V+87
v  ~StubRoutines::call_stub
j  org.eclipse.jdt.core.JavaCore.start(Lorg/osgi/framework/BundleContext;)V+6
j  org.eclipse.osgi.internal.framework.BundleContextImpl$2.run()Ljava/lang/Void;+23
j  org.eclipse.osgi.internal.framework.BundleContextImpl$2.run()Ljava/lang/Object;+1
J 1045 c1 java.security.AccessController.executePrivileged(Ljava/security/PrivilegedExceptionAction;Ljava/security/AccessControlContext;Ljava/lang/Class;)Ljava/lang/Object; java.base@18 (65 bytes) @ 0x000001a987fcc53c [0x000001a987fcc3e0+0x000000000000015c]
j  java.security.AccessController.doPrivileged(Ljava/security/PrivilegedExceptionAction;)Ljava/lang/Object;+9 java.base@18
j  org.eclipse.osgi.internal.framework.BundleContextImpl.startActivator(Lorg/osgi/framework/BundleActivator;)V+9
j  org.eclipse.osgi.internal.framework.BundleContextImpl.start()V+134
j  org.eclipse.osgi.internal.framework.EquinoxBundle.startWorker0()V+35
j  org.eclipse.osgi.internal.framework.EquinoxBundle$EquinoxModule.startWorker()V+4
j  org.eclipse.osgi.container.Module.doStart([Lorg/eclipse/osgi/container/Module$StartOptions;)Lorg/eclipse/osgi/container/ModuleContainerAdaptor$ModuleEvent;+190
J 2233 c1 org.eclipse.osgi.container.Module.start([Lorg/eclipse/osgi/container/Module$StartOptions;)V (655 bytes) @ 0x000001a9882557b4 [0x000001a988253360+0x0000000000002454]
J 2232 c1 org.eclipse.osgi.framework.util.SecureAction.start(Lorg/eclipse/osgi/container/Module;[Lorg/eclipse/osgi/container/Module$StartOptions;)V (61 bytes) @ 0x000001a98825267c [0x000001a9882524c0+0x00000000000001bc]
J 1985 c1 org.eclipse.osgi.internal.hooks.EclipseLazyStarter.postFindLocalClass(Ljava/lang/String;Ljava/lang/Class;Lorg/eclipse/osgi/internal/loader/classpath/ClasspathManager;)V (394 bytes) @ 0x000001a9881c316c [0x000001a9881c2160+0x000000000000100c]
J 1874 c1 org.eclipse.osgi.internal.loader.classpath.ClasspathManager.findLocalClass(Ljava/lang/String;)Ljava/lang/Class; (210 bytes) @ 0x000001a98817818c [0x000001a988177120+0x000000000000106c]
J 1872 c1 org.eclipse.osgi.internal.loader.BundleLoader.findLocalClass(Ljava/lang/String;)Ljava/lang/Class; (152 bytes) @ 0x000001a98817520c [0x000001a9881749a0+0x000000000000086c]
J 2057 c1 org.eclipse.osgi.internal.loader.sources.SingleSourcePackage.loadClass(Ljava/lang/String;)Ljava/lang/Class; (9 bytes) @ 0x000001a9881e10c4 [0x000001a9881e0fc0+0x0000000000000104]
J 1845 c1 org.eclipse.osgi.internal.loader.BundleLoader.findClass0(Ljava/lang/String;ZZ)Ljava/lang/Class; (470 bytes) @ 0x000001a98815c244 [0x000001a988159ba0+0x00000000000026a4]
J 1802 c1 org.eclipse.osgi.internal.loader.BundleLoader.findClass(Ljava/lang/String;)Ljava/lang/Class; (8 bytes) @ 0x000001a98814571c [0x000001a9881456a0+0x000000000000007c]
J 1803 c1 org.eclipse.osgi.internal.loader.ModuleClassLoader.loadClass(Ljava/lang/String;Z)Ljava/lang/Class; (36 bytes) @ 0x000001a988145cc4 [0x000001a988145aa0+0x0000000000000224]
J 934 c1 java.lang.ClassLoader.loadClass(Ljava/lang/String;)Ljava/lang/Class; java.base@18 (7 bytes) @ 0x000001a987f8e94c [0x000001a987f8e840+0x000000000000010c]
v  ~StubRoutines::call_stub
j  java.lang.Class.getDeclaredConstructors0(Z)[Ljava/lang/reflect/Constructor;+0 java.base@18
j  java.lang.Class.privateGetDeclaredConstructors(Z)[Ljava/lang/reflect/Constructor;+52 java.base@18
j  java.lang.Class.getConstructor0([Ljava/lang/Class;I)Ljava/lang/reflect/Constructor;+14 java.base@18
j  java.lang.Class.getConstructor([Ljava/lang/Class;)Ljava/lang/reflect/Constructor;+24 java.base@18
j  org.eclipse.osgi.internal.framework.BundleContextImpl.loadBundleActivator()Lorg/osgi/framework/BundleActivator;+105
j  org.eclipse.osgi.internal.framework.BundleContextImpl.start()V+18
j  org.eclipse.osgi.internal.framework.EquinoxBundle.startWorker0()V+35
j  org.eclipse.osgi.internal.framework.EquinoxBundle$EquinoxModule.startWorker()V+4
j  org.eclipse.osgi.container.Module.doStart([Lorg/eclipse/osgi/container/Module$StartOptions;)Lorg/eclipse/osgi/container/ModuleContainerAdaptor$ModuleEvent;+190
j  org.eclipse.osgi.container.Module.start([Lorg/eclipse/osgi/container/Module$StartOptions;)V+460
j  org.eclipse.osgi.container.ModuleContainer$ContainerStartLevel$2.run()V+71
j  org.eclipse.osgi.internal.framework.EquinoxContainerAdaptor$1$1.execute(Ljava/lang/Runnable;)V+1
j  org.eclipse.osgi.container.ModuleContainer$ContainerStartLevel.incStartLevel(ILjava/util/List;Z)V+193
j  org.eclipse.osgi.container.ModuleContainer$ContainerStartLevel.incStartLevel(ILjava/util/List;Ljava/util/List;Ljava/util/List;Ljava/util/List;)V+19
j  org.eclipse.osgi.container.ModuleContainer$ContainerStartLevel.doContainerStartLevel(Lorg/eclipse/osgi/container/Module;I[Lorg/osgi/framework/FrameworkListener;)V+349
j  org.eclipse.osgi.container.ModuleContainer$ContainerStartLevel.dispatchEvent(Lorg/eclipse/osgi/container/Module;[Lorg/osgi/framework/FrameworkListener;ILjava/lang/Integer;)V+32
j  org.eclipse.osgi.container.ModuleContainer$ContainerStartLevel.dispatchEvent(Ljava/lang/Object;Ljava/lang/Object;ILjava/lang/Object;)V+15
j  org.eclipse.osgi.framework.eventmgr.EventManager.dispatchEvent(Ljava/util/Set;Lorg/eclipse/osgi/framework/eventmgr/EventDispatcher;ILjava/lang/Object;)V+48
j  org.eclipse.osgi.framework.eventmgr.EventManager$EventThread.run()V+26
v  ~StubRoutines::call_stub

---------------  P R O C E S S  ---------------

Threads class SMR info:
_java_thread_list=0x000001a99bb23be0, length=21, elements={
0x000001a9f8a03490, 0x000001a9fac43e90, 0x000001a9fac45470, 0x000001a9fac5b710,
0x000001a9fac5d490, 0x000001a9fac64660, 0x000001a9fac63cc0, 0x000001a9fac6e8b0,
0x000001a9fac70cf0, 0x000001a9fac82ef0, 0x000001a9fac66810, 0x000001a9fac654d0,
0x000001a9fac64190, 0x000001a9fac63320, 0x000001a9fac637f0, 0x000001a9fac64b30,
0x000001a9fac659a0, 0x000001a9fac65e70, 0x000001a9fac65000, 0x000001a9fac66340,
0x000001a99b75f330
}

Java Threads: ( => current thread )
  0x000001a9f8a03490 JavaThread "main" [_thread_blocked, id=6596, stack(0x0000002d3cd00000,0x0000002d3ce00000)]
  0x000001a9fac43e90 JavaThread "Reference Handler" daemon [_thread_blocked, id=23372, stack(0x0000002d3d000000,0x0000002d3d100000)]
  0x000001a9fac45470 JavaThread "Finalizer" daemon [_thread_blocked, id=18040, stack(0x0000002d3d100000,0x0000002d3d200000)]
  0x000001a9fac5b710 JavaThread "Signal Dispatcher" daemon [_thread_blocked, id=23336, stack(0x0000002d3d200000,0x0000002d3d300000)]
  0x000001a9fac5d490 JavaThread "Attach Listener" daemon [_thread_blocked, id=7492, stack(0x0000002d3d300000,0x0000002d3d400000)]
  0x000001a9fac64660 JavaThread "Service Thread" daemon [_thread_blocked, id=4420, stack(0x0000002d3d400000,0x0000002d3d500000)]
  0x000001a9fac63cc0 JavaThread "Monitor Deflation Thread" daemon [_thread_blocked, id=18028, stack(0x0000002d3d500000,0x0000002d3d600000)]
  0x000001a9fac6e8b0 JavaThread "C2 CompilerThread0" daemon [_thread_blocked, id=16448, stack(0x0000002d3d600000,0x0000002d3d700000)]
  0x000001a9fac70cf0 JavaThread "C1 CompilerThread0" daemon [_thread_blocked, id=17516, stack(0x0000002d3d700000,0x0000002d3d800000)]
  0x000001a9fac82ef0 JavaThread "Sweeper thread" daemon [_thread_blocked, id=20300, stack(0x0000002d3d800000,0x0000002d3d900000)]
  0x000001a9fac66810 JavaThread "Common-Cleaner" daemon [_thread_blocked, id=6360, stack(0x0000002d3d900000,0x0000002d3da00000)]
  0x000001a9fac654d0 JavaThread "Notification Thread" daemon [_thread_blocked, id=16536, stack(0x0000002d3da00000,0x0000002d3db00000)]
  0x000001a9fac64190 JavaThread "Active Thread: Equinox Container: 58e47ad9-41e8-4cec-b7dc-438d63b99d8f" [_thread_blocked, id=24720, stack(0x0000002d3e200000,0x0000002d3e300000)]
  0x000001a9fac63320 JavaThread "Framework Event Dispatcher: Equinox Container: 58e47ad9-41e8-4cec-b7dc-438d63b99d8f" daemon [_thread_blocked, id=24780, stack(0x0000002d3e300000,0x0000002d3e400000)]
=>0x000001a9fac637f0 JavaThread "Start Level: Equinox Container: 58e47ad9-41e8-4cec-b7dc-438d63b99d8f" daemon [_thread_in_vm, id=24784, stack(0x0000002d3e400000,0x0000002d3e500000)]
  0x000001a9fac64b30 JavaThread "SCR Component Actor" daemon [_thread_blocked, id=24808, stack(0x0000002d3e500000,0x0000002d3e600000)]
  0x000001a9fac659a0 JavaThread "SCR Component Registry" daemon [_thread_blocked, id=24952, stack(0x0000002d3e600000,0x0000002d3e700000)]
  0x000001a9fac65e70 JavaThread "Worker-JM" [_thread_blocked, id=25164, stack(0x0000002d3dc00000,0x0000002d3dd00000)]
  0x000001a9fac65000 JavaThread "Worker-0" [_thread_blocked, id=25316, stack(0x0000002d3e700000,0x0000002d3e800000)]
  0x000001a9fac66340 JavaThread "Worker-1" [_thread_blocked, id=25324, stack(0x0000002d3e800000,0x0000002d3e900000)]
  0x000001a99b75f330 JavaThread "C2 CompilerThread1" daemon [_thread_blocked, id=25332, stack(0x0000002d3e900000,0x0000002d3ea00000)]

Other Threads:
  0x000001a9f8abd6d0 VMThread "VM Thread" [stack: 0x0000002d3cf00000,0x0000002d3d000000] [id=20796]
  0x000001a99ae19500 WatcherThread "VM Periodic Task Thread" [stack: 0x0000002d3db00000,0x0000002d3dc00000] [id=2564]
  0x000001a9f8a1dce0 WorkerThread "GC Thread#0" [stack: 0x0000002d3ce00000,0x0000002d3cf00000] [id=23780]
  0x000001a99b0355a0 WorkerThread "GC Thread#1" [stack: 0x0000002d3dd00000,0x0000002d3de00000] [id=22156]
  0x000001a99b035840 WorkerThread "GC Thread#2" [stack: 0x0000002d3de00000,0x0000002d3df00000] [id=7200]
  0x000001a99b533010 WorkerThread "GC Thread#3" [stack: 0x0000002d3df00000,0x0000002d3e000000] [id=3080]
  0x000001a99b5332b0 WorkerThread "GC Thread#4" [stack: 0x0000002d3e000000,0x0000002d3e100000] [id=24580]
  0x000001a99b533550 WorkerThread "GC Thread#5" [stack: 0x0000002d3e100000,0x0000002d3e200000] [id=24584]

Threads with active compile tasks:

VM state: not at safepoint (normal execution)

VM Mutex/Monitor currently owned by a thread:  ([mutex/lock_event])
[0x000001a9f89feb40] Metaspace_lock - owner thread: 0x000001a9fac637f0

Heap address: 0x00000000c0000000, size: 1024 MB, Compressed Oops mode: 32-bit

CDS archive(s) mapped at: [0x0000000800000000-0x0000000800ba0000-0x0000000800ba0000), size 12189696, SharedBaseAddress: 0x0000000800000000, ArchiveRelocationMode: 0.
Compressed class space mapped at: 0x0000000800c00000-0x0000000840c00000, reserved size: 1073741824
Narrow klass base: 0x0000000800000000, Narrow klass shift: 0, Narrow klass range: 0x100000000

GC Precious Log:
 CardTable entry size: 512
 CPUs: 6 total, 6 available
 Memory: 16283M
 Large Page Support: Disabled
 NUMA Support: Disabled
 Compressed Oops: Enabled (32-bit)
 Alignments: Space 512K, Generation 512K, Heap 2M
 Heap Min Capacity: 100M
 Heap Initial Capacity: 100M
 Heap Max Capacity: 1G
 Pre-touch: Disabled
 Parallel Workers: 6

Heap:
 PSYoungGen      total 29696K, used 20345K [0x00000000eab00000, 0x00000000ecc00000, 0x0000000100000000)
  eden space 25600K, 63% used [0x00000000eab00000,0x00000000ebae3cf0,0x00000000ec400000)
  from space 4096K, 99% used [0x00000000ec400000,0x00000000ec7fab00,0x00000000ec800000)
  to   space 4096K, 0% used [0x00000000ec800000,0x00000000ec800000,0x00000000ecc00000)
 ParOldGen       total 68608K, used 3046K [0x00000000c0000000, 0x00000000c4300000, 0x00000000eab00000)
  object space 68608K, 4% used [0x00000000c0000000,0x00000000c02f9998,0x00000000c4300000)
 Metaspace       used 15711K, committed 16256K, reserved 1114112K
  class space    used 1528K, committed 1792K, reserved 1048576K

Card table byte_map: [0x000001a9f83a0000,0x000001a9f85b0000] _byte_map_base: 0x000001a9f7da0000

Marking Bits: (ParMarkBitMap*) 0x00007ffac653fac0
 Begin Bits: [0x000001a9f8ac0000, 0x000001a9f9ac0000)
 End Bits:   [0x000001a9f9ac0000, 0x000001a9faac0000)

Polling page: 0x000001a9f6970000

Metaspace:

Usage:
  Non-class:     13.85 MB used.
      Class:      1.49 MB used.
       Both:     15.34 MB used.

Virtual space:
  Non-class space:       64.00 MB reserved,      14.12 MB ( 22%) committed,  1 nodes.
      Class space:        1.00 GB reserved,       1.75 MB ( <1%) committed,  1 nodes.
             Both:        1.06 GB reserved,      15.88 MB (  1%) committed. 

Chunk freelists:
   Non-Class:  956.00 KB
       Class:  2.11 MB
        Both:  3.04 MB

MaxMetaspaceSize: unlimited
CompressedClassSpaceSize: 1.00 GB
Initial GC threshold: 21.00 MB
Current GC threshold: 21.00 MB
CDS: on
MetaspaceReclaimPolicy: balanced
 - commit_granule_bytes: 65536.
 - commit_granule_words: 8192.
 - virtual_space_node_default_size: 8388608.
 - enlarge_chunks_in_place: 1.
 - new_chunks_are_fully_committed: 0.
 - uncommit_free_chunks: 1.
 - use_allocation_guard: 0.


Internal statistics:

num_allocs_failed_limit: 0.
num_arena_births: 430.
num_arena_deaths: 0.
num_vsnodes_births: 2.
num_vsnodes_deaths: 0.
num_space_committed: 254.
num_space_uncommitted: 0.
num_chunks_returned_to_freelist: 0.
num_chunks_taken_from_freelist: 978.
num_chunk_merges: 0.
num_chunk_splits: 639.
num_chunks_enlarged: 429.
num_inconsistent_stats: 0.

CodeHeap 'non-profiled nmethods': size=120000Kb used=950Kb max_used=950Kb free=119049Kb
 bounds [0x000001a98f330000, 0x000001a98f5a0000, 0x000001a996860000]
CodeHeap 'profiled nmethods': size=120000Kb used=4827Kb max_used=4827Kb free=115173Kb
 bounds [0x000001a987e00000, 0x000001a9882c0000, 0x000001a98f330000]
CodeHeap 'non-nmethods': size=5760Kb used=1197Kb max_used=1231Kb free=4563Kb
 bounds [0x000001a987860000, 0x000001a987ad0000, 0x000001a987e00000]
 total_blobs=2891 nmethods=2400 adapters=405
 compilation: enabled
              stopped_count=0, restarted_count=0
 full_count=0

Compilation events (20 events):
Event: 1.775 Thread 0x000001a9fac70cf0 2391       3       org.lombokweb.asm.MethodVisitor::<init> (94 bytes)
Event: 1.775 Thread 0x000001a9fac70cf0 nmethod 2391 0x000001a9882b4510 code [0x000001a9882b4760, 0x000001a9882b5048]
Event: 1.775 Thread 0x000001a9fac70cf0 2393       3       org.lombokweb.asm.ClassWriter::visitMethod (57 bytes)
Event: 1.775 Thread 0x000001a99b75f330 nmethod 2384 0x000001a98f41aa10 code [0x000001a98f41abc0, 0x000001a98f41b538]
Event: 1.775 Thread 0x000001a99b75f330 2392       4       org.lombokweb.asm.ClassReader::readInt (52 bytes)
Event: 1.775 Thread 0x000001a9fac70cf0 nmethod 2393 0x000001a9882b5310 code [0x000001a9882b54c0, 0x000001a9882b5768]
Event: 1.775 Thread 0x000001a9fac70cf0 2395       3       org.lombokweb.asm.MethodVisitor::<init> (7 bytes)
Event: 1.776 Thread 0x000001a9fac70cf0 nmethod 2395 0x000001a9882b5890 code [0x000001a9882b5a40, 0x000001a9882b5b88]
Event: 1.776 Thread 0x000001a9fac70cf0 2396       3       org.lombokweb.asm.ClassVisitor::visitMethod (24 bytes)
Event: 1.776 Thread 0x000001a9fac70cf0 nmethod 2396 0x000001a9882b5c10 code [0x000001a9882b5dc0, 0x000001a9882b6008]
Event: 1.776 Thread 0x000001a99b75f330 nmethod 2392 0x000001a98f41ba90 code [0x000001a98f41bc00, 0x000001a98f41bcf8]
Event: 1.785 Thread 0x000001a9fac6e8b0 nmethod 2388 0x000001a98f41be10 code [0x000001a98f41bfc0, 0x000001a98f41ca18]
Event: 1.790 Thread 0x000001a9fac70cf0 2397   !   3       java.util.Collections$SynchronizedMap::get (25 bytes)
Event: 1.790 Thread 0x000001a9fac70cf0 nmethod 2397 0x000001a9882b6110 code [0x000001a9882b62c0, 0x000001a9882b6568]
Event: 1.792 Thread 0x000001a99b75f330 2398       4       java.util.Arrays::copyOf (40 bytes)
Event: 1.795 Thread 0x000001a99b75f330 nmethod 2398 0x000001a98f41d010 code [0x000001a98f41d1a0, 0x000001a98f41d618]
Event: 1.796 Thread 0x000001a9fac70cf0 2399       3       java.lang.invoke.MemberName$Factory::resolveOrNull (54 bytes)
Event: 1.796 Thread 0x000001a9fac70cf0 nmethod 2399 0x000001a9882b6690 code [0x000001a9882b6840, 0x000001a9882b6b08]
Event: 1.797 Thread 0x000001a9fac6e8b0 2400       4       java.util.ArrayList$SubList$1::hasNext (20 bytes)
Event: 1.797 Thread 0x000001a9fac6e8b0 nmethod 2400 0x000001a98f41d890 code [0x000001a98f41da00, 0x000001a98f41da98]

GC Heap History (6 events):
Event: 0.674 GC heap before
{Heap before GC invocations=1 (full 0):
 PSYoungGen      total 29696K, used 25600K [0x00000000eab00000, 0x00000000ecc00000, 0x0000000100000000)
  eden space 25600K, 100% used [0x00000000eab00000,0x00000000ec400000,0x00000000ec400000)
  from space 4096K, 0% used [0x00000000ec800000,0x00000000ec800000,0x00000000ecc00000)
  to   space 4096K, 0% used [0x00000000ec400000,0x00000000ec400000,0x00000000ec800000)
 ParOldGen       total 68608K, used 0K [0x00000000c0000000, 0x00000000c4300000, 0x00000000eab00000)
  object space 68608K, 0% used [0x00000000c0000000,0x00000000c0000000,0x00000000c4300000)
 Metaspace       used 4454K, committed 4672K, reserved 1114112K
  class space    used 415K, committed 512K, reserved 1048576K
}
Event: 0.679 GC heap after
{Heap after GC invocations=1 (full 0):
 PSYoungGen      total 29696K, used 3700K [0x00000000eab00000, 0x00000000ecc00000, 0x0000000100000000)
  eden space 25600K, 0% used [0x00000000eab00000,0x00000000eab00000,0x00000000ec400000)
  from space 4096K, 90% used [0x00000000ec400000,0x00000000ec79d298,0x00000000ec800000)
  to   space 4096K, 0% used [0x00000000ec800000,0x00000000ec800000,0x00000000ecc00000)
 ParOldGen       total 68608K, used 16K [0x00000000c0000000, 0x00000000c4300000, 0x00000000eab00000)
  object space 68608K, 0% used [0x00000000c0000000,0x00000000c0004000,0x00000000c4300000)
 Metaspace       used 4454K, committed 4672K, reserved 1114112K
  class space    used 415K, committed 512K, reserved 1048576K
}
Event: 1.102 GC heap before
{Heap before GC invocations=2 (full 0):
 PSYoungGen      total 29696K, used 29300K [0x00000000eab00000, 0x00000000ecc00000, 0x0000000100000000)
  eden space 25600K, 100% used [0x00000000eab00000,0x00000000ec400000,0x00000000ec400000)
  from space 4096K, 90% used [0x00000000ec400000,0x00000000ec79d298,0x00000000ec800000)
  to   space 4096K, 0% used [0x00000000ec800000,0x00000000ec800000,0x00000000ecc00000)
 ParOldGen       total 68608K, used 16K [0x00000000c0000000, 0x00000000c4300000, 0x00000000eab00000)
  object space 68608K, 0% used [0x00000000c0000000,0x00000000c0004000,0x00000000c4300000)
 Metaspace       used 8232K, committed 8512K, reserved 1114112K
  class space    used 781K, committed 896K, reserved 1048576K
}
Event: 1.106 GC heap after
{Heap after GC invocations=2 (full 0):
 PSYoungGen      total 29696K, used 4083K [0x00000000eab00000, 0x00000000ecc00000, 0x0000000100000000)
  eden space 25600K, 0% used [0x00000000eab00000,0x00000000eab00000,0x00000000ec400000)
  from space 4096K, 99% used [0x00000000ec800000,0x00000000ecbfcf48,0x00000000ecc00000)
  to   space 4096K, 0% used [0x00000000ec400000,0x00000000ec400000,0x00000000ec800000)
 ParOldGen       total 68608K, used 1371K [0x00000000c0000000, 0x00000000c4300000, 0x00000000eab00000)
  object space 68608K, 1% used [0x00000000c0000000,0x00000000c0156ef8,0x00000000c4300000)
 Metaspace       used 8232K, committed 8512K, reserved 1114112K
  class space    used 781K, committed 896K, reserved 1048576K
}
Event: 1.584 GC heap before
{Heap before GC invocations=3 (full 0):
 PSYoungGen      total 29696K, used 29683K [0x00000000eab00000, 0x00000000ecc00000, 0x0000000100000000)
  eden space 25600K, 100% used [0x00000000eab00000,0x00000000ec400000,0x00000000ec400000)
  from space 4096K, 99% used [0x00000000ec800000,0x00000000ecbfcf48,0x00000000ecc00000)
  to   space 4096K, 0% used [0x00000000ec400000,0x00000000ec400000,0x00000000ec800000)
 ParOldGen       total 68608K, used 1371K [0x00000000c0000000, 0x00000000c4300000, 0x00000000eab00000)
  object space 68608K, 1% used [0x00000000c0000000,0x00000000c0156ef8,0x00000000c4300000)
 Metaspace       used 12985K, committed 13504K, reserved 1114112K
  class space    used 1269K, committed 1536K, reserved 1048576K
}
Event: 1.587 GC heap after
{Heap after GC invocations=3 (full 0):
 PSYoungGen      total 29696K, used 4074K [0x00000000eab00000, 0x00000000ecc00000, 0x0000000100000000)
  eden space 25600K, 0% used [0x00000000eab00000,0x00000000eab00000,0x00000000ec400000)
  from space 4096K, 99% used [0x00000000ec400000,0x00000000ec7fab00,0x00000000ec800000)
  to   space 4096K, 0% used [0x00000000ec800000,0x00000000ec800000,0x00000000ecc00000)
 ParOldGen       total 68608K, used 3046K [0x00000000c0000000, 0x00000000c4300000, 0x00000000eab00000)
  object space 68608K, 4% used [0x00000000c0000000,0x00000000c02f9998,0x00000000c4300000)
 Metaspace       used 12985K, committed 13504K, reserved 1114112K
  class space    used 1269K, committed 1536K, reserved 1048576K
}

Deoptimization events (20 events):
Event: 1.619 Thread 0x000001a9fac637f0 Uncommon trap: trap_request=0xffffffc6 fr.pc=0x000001a98f3ec7d0 relative=0x0000000000002550
Event: 1.619 Thread 0x000001a9fac637f0 Uncommon trap: reason=bimorphic_or_optimized_type_check action=maybe_recompile pc=0x000001a98f3ec7d0 method=java.io.DataInputStream.readUnsignedShort()I @ 4 c2
Event: 1.619 Thread 0x000001a9fac637f0 DEOPT PACKING pc=0x000001a98f3ec7d0 sp=0x0000002d3e4f9710
Event: 1.619 Thread 0x000001a9fac637f0 DEOPT UNPACKING pc=0x000001a9878b20a3 sp=0x0000002d3e4f9698 mode 2
Event: 1.619 Thread 0x000001a9fac637f0 Uncommon trap: trap_request=0xffffffc6 fr.pc=0x000001a98f3ec7d0 relative=0x0000000000002550
Event: 1.619 Thread 0x000001a9fac637f0 Uncommon trap: reason=bimorphic_or_optimized_type_check action=maybe_recompile pc=0x000001a98f3ec7d0 method=java.io.DataInputStream.readUnsignedShort()I @ 4 c2
Event: 1.619 Thread 0x000001a9fac637f0 DEOPT PACKING pc=0x000001a98f3ec7d0 sp=0x0000002d3e4f9650
Event: 1.619 Thread 0x000001a9fac637f0 DEOPT UNPACKING pc=0x000001a9878b20a3 sp=0x0000002d3e4f95d8 mode 2
Event: 1.619 Thread 0x000001a9fac637f0 Uncommon trap: trap_request=0xffffffc6 fr.pc=0x000001a98f3ec7d0 relative=0x0000000000002550
Event: 1.619 Thread 0x000001a9fac637f0 Uncommon trap: reason=bimorphic_or_optimized_type_check action=maybe_recompile pc=0x000001a98f3ec7d0 method=java.io.DataInputStream.readUnsignedShort()I @ 4 c2
Event: 1.619 Thread 0x000001a9fac637f0 DEOPT PACKING pc=0x000001a98f3ec7d0 sp=0x0000002d3e4f95a0
Event: 1.619 Thread 0x000001a9fac637f0 DEOPT UNPACKING pc=0x000001a9878b20a3 sp=0x0000002d3e4f9528 mode 2
Event: 1.637 Thread 0x000001a9fac637f0 Uncommon trap: trap_request=0xffffff45 fr.pc=0x000001a98f3cf540 relative=0x0000000000000040
Event: 1.637 Thread 0x000001a9fac637f0 Uncommon trap: reason=unstable_if action=reinterpret pc=0x000001a98f3cf540 method=sun.nio.fs.WindowsPathParser.isSlash(C)Z @ 9 c2
Event: 1.637 Thread 0x000001a9fac637f0 DEOPT PACKING pc=0x000001a98f3cf540 sp=0x0000002d3e4f9430
Event: 1.637 Thread 0x000001a9fac637f0 DEOPT UNPACKING pc=0x000001a9878b20a3 sp=0x0000002d3e4f93b8 mode 2
Event: 1.697 Thread 0x000001a9fac637f0 Uncommon trap: trap_request=0xffffff45 fr.pc=0x000001a98f40617c relative=0x000000000000007c
Event: 1.697 Thread 0x000001a9fac637f0 Uncommon trap: reason=unstable_if action=reinterpret pc=0x000001a98f40617c method=java.lang.ref.SoftReference.get()Ljava/lang/Object; @ 6 c2
Event: 1.697 Thread 0x000001a9fac637f0 DEOPT PACKING pc=0x000001a98f40617c sp=0x0000002d3e4f9aa0
Event: 1.697 Thread 0x000001a9fac637f0 DEOPT UNPACKING pc=0x000001a9878b20a3 sp=0x0000002d3e4f9a38 mode 2

Classes loaded (20 events):
Event: 1.758 Loading class java/util/zip/GZIPInputStream
Event: 1.758 Loading class java/util/zip/GZIPInputStream done
Event: 1.779 Loading class java/io/StringReader
Event: 1.779 Loading class java/io/StringReader done
Event: 1.782 Loading class java/net/SocketTimeoutException
Event: 1.782 Loading class java/io/InterruptedIOException
Event: 1.782 Loading class java/io/InterruptedIOException done
Event: 1.782 Loading class java/net/SocketTimeoutException done
Event: 1.782 Loading class java/net/SocketException
Event: 1.782 Loading class java/net/SocketException done
Event: 1.782 Loading class java/net/UnknownHostException
Event: 1.782 Loading class java/net/UnknownHostException done
Event: 1.782 Loading class java/net/ProtocolException
Event: 1.782 Loading class java/net/ProtocolException done
Event: 1.796 Loading class java/lang/ThreadLocal$SuppliedThreadLocal
Event: 1.796 Loading class java/lang/ThreadLocal$SuppliedThreadLocal done
Event: 1.800 Loading class java/lang/NegativeArraySizeException
Event: 1.800 Loading class java/lang/NegativeArraySizeException done
Event: 1.801 Loading class java/io/FileWriter
Event: 1.801 Loading class java/io/FileWriter done

Classes unloaded (0 events):
No events

Classes redefined (0 events):
No events

Internal exceptions (20 events):
Event: 1.528 Thread 0x000001a9fac637f0 Exception <a 'java/lang/NoSuchMethodError'{0x00000000ec0c2058}: 'void java.lang.invoke.DirectMethodHandle$Holder.invokeVirtual(java.lang.Object, java.lang.Object)'> (0x00000000ec0c2058) 
thrown [t:\workspace\open\src\hotspot\share\interpreter\linkResolver.cpp, line 766]
Event: 1.544 Thread 0x000001a9fac637f0 Exception <a 'java/lang/NoSuchMethodError'{0x00000000ec1c51e0}: 'java.lang.Object java.lang.invoke.DirectMethodHandle$Holder.invokeVirtual(java.lang.Object, java.lang.Object, java.lang.Object)'> (0x00000000ec1c51e0) 
thrown [t:\workspace\open\src\hotspot\share\interpreter\linkResolver.cpp, line 766]
Event: 1.545 Thread 0x000001a9fac637f0 Exception <a 'java/lang/NoSuchMethodError'{0x00000000ec1dde00}: 'java.lang.Object java.lang.invoke.DelegatingMethodHandle$Holder.reinvoke_L(java.lang.Object, java.lang.Object, java.lang.Object, java.lang.Object, int, int)'> (0x00000000ec1dde00) 
thrown [t:\workspace\open\src\hotspot\share\interpreter\linkResolver.cpp, line 766]
Event: 1.547 Thread 0x000001a9fac637f0 Exception <a 'java/lang/NoSuchMethodError'{0x00000000ec1fb178}: 'java.lang.Object java.lang.invoke.DirectMethodHandle$Holder.newInvokeSpecial(java.lang.Object, java.lang.Object, java.lang.Object, java.lang.Object, java.lang.Object, java.lang.Object)'> (0x00000000ec1fb178) 
thrown [t:\workspace\open\src\hotspot\share\interpreter\linkResolver.cpp, line 766]
Event: 1.549 Thread 0x000001a9fac637f0 Exception <a 'java/lang/NoSuchMethodError'{0x00000000ec2291c0}: 'void java.lang.invoke.Invokers$Holder.invokeExact_MT(java.lang.Object, java.lang.Object, java.lang.Object, java.lang.Object)'> (0x00000000ec2291c0) 
thrown [t:\workspace\open\src\hotspot\share\interpreter\linkResolver.cpp, line 766]
Event: 1.593 Thread 0x000001a9fac637f0 Exception <a 'java/io/FileNotFoundException'{0x00000000eab8f770}> (0x00000000eab8f770) 
thrown [t:\workspace\open\src\hotspot\share\prims\jni.cpp, line 516]
Event: 1.593 Thread 0x000001a9fac637f0 Exception <a 'java/io/FileNotFoundException'{0x00000000eabe3148}> (0x00000000eabe3148) 
thrown [t:\workspace\open\src\hotspot\share\prims\jni.cpp, line 516]
Event: 1.624 Thread 0x000001a9fac637f0 Exception <a 'java/lang/NoSuchMethodError'{0x00000000eaeab940}: 'java.lang.Object java.lang.invoke.DirectMethodHandle$Holder.newInvokeSpecial(java.lang.Object, java.lang.Object, java.lang.Object, java.lang.Object, java.lang.Object)'> (0x00000000eaeab940) 
thrown [t:\workspace\open\src\hotspot\share\interpreter\linkResolver.cpp, line 766]
Event: 1.642 Thread 0x000001a9fac637f0 Exception <a 'java/lang/NoSuchMethodError'{0x00000000eafdea90}: 'java.lang.Object java.lang.invoke.DirectMethodHandle$Holder.invokeStaticInit(java.lang.Object, int)'> (0x00000000eafdea90) 
thrown [t:\workspace\open\src\hotspot\share\interpreter\linkResolver.cpp, line 766]
Event: 1.686 Thread 0x000001a9fac637f0 Exception <a 'java/lang/NoSuchMethodError'{0x00000000eb215208}: 'java.lang.Object java.lang.invoke.DirectMethodHandle$Holder.invokeSpecial(java.lang.Object, java.lang.Object, java.lang.Object, long, java.lang.Object)'> (0x00000000eb215208) 
thrown [t:\workspace\open\src\hotspot\share\interpreter\linkResolver.cpp, line 766]
Event: 1.687 Thread 0x000001a9fac637f0 Exception <a 'java/lang/NoSuchMethodError'{0x00000000eb21d330}: 'java.lang.Object java.lang.invoke.DirectMethodHandle$Holder.newInvokeSpecial(java.lang.Object, java.lang.Object, java.lang.Object, long)'> (0x00000000eb21d330) 
thrown [t:\workspace\open\src\hotspot\share\interpreter\linkResolver.cpp, line 766]
Event: 1.688 Thread 0x000001a9fac637f0 Exception <a 'java/lang/NoSuchMethodError'{0x00000000eb2211c0}: 'java.lang.Object java.lang.invoke.Invokers$Holder.linkToTargetMethod(java.lang.Object, java.lang.Object, long, java.lang.Object)'> (0x00000000eb2211c0) 
thrown [t:\workspace\open\src\hotspot\share\interpreter\linkResolver.cpp, line 766]
Event: 1.699 Thread 0x000001a9fac637f0 Exception <a 'java/lang/NoSuchMethodError'{0x00000000eb280bc8}: 'int java.lang.invoke.DirectMethodHandle$Holder.invokeStaticInit(java.lang.Object, java.lang.Object, java.lang.Object)'> (0x00000000eb280bc8) 
thrown [t:\workspace\open\src\hotspot\share\interpreter\linkResolver.cpp, line 766]
Event: 1.707 Thread 0x000001a9fac637f0 Exception <a 'java/lang/IncompatibleClassChangeError'{0x00000000eb322ac8}: Found class java.lang.Object, but interface was expected> (0x00000000eb322ac8) 
thrown [t:\workspace\open\src\hotspot\share\interpreter\linkResolver.cpp, line 833]
Event: 1.712 Thread 0x000001a9fac637f0 Exception <a 'java/lang/NoSuchMethodError'{0x00000000eb334ed0}: 'java.lang.Object java.lang.invoke.DirectMethodHandle$Holder.invokeSpecial(java.lang.Object, java.lang.Object, java.lang.Object, int, java.lang.Object, java.lang.Object)'> (0x00000000eb334ed0) 
thrown [t:\workspace\open\src\hotspot\share\interpreter\linkResolver.cpp, line 766]
Event: 1.713 Thread 0x000001a9fac637f0 Exception <a 'java/lang/NoSuchMethodError'{0x00000000eb33d260}: 'java.lang.Object java.lang.invoke.DirectMethodHandle$Holder.newInvokeSpecial(java.lang.Object, java.lang.Object, java.lang.Object, int, java.lang.Object)'> (0x00000000eb33d260) 
thrown [t:\workspace\open\src\hotspot\share\interpreter\linkResolver.cpp, line 766]
Event: 1.713 Thread 0x000001a9fac637f0 Exception <a 'java/lang/NoSuchMethodError'{0x00000000eb340f68}: 'java.lang.Object java.lang.invoke.Invokers$Holder.linkToTargetMethod(java.lang.Object, java.lang.Object, int, java.lang.Object, java.lang.Object)'> (0x00000000eb340f68) 
thrown [t:\workspace\open\src\hotspot\share\interpreter\linkResolver.cpp, line 766]
Event: 1.714 Thread 0x000001a9fac65000 Exception <a 'java/lang/NoSuchMethodError'{0x00000000eb29e5b0}: 'java.lang.Object java.lang.invoke.DirectMethodHandle$Holder.invokeSpecial(java.lang.Object, java.lang.Object, int, java.lang.Object, java.lang.Object)'> (0x00000000eb29e5b0) 
thrown [t:\workspace\open\src\hotspot\share\interpreter\linkResolver.cpp, line 766]
Event: 1.714 Thread 0x000001a9fac65000 Exception <a 'java/lang/NoSuchMethodError'{0x00000000eb2a5c78}: 'java.lang.Object java.lang.invoke.DirectMethodHandle$Holder.newInvokeSpecial(java.lang.Object, java.lang.Object, int, java.lang.Object)'> (0x00000000eb2a5c78) 
thrown [t:\workspace\open\src\hotspot\share\interpreter\linkResolver.cpp, line 766]
Event: 1.732 Thread 0x000001a9fac637f0 Exception <a 'java/lang/NoSuchMethodError'{0x00000000eb4edc38}: 'void java.lang.invoke.DirectMethodHandle$Holder.invokeSpecial(java.lang.Object, java.lang.Object, java.lang.Object, java.lang.Object, java.lang.Object)'> (0x00000000eb4edc38) 
thrown [t:\workspace\open\src\hotspot\share\interpreter\linkResolver.cpp, line 766]

VM Operations (20 events):
Event: 0.627 Executing VM operation: ICBufferFull
Event: 0.627 Executing VM operation: ICBufferFull done
Event: 0.674 Executing VM operation: ParallelGCFailedAllocation
Event: 0.679 Executing VM operation: ParallelGCFailedAllocation done
Event: 0.926 Executing VM operation: HandshakeAllThreads
Event: 0.941 Executing VM operation: HandshakeAllThreads done
Event: 0.946 Executing VM operation: HandshakeAllThreads
Event: 0.947 Executing VM operation: HandshakeAllThreads done
Event: 0.957 Executing VM operation: HandshakeAllThreads
Event: 0.957 Executing VM operation: HandshakeAllThreads done
Event: 1.102 Executing VM operation: ParallelGCFailedAllocation
Event: 1.106 Executing VM operation: ParallelGCFailedAllocation done
Event: 1.107 Executing VM operation: HandshakeAllThreads
Event: 1.107 Executing VM operation: HandshakeAllThreads done
Event: 1.455 Executing VM operation: HandshakeAllThreads
Event: 1.455 Executing VM operation: HandshakeAllThreads done
Event: 1.584 Executing VM operation: ParallelGCFailedAllocation
Event: 1.587 Executing VM operation: ParallelGCFailedAllocation done
Event: 1.726 Executing VM operation: HandshakeAllThreads
Event: 1.727 Executing VM operation: HandshakeAllThreads done

Events (20 events):
Event: 0.080 Loaded shared library C:\Program Files\Java\jdk-18\bin\zip.dll
Event: 0.084 Loaded shared library C:\Program Files\Java\jdk-18\bin\instrument.dll
Event: 0.090 Loaded shared library C:\Program Files\Java\jdk-18\bin\net.dll
Event: 0.093 Loaded shared library C:\Program Files\Java\jdk-18\bin\nio.dll
Event: 0.095 Loaded shared library C:\Program Files\Java\jdk-18\bin\zip.dll
Event: 0.110 Loaded shared library C:\Program Files\Java\jdk-18\bin\jimage.dll
Event: 0.182 Loaded shared library C:\Program Files\Java\jdk-18\bin\verify.dll
Event: 0.356 Thread 0x000001a9fac654d0 Thread added: 0x000001a9fac654d0
Event: 0.359 Thread 0x000001a99ae19770 Thread added: 0x000001a99ae19770
Event: 0.918 Thread 0x000001a9fac64190 Thread added: 0x000001a9fac64190
Event: 1.043 Thread 0x000001a9fac63320 Thread added: 0x000001a9fac63320
Event: 1.047 Thread 0x000001a9fac637f0 Thread added: 0x000001a9fac637f0
Event: 1.050 Loaded shared library D:\AppData\Roaming\Code\User\globalStorage\redhat.java\1.29.0\config_ss_win\org.eclipse.equinox.launcher\org.eclipse.equinox.launcher.win32.win32.x86_64_1.2.900.v20240213-1244\eclipse_11900.dll
Event: 1.075 Thread 0x000001a9fac64b30 Thread added: 0x000001a9fac64b30
Event: 1.204 Thread 0x000001a9fac659a0 Thread added: 0x000001a9fac659a0
Event: 1.266 Thread 0x000001a99ae19770 Thread exited: 0x000001a99ae19770
Event: 1.487 Thread 0x000001a9fac65e70 Thread added: 0x000001a9fac65e70
Event: 1.690 Thread 0x000001a9fac65000 Thread added: 0x000001a9fac65000
Event: 1.715 Thread 0x000001a9fac66340 Thread added: 0x000001a9fac66340
Event: 1.747 Thread 0x000001a99b75f330 Thread added: 0x000001a99b75f330


Dynamic libraries:
0x00007ff689790000 - 0x00007ff6897a0000 	C:\Program Files\Java\jdk-18\bin\java.exe
0x00007ffb40a90000 - 0x00007ffb40c88000 	C:\WINDOWS\SYSTEM32\ntdll.dll
0x00007ffafc9c0000 - 0x00007ffafc9d9000 	C:\Program Files\AVG\Antivirus\aswhook.dll
0x00007ffb3fee0000 - 0x00007ffb3ff9d000 	C:\WINDOWS\System32\KERNEL32.DLL
0x00007ffb3e380000 - 0x00007ffb3e676000 	C:\WINDOWS\System32\KERNELBASE.dll
0x00007ffb3e230000 - 0x00007ffb3e330000 	C:\WINDOWS\System32\ucrtbase.dll
0x00007ffb346e0000 - 0x00007ffb346fa000 	C:\Program Files\Java\jdk-18\bin\VCRUNTIME140.dll
0x00007ffb39c40000 - 0x00007ffb39c58000 	C:\Program Files\Java\jdk-18\bin\jli.dll
0x00007ffb40510000 - 0x00007ffb405c0000 	C:\WINDOWS\System32\ADVAPI32.dll
0x00007ffb3ffa0000 - 0x00007ffb4003e000 	C:\WINDOWS\System32\msvcrt.dll
0x00007ffb3fe40000 - 0x00007ffb3fee0000 	C:\WINDOWS\System32\sechost.dll
0x00007ffb40870000 - 0x00007ffb40993000 	C:\WINDOWS\System32\RPCRT4.dll
0x00007ffb3fb70000 - 0x00007ffb3fd0f000 	C:\WINDOWS\System32\USER32.dll
0x00007ffb3e200000 - 0x00007ffb3e222000 	C:\WINDOWS\System32\win32u.dll
0x00007ffb3fb30000 - 0x00007ffb3fb5b000 	C:\WINDOWS\System32\GDI32.dll
0x00007ffb3e9a0000 - 0x00007ffb3eab7000 	C:\WINDOWS\System32\gdi32full.dll
0x00007ffb3e7e0000 - 0x00007ffb3e87d000 	C:\WINDOWS\System32\msvcp_win.dll
0x00007ffb3e070000 - 0x00007ffb3e097000 	C:\WINDOWS\SYSTEM32\bcrypt.dll
0x00007ffb24760000 - 0x00007ffb249fa000 	C:\WINDOWS\WinSxS\amd64_microsoft.windows.common-controls_6595b64144ccf1df_6.0.19041.3636_none_60b6a03d71f818d5\COMCTL32.dll
0x00007ffb361e0000 - 0x00007ffb361ea000 	C:\WINDOWS\SYSTEM32\VERSION.dll
0x00007ffb3fdf0000 - 0x00007ffb3fe22000 	C:\WINDOWS\System32\IMM32.DLL
0x00007ffb38af0000 - 0x00007ffb38afc000 	C:\Program Files\Java\jdk-18\bin\vcruntime140_1.dll
0x00007ffb1b360000 - 0x00007ffb1b3ed000 	C:\Program Files\Java\jdk-18\bin\msvcp140.dll
0x00007ffac59f0000 - 0x00007ffac6601000 	C:\Program Files\Java\jdk-18\bin\server\jvm.dll
0x00007ffb3fe30000 - 0x00007ffb3fe38000 	C:\WINDOWS\System32\PSAPI.DLL
0x00007ffb20ac0000 - 0x00007ffb20ac9000 	C:\WINDOWS\SYSTEM32\WSOCK32.dll
0x00007ffb2a540000 - 0x00007ffb2a567000 	C:\WINDOWS\SYSTEM32\WINMM.dll
0x00007ffb3f0d0000 - 0x00007ffb3f13b000 	C:\WINDOWS\System32\WS2_32.dll
0x00007ffb3bfb0000 - 0x00007ffb3bfc2000 	C:\WINDOWS\SYSTEM32\kernel.appcore.dll
0x00007ffb32fa0000 - 0x00007ffb32faa000 	C:\Program Files\Java\jdk-18\bin\jimage.dll
0x00007ffb30450000 - 0x00007ffb30634000 	C:\WINDOWS\SYSTEM32\DBGHELP.DLL
0x00007ffb303f0000 - 0x00007ffb30424000 	C:\WINDOWS\SYSTEM32\dbgcore.DLL
0x00007ffb3e170000 - 0x00007ffb3e1f2000 	C:\WINDOWS\System32\bcryptPrimitives.dll
0x00007ffb39af0000 - 0x00007ffb39afe000 	C:\Program Files\Java\jdk-18\bin\instrument.dll
0x00007ffb26810000 - 0x00007ffb26835000 	C:\Program Files\Java\jdk-18\bin\java.dll
0x00007ffb1b280000 - 0x00007ffb1b356000 	C:\Program Files\Java\jdk-18\bin\jsvml.dll
0x00007ffb3f270000 - 0x00007ffb3f9db000 	C:\WINDOWS\System32\SHELL32.dll
0x00007ffb3c1b0000 - 0x00007ffb3c94e000 	C:\WINDOWS\SYSTEM32\windows.storage.dll
0x00007ffb3ead0000 - 0x00007ffb3ee23000 	C:\WINDOWS\System32\combase.dll
0x00007ffb3da90000 - 0x00007ffb3dabe000 	C:\WINDOWS\SYSTEM32\Wldp.dll
0x00007ffb3fa40000 - 0x00007ffb3fb0d000 	C:\WINDOWS\System32\OLEAUT32.dll
0x00007ffb409a0000 - 0x00007ffb40a4d000 	C:\WINDOWS\System32\SHCORE.dll
0x00007ffb3eec0000 - 0x00007ffb3ef15000 	C:\WINDOWS\System32\shlwapi.dll
0x00007ffb3e0a0000 - 0x00007ffb3e0c3000 	C:\WINDOWS\SYSTEM32\profapi.dll
0x00007ffb24f00000 - 0x00007ffb24f18000 	C:\Program Files\Java\jdk-18\bin\zip.dll
0x00007ffb24ee0000 - 0x00007ffb24ef3000 	C:\Program Files\Java\jdk-18\bin\net.dll
0x00007ffb35840000 - 0x00007ffb3594a000 	C:\WINDOWS\SYSTEM32\WINHTTP.dll
0x00007ffb3d870000 - 0x00007ffb3d8da000 	C:\WINDOWS\system32\mswsock.dll
0x00007ffb23840000 - 0x00007ffb23856000 	C:\Program Files\Java\jdk-18\bin\nio.dll
0x00007ffb306e0000 - 0x00007ffb306f0000 	C:\Program Files\Java\jdk-18\bin\verify.dll
0x00007ffb1a500000 - 0x00007ffb1a53e000 	D:\AppData\Roaming\Code\User\globalStorage\redhat.java\1.29.0\config_ss_win\org.eclipse.equinox.launcher\org.eclipse.equinox.launcher.win32.win32.x86_64_1.2.900.v20240213-1244\eclipse_11900.dll
0x00007ffb3f140000 - 0x00007ffb3f26b000 	C:\WINDOWS\System32\ole32.dll

dbghelp: loaded successfully - version: 4.0.5 - missing functions: none
symbol engine: initialized successfully - sym options: 0x614 - pdb path: .;C:\Program Files\Java\jdk-18\bin;C:\WINDOWS\SYSTEM32;C:\Program Files\AVG\Antivirus;C:\WINDOWS\WinSxS\amd64_microsoft.windows.common-controls_6595b64144ccf1df_6.0.19041.3636_none_60b6a03d71f818d5;C:\Program Files\Java\jdk-18\bin\server;D:\AppData\Roaming\Code\User\globalStorage\redhat.java\1.29.0\config_ss_win\org.eclipse.equinox.launcher\org.eclipse.equinox.launcher.win32.win32.x86_64_1.2.900.v20240213-1244

VM Arguments:
jvm_args: --add-modules=ALL-SYSTEM --add-opens=java.base/java.util=ALL-UNNAMED --add-opens=java.base/java.lang=ALL-UNNAMED --add-opens=java.base/sun.nio.fs=ALL-UNNAMED -Declipse.application=org.eclipse.jdt.ls.core.id1 -Dosgi.bundles.defaultStartLevel=4 -Declipse.product=org.eclipse.jdt.ls.core.product -Djava.import.generatesMetadataFilesAtProjectRoot=false -DDetectVMInstallationsJob.disabled=true -Dfile.encoding=utf8 -XX:+UseParallelGC -XX:GCTimeRatio=4 -XX:AdaptiveSizePolicyWeight=90 -Dsun.zip.disableMemoryMapping=true -Xmx1G -Xms100m -Xlog:disable -javaagent:d:\Document\.vscode\extensions\redhat.java-1.29.0-win32-x64\lombok\lombok-1.18.32.jar 
java_command: d:\Document\.vscode\extensions\redhat.java-1.29.0-win32-x64\server\plugins\org.eclipse.equinox.launcher_1.6.800.v20240304-1850.jar -configuration d:\AppData\Roaming\Code\User\globalStorage\redhat.java\1.29.0\config_ss_win -data d:\AppData\Roaming\Code\User\workspaceStorage\8e2a7522834f231f8b84a8a235c14d5c\redhat.java\ss_ws --stdio
java_class_path (initial): d:\Document\.vscode\extensions\redhat.java-1.29.0-win32-x64\server\plugins\org.eclipse.equinox.launcher_1.6.800.v20240304-1850.jar
Launcher Type: SUN_STANDARD

[Global flags]
    uintx AdaptiveSizePolicyWeight                 = 90                                        {product} {command line}
     intx CICompilerCount                          = 3                                         {product} {ergonomic}
    uintx GCTimeRatio                              = 4                                         {product} {command line}
   size_t InitialHeapSize                          = 104857600                                 {product} {command line}
   size_t MaxHeapSize                              = 1073741824                                {product} {command line}
   size_t MaxNewSize                               = 357564416                                 {product} {ergonomic}
   size_t MinHeapDeltaBytes                        = 524288                                    {product} {ergonomic}
   size_t MinHeapSize                              = 104857600                                 {product} {command line}
   size_t NewSize                                  = 34603008                                  {product} {ergonomic}
    uintx NonNMethodCodeHeapSize                   = 5832780                                {pd product} {ergonomic}
    uintx NonProfiledCodeHeapSize                  = 122912730                              {pd product} {ergonomic}
   size_t OldSize                                  = 70254592                                  {product} {ergonomic}
    uintx ProfiledCodeHeapSize                     = 122912730                              {pd product} {ergonomic}
    uintx ReservedCodeCacheSize                    = 251658240                              {pd product} {ergonomic}
     bool SegmentedCodeCache                       = true                                      {product} {ergonomic}
   size_t SoftMaxHeapSize                          = 1073741824                             {manageable} {ergonomic}
     bool UseCompressedClassPointers               = true                           {product lp64_product} {ergonomic}
     bool UseCompressedOops                        = true                           {product lp64_product} {ergonomic}
     bool UseLargePagesIndividualAllocation        = false                                  {pd product} {ergonomic}
     bool UseParallelGC                            = true                                      {product} {command line}

Logging:
Log output configuration:
 #0: stdout all=off uptime,level,tags foldmultilines=false
 #1: stderr all=off uptime,level,tags foldmultilines=false

Environment Variables:
PATH=C:\Program Files\Common Files\Oracle\Java\javapath;C:\Program Files\NVIDIA GPU Computing Toolkit\CUDA\v10.2\bin;C:\Program Files\NVIDIA GPU Computing Toolkit\CUDA\v10.2\libnvvp;C:\Program Files (x86)\Common Files\Oracle\Java\javapath;C:\Program Files (x86)\Common Files\Intel\Shared Libraries\redist\intel64\compiler;C:\WINDOWS\system32;C:\WINDOWS;C:\WINDOWS\System32\Wbem;C:\WINDOWS\System32\WindowsPowerShell\v1.0\;C:\WINDOWS\System32\OpenSSH\;C:\Program Files (x86)\QT Lite\QTSystem;C:\Program Files\NVIDIA Corporation\NVIDIA NvDLISR;C:\SH;C:\Program Files (x86)\NVIDIA Corporation\PhysX\Common;C:\Program Files\dotnet\;C:\Program Files\NVIDIA Corporation\Nsight Compute 2019.5.0\;C:\Program Files\Microsoft SQL Server\130\Tools\Binn\;C:\WINDOWS\system32;C:\WINDOWS;C:\WINDOWS\System32\Wbem;C:\WINDOWS\System32\WindowsPowerShell\v1.0\;C:\WINDOWS\System32\OpenSSH\;C:\Program Files (x86)\Windows Kits\10\Windows Performance Toolkit\;D:\Program Files\Git\cmd;D:\Software\MinGW\bin;D:\AppData\Programs\Python\Python39;D:\AppData\Programs\Python\Python39\Scripts;D:\Program Files\Graphviz\bin;D:\Program Files\OpenSSL-Win64\bin;D:\Program Files\nodejs\;D:\Software\MinGW-W\bin;D:\Program Files\PuTTY\;D:\Program Files\Maven\apache-maven-3.9.6\bin;D:\Program Files\Vim\vim91;D:\Program Files\LLVM\bin;C:\Program Files\MySQL\MySQL Shell 8.0\bin\;C:\Users\1t4y.ae\AppData\Local\Microsoft\WindowsApps;D:\Software\Visual Studio Code\Microsoft VS Code\bin;D:\Software\GitHubDesktop\bin;C:\Users\1t4y.ae\.dotnet\tools;D:\Software\IntelliJ IDEA Community Edition 2020.2.3\bin;C:\Users\1t4y.ae\.dotnet\tools;C:\Users\1t4y.ae\AppData\Local\Microsoft\WindowsApps;D:\Software\MinGW-W\bin;D:\AppData\Programs\Python\Python39;D:\AppData\Programs\Python\Python39\Scripts;D:\AppData\Programs\php-8.1.11;D:\Program Files\OpenSSL-Win64\bin;D:\AppData\Roaming\npm;D:\Users\1t4y.ae\AppData\Local\Google\Cloud SDK\google-cloud-sdk\bin;D:\Coding\C\sls\bin;C:\Users\1t4y.ae\.bun\bin;D:\Coding\Javascript\Compilers\cc\bin;
USERNAME=Itay
OS=Windows_NT
PROCESSOR_IDENTIFIER=Intel64 Family 6 Model 158 Stepping 10, GenuineIntel



---------------  S Y S T E M  ---------------

OS:
 Windows 10 , 64 bit Build 19041 (10.0.19041.3636)
OS uptime: 0 days 10:49 hours
Hyper-V role detected

CPU: total 6 (initial active 6) (6 cores per cpu, 1 threads per core) family 6 model 158 stepping 10 microcode 0xb4, cx8, cmov, fxsr, mmx, 3dnowpref, sse, sse2, sse3, ssse3, sse4.1, sse4.2, popcnt, lzcnt, tsc, tscinvbit, avx, avx2, aes, erms, clmul, bmi1, bmi2, adx, fma, vzeroupper, clflush, clflushopt, hv

Memory: 4k page, system-wide physical 16283M (6436M free)
TotalPageFile size 22544M (AvailPageFile size 51M)
current process WorkingSet (physical memory assigned to process): 106M, peak: 106M
current process commit charge ("private bytes"): 217M, peak: 217M

vm_info: Java HotSpot(TM) 64-Bit Server VM (18+36-2087) for windows-amd64 JRE (18+36-2087), built on Feb 15 2022 09:43:11 by "mach5one" with MS VC++ 16.8 / 16.9 (VS2019)

END.
